Copyright 1986-2022 Xilinx, Inc. All Rights Reserved. Copyright 2022-2024 Advanced Micro Devices, Inc. All Rights Reserved.
---------------------------------------------------------------------------------------------------------------------------------------------------------------------------------------------------------------------------------
| Tool Version : Vivado v.2024.2 (win64) Build 5239630 Fri Nov 08 22:35:27 MST 2024
| Date         : Wed Jun  4 18:06:14 2025
| Host         : DESKTOP-8L9PMU5 running 64-bit major release  (build 9200)
| Command      : report_timing_summary -max_paths 10 -report_unconstrained -file bd_0_wrapper_timing_summary_routed.rpt -pb bd_0_wrapper_timing_summary_routed.pb -rpx bd_0_wrapper_timing_summary_routed.rpx -warn_on_violation
| Design       : bd_0_wrapper
| Device       : 7z007s-clg400
| Speed File   : -1  PRODUCTION 1.12 2019-11-22
| Design State : Routed
---------------------------------------------------------------------------------------------------------------------------------------------------------------------------------------------------------------------------------

Timing Summary Report

------------------------------------------------------------------------------------------------
| Timer Settings
| --------------
------------------------------------------------------------------------------------------------

  Enable Multi Corner Analysis               :  Yes
  Enable Pessimism Removal                   :  Yes
  Pessimism Removal Resolution               :  Nearest Common Node
  Enable Input Delay Default Clock           :  No
  Enable Preset / Clear Arcs                 :  No
  Disable Flight Delays                      :  No
  Ignore I/O Paths                           :  No
  Timing Early Launch at Borrowing Latches   :  No
  Borrow Time for Max Delay Exceptions       :  Yes
  Merge Timing Exceptions                    :  Yes
  Inter-SLR Compensation                     :  Conservative

  Corner  Analyze    Analyze    
  Name    Max Paths  Min Paths  
  ------  ---------  ---------  
  Slow    Yes        Yes        
  Fast    Yes        Yes        


------------------------------------------------------------------------------------------------
| Report Methodology
| ------------------
------------------------------------------------------------------------------------------------

No report available as report_methodology has not been run prior. Run report_methodology on the current design for the summary of methodology violations.



check_timing report

Table of Contents
-----------------
1. checking no_clock (0)
2. checking constant_clock (0)
3. checking pulse_width_clock (0)
4. checking unconstrained_internal_endpoints (0)
5. checking no_input_delay (0)
6. checking no_output_delay (0)
7. checking multiple_clock (0)
8. checking generated_clocks (0)
9. checking loops (0)
10. checking partial_input_delay (130)
11. checking partial_output_delay (0)
12. checking latch_loops (0)

1. checking no_clock (0)
------------------------
 There are 0 register/latch pins with no clock.


2. checking constant_clock (0)
------------------------------
 There are 0 register/latch pins with constant_clock.


3. checking pulse_width_clock (0)
---------------------------------
 There are 0 register/latch pins which need pulse_width check


4. checking unconstrained_internal_endpoints (0)
------------------------------------------------
 There are 0 pins that are not constrained for maximum delay.

 There are 0 pins that are not constrained for maximum delay due to constant clock.


5. checking no_input_delay (0)
------------------------------
 There are 0 input ports with no input delay specified.

 There are 0 input ports with no input delay but user has a false path constraint.


6. checking no_output_delay (0)
-------------------------------
 There are 0 ports with no output delay specified.

 There are 0 ports with no output delay but user has a false path constraint

 There are 0 ports with no output delay but with a timing clock defined on it or propagating through it


7. checking multiple_clock (0)
------------------------------
 There are 0 register/latch pins with multiple clocks.


8. checking generated_clocks (0)
--------------------------------
 There are 0 generated clocks that are not connected to a clock source.


9. checking loops (0)
---------------------
 There are 0 combinational loops in the design.


10. checking partial_input_delay (130)
--------------------------------------
 There are 130 input ports with partial input delay specified. (HIGH)


11. checking partial_output_delay (0)
-------------------------------------
 There are 0 ports with partial output delay specified.


12. checking latch_loops (0)
----------------------------
 There are 0 combinational latch loops in the design through latch input



------------------------------------------------------------------------------------------------
| Design Timing Summary
| ---------------------
------------------------------------------------------------------------------------------------

    WNS(ns)      TNS(ns)  TNS Failing Endpoints  TNS Total Endpoints      WHS(ns)      THS(ns)  THS Failing Endpoints  THS Total Endpoints     WPWS(ns)     TPWS(ns)  TPWS Failing Endpoints  TPWS Total Endpoints  
    -------      -------  ---------------------  -------------------      -------      -------  ---------------------  -------------------     --------     --------  ----------------------  --------------------  
      6.361        0.000                      0                   68          inf        0.000                      0                   68           NA           NA                      NA                    NA  


All user specified timing constraints are met.


------------------------------------------------------------------------------------------------
| Clock Summary
| -------------
------------------------------------------------------------------------------------------------


------------------------------------------------------------------------------------------------
| Intra Clock Table
| -----------------
------------------------------------------------------------------------------------------------

Clock             WNS(ns)      TNS(ns)  TNS Failing Endpoints  TNS Total Endpoints      WHS(ns)      THS(ns)  THS Failing Endpoints  THS Total Endpoints     WPWS(ns)     TPWS(ns)  TPWS Failing Endpoints  TPWS Total Endpoints  
-----             -------      -------  ---------------------  -------------------      -------      -------  ---------------------  -------------------     --------     --------  ----------------------  --------------------  


------------------------------------------------------------------------------------------------
| Inter Clock Table
| -----------------
------------------------------------------------------------------------------------------------

From Clock    To Clock          WNS(ns)      TNS(ns)  TNS Failing Endpoints  TNS Total Endpoints      WHS(ns)      THS(ns)  THS Failing Endpoints  THS Total Endpoints  
----------    --------          -------      -------  ---------------------  -------------------      -------      -------  ---------------------  -------------------  


------------------------------------------------------------------------------------------------
| Other Path Groups Table
| -----------------------
------------------------------------------------------------------------------------------------

Path Group        From Clock        To Clock              WNS(ns)      TNS(ns)  TNS Failing Endpoints  TNS Total Endpoints      WHS(ns)      THS(ns)  THS Failing Endpoints  THS Total Endpoints  
----------        ----------        --------              -------      -------  ---------------------  -------------------      -------      -------  ---------------------  -------------------  
**default**       input port clock                          6.361        0.000                      0                   68                                                                        


------------------------------------------------------------------------------------------------
| User Ignored Path Table
| -----------------------
------------------------------------------------------------------------------------------------

Path Group    From Clock    To Clock    
----------    ----------    --------    


------------------------------------------------------------------------------------------------
| Unconstrained Path Table
| ------------------------
------------------------------------------------------------------------------------------------

Path Group    From Clock    To Clock    
----------    ----------    --------    
(none)                                    


------------------------------------------------------------------------------------------------
| Timing Details
| --------------
------------------------------------------------------------------------------------------------


---------------------------------------------------------------------------------------------------
Path Group:  **default**
From Clock:  input port clock
  To Clock:  

Setup :            0  Failing Endpoints,  Worst Slack        6.361ns,  Total Violation        0.000ns
Hold  :           NA  Failing Endpoints,  Worst Slack           NA  ,  Total Violation           NA
---------------------------------------------------------------------------------------------------


Max Delay Paths
--------------------------------------------------------------------------------------
Slack (MET) :             6.361ns  (required time - arrival time)
  Source:                 input_a_soma[1]
                            (input port)
  Destination:            output_soma[29]
  Path Group:             **default**
  Path Type:              Max at Slow Process Corner
  Requirement:            10.000ns  (MaxDelay Path 10.000ns)
  Data Path Delay:        3.639ns  (logic 1.692ns (46.500%)  route 1.947ns (53.500%))
  Logic Levels:           9  (CARRY4=8 LUT2=1)
  Output Delay:           0.000ns
  Timing Exception:       MaxDelay Path 10.000ns

    Location             Delay type                Incr(ns)  Path(ns)    Netlist Resource(s)
  -------------------------------------------------------------------    -------------------
                                                      0.000     0.000 r  input_a_soma[1] (IN)
                         net (fo=0)                   0.973     0.973    bd_0_i/hls_inst/inst/input_a_soma[1]
    SLICE_X26Y48         LUT2 (Prop_lut2_I1_O)        0.124     1.097 r  bd_0_i/hls_inst/inst/output_soma[0]_INST_0_i_3/O
                         net (fo=1, routed)           0.000     1.097    bd_0_i/hls_inst/inst/output_soma[0]_INST_0_i_3_n_0
    SLICE_X26Y48         CARRY4 (Prop_carry4_S[1]_CO[3])
                                                      0.550     1.647 r  bd_0_i/hls_inst/inst/output_soma[0]_INST_0/CO[3]
                         net (fo=1, routed)           0.000     1.647    bd_0_i/hls_inst/inst/output_soma[0]_INST_0_n_0
    SLICE_X26Y49         CARRY4 (Prop_carry4_CI_CO[3])
                                                      0.114     1.761 r  bd_0_i/hls_inst/inst/output_soma[4]_INST_0/CO[3]
                         net (fo=1, routed)           0.001     1.762    bd_0_i/hls_inst/inst/output_soma[4]_INST_0_n_0
    SLICE_X26Y50         CARRY4 (Prop_carry4_CI_CO[3])
                                                      0.114     1.876 r  bd_0_i/hls_inst/inst/output_soma[8]_INST_0/CO[3]
                         net (fo=1, routed)           0.000     1.876    bd_0_i/hls_inst/inst/output_soma[8]_INST_0_n_0
    SLICE_X26Y51         CARRY4 (Prop_carry4_CI_CO[3])
                                                      0.114     1.990 r  bd_0_i/hls_inst/inst/output_soma[12]_INST_0/CO[3]
                         net (fo=1, routed)           0.000     1.990    bd_0_i/hls_inst/inst/output_soma[12]_INST_0_n_0
    SLICE_X26Y52         CARRY4 (Prop_carry4_CI_CO[3])
                                                      0.114     2.104 r  bd_0_i/hls_inst/inst/output_soma[16]_INST_0/CO[3]
                         net (fo=1, routed)           0.000     2.104    bd_0_i/hls_inst/inst/output_soma[16]_INST_0_n_0
    SLICE_X26Y53         CARRY4 (Prop_carry4_CI_CO[3])
                                                      0.114     2.218 r  bd_0_i/hls_inst/inst/output_soma[20]_INST_0/CO[3]
                         net (fo=1, routed)           0.000     2.218    bd_0_i/hls_inst/inst/output_soma[20]_INST_0_n_0
    SLICE_X26Y54         CARRY4 (Prop_carry4_CI_CO[3])
                                                      0.114     2.332 r  bd_0_i/hls_inst/inst/output_soma[24]_INST_0/CO[3]
                         net (fo=1, routed)           0.000     2.332    bd_0_i/hls_inst/inst/output_soma[24]_INST_0_n_0
    SLICE_X26Y55         CARRY4 (Prop_carry4_CI_O[1])
                                                      0.334     2.666 r  bd_0_i/hls_inst/inst/output_soma[28]_INST_0/O[1]
                         net (fo=0)                   0.973     3.639    output_soma[29]
                                                                      r  output_soma[29] (OUT)
  -------------------------------------------------------------------    -------------------

                         max delay                   10.000    10.000    
                         clock pessimism              0.000    10.000    
                         output delay                -0.000    10.000    
  -------------------------------------------------------------------
                         required time                         10.000    
                         arrival time                          -3.639    
  -------------------------------------------------------------------
                         slack                                  6.361    

Slack (MET) :             6.361ns  (required time - arrival time)
  Source:                 input_b_sub[1]
                            (input port)
  Destination:            output_subtracao[29]
  Path Group:             **default**
  Path Type:              Max at Slow Process Corner
  Requirement:            10.000ns  (MaxDelay Path 10.000ns)
  Data Path Delay:        3.639ns  (logic 1.692ns (46.500%)  route 1.947ns (53.500%))
  Logic Levels:           9  (CARRY4=8 LUT2=1)
  Output Delay:           0.000ns
  Timing Exception:       MaxDelay Path 10.000ns

    Location             Delay type                Incr(ns)  Path(ns)    Netlist Resource(s)
  -------------------------------------------------------------------    -------------------
                                                      0.000     0.000 r  input_b_sub[1] (IN)
                         net (fo=0)                   0.973     0.973    bd_0_i/hls_inst/inst/input_b_sub[1]
    SLICE_X27Y46         LUT2 (Prop_lut2_I1_O)        0.124     1.097 r  bd_0_i/hls_inst/inst/output_subtracao[0]_INST_0_i_3/O
                         net (fo=1, routed)           0.000     1.097    bd_0_i/hls_inst/inst/output_subtracao[0]_INST_0_i_3_n_0
    SLICE_X27Y46         CARRY4 (Prop_carry4_S[1]_CO[3])
                                                      0.550     1.647 r  bd_0_i/hls_inst/inst/output_subtracao[0]_INST_0/CO[3]
                         net (fo=1, routed)           0.000     1.647    bd_0_i/hls_inst/inst/output_subtracao[0]_INST_0_n_0
    SLICE_X27Y47         CARRY4 (Prop_carry4_CI_CO[3])
                                                      0.114     1.761 r  bd_0_i/hls_inst/inst/output_subtracao[4]_INST_0/CO[3]
                         net (fo=1, routed)           0.000     1.761    bd_0_i/hls_inst/inst/output_subtracao[4]_INST_0_n_0
    SLICE_X27Y48         CARRY4 (Prop_carry4_CI_CO[3])
                                                      0.114     1.875 r  bd_0_i/hls_inst/inst/output_subtracao[8]_INST_0/CO[3]
                         net (fo=1, routed)           0.000     1.875    bd_0_i/hls_inst/inst/output_subtracao[8]_INST_0_n_0
    SLICE_X27Y49         CARRY4 (Prop_carry4_CI_CO[3])
                                                      0.114     1.989 r  bd_0_i/hls_inst/inst/output_subtracao[12]_INST_0/CO[3]
                         net (fo=1, routed)           0.001     1.990    bd_0_i/hls_inst/inst/output_subtracao[12]_INST_0_n_0
    SLICE_X27Y50         CARRY4 (Prop_carry4_CI_CO[3])
                                                      0.114     2.104 r  bd_0_i/hls_inst/inst/output_subtracao[16]_INST_0/CO[3]
                         net (fo=1, routed)           0.000     2.104    bd_0_i/hls_inst/inst/output_subtracao[16]_INST_0_n_0
    SLICE_X27Y51         CARRY4 (Prop_carry4_CI_CO[3])
                                                      0.114     2.218 r  bd_0_i/hls_inst/inst/output_subtracao[20]_INST_0/CO[3]
                         net (fo=1, routed)           0.000     2.218    bd_0_i/hls_inst/inst/output_subtracao[20]_INST_0_n_0
    SLICE_X27Y52         CARRY4 (Prop_carry4_CI_CO[3])
                                                      0.114     2.332 r  bd_0_i/hls_inst/inst/output_subtracao[24]_INST_0/CO[3]
                         net (fo=1, routed)           0.000     2.332    bd_0_i/hls_inst/inst/output_subtracao[24]_INST_0_n_0
    SLICE_X27Y53         CARRY4 (Prop_carry4_CI_O[1])
                                                      0.334     2.666 r  bd_0_i/hls_inst/inst/output_subtracao[28]_INST_0/O[1]
                         net (fo=0)                   0.973     3.639    output_subtracao[29]
                                                                      r  output_subtracao[29] (OUT)
  -------------------------------------------------------------------    -------------------

                         max delay                   10.000    10.000    
                         clock pessimism              0.000    10.000    
                         output delay                -0.000    10.000    
  -------------------------------------------------------------------
                         required time                         10.000    
                         arrival time                          -3.639    
  -------------------------------------------------------------------
                         slack                                  6.361    

Slack (MET) :             6.382ns  (required time - arrival time)
  Source:                 input_b_sub[1]
                            (input port)
  Destination:            output_subtracao[31]
  Path Group:             **default**
  Path Type:              Max at Slow Process Corner
  Requirement:            10.000ns  (MaxDelay Path 10.000ns)
  Data Path Delay:        3.618ns  (logic 1.671ns (46.190%)  route 1.947ns (53.810%))
  Logic Levels:           9  (CARRY4=8 LUT2=1)
  Output Delay:           0.000ns
  Timing Exception:       MaxDelay Path 10.000ns

    Location             Delay type                Incr(ns)  Path(ns)    Netlist Resource(s)
  -------------------------------------------------------------------    -------------------
                                                      0.000     0.000 r  input_b_sub[1] (IN)
                         net (fo=0)                   0.973     0.973    bd_0_i/hls_inst/inst/input_b_sub[1]
    SLICE_X27Y46         LUT2 (Prop_lut2_I1_O)        0.124     1.097 r  bd_0_i/hls_inst/inst/output_subtracao[0]_INST_0_i_3/O
                         net (fo=1, routed)           0.000     1.097    bd_0_i/hls_inst/inst/output_subtracao[0]_INST_0_i_3_n_0
    SLICE_X27Y46         CARRY4 (Prop_carry4_S[1]_CO[3])
                                                      0.550     1.647 r  bd_0_i/hls_inst/inst/output_subtracao[0]_INST_0/CO[3]
                         net (fo=1, routed)           0.000     1.647    bd_0_i/hls_inst/inst/output_subtracao[0]_INST_0_n_0
    SLICE_X27Y47         CARRY4 (Prop_carry4_CI_CO[3])
                                                      0.114     1.761 r  bd_0_i/hls_inst/inst/output_subtracao[4]_INST_0/CO[3]
                         net (fo=1, routed)           0.000     1.761    bd_0_i/hls_inst/inst/output_subtracao[4]_INST_0_n_0
    SLICE_X27Y48         CARRY4 (Prop_carry4_CI_CO[3])
                                                      0.114     1.875 r  bd_0_i/hls_inst/inst/output_subtracao[8]_INST_0/CO[3]
                         net (fo=1, routed)           0.000     1.875    bd_0_i/hls_inst/inst/output_subtracao[8]_INST_0_n_0
    SLICE_X27Y49         CARRY4 (Prop_carry4_CI_CO[3])
                                                      0.114     1.989 r  bd_0_i/hls_inst/inst/output_subtracao[12]_INST_0/CO[3]
                         net (fo=1, routed)           0.001     1.990    bd_0_i/hls_inst/inst/output_subtracao[12]_INST_0_n_0
    SLICE_X27Y50         CARRY4 (Prop_carry4_CI_CO[3])
                                                      0.114     2.104 r  bd_0_i/hls_inst/inst/output_subtracao[16]_INST_0/CO[3]
                         net (fo=1, routed)           0.000     2.104    bd_0_i/hls_inst/inst/output_subtracao[16]_INST_0_n_0
    SLICE_X27Y51         CARRY4 (Prop_carry4_CI_CO[3])
                                                      0.114     2.218 r  bd_0_i/hls_inst/inst/output_subtracao[20]_INST_0/CO[3]
                         net (fo=1, routed)           0.000     2.218    bd_0_i/hls_inst/inst/output_subtracao[20]_INST_0_n_0
    SLICE_X27Y52         CARRY4 (Prop_carry4_CI_CO[3])
                                                      0.114     2.332 r  bd_0_i/hls_inst/inst/output_subtracao[24]_INST_0/CO[3]
                         net (fo=1, routed)           0.000     2.332    bd_0_i/hls_inst/inst/output_subtracao[24]_INST_0_n_0
    SLICE_X27Y53         CARRY4 (Prop_carry4_CI_O[3])
                                                      0.313     2.645 r  bd_0_i/hls_inst/inst/output_subtracao[28]_INST_0/O[3]
                         net (fo=0)                   0.973     3.618    output_subtracao[31]
                                                                      r  output_subtracao[31] (OUT)
  -------------------------------------------------------------------    -------------------

                         max delay                   10.000    10.000    
                         clock pessimism              0.000    10.000    
                         output delay                -0.000    10.000    
  -------------------------------------------------------------------
                         required time                         10.000    
                         arrival time                          -3.618    
  -------------------------------------------------------------------
                         slack                                  6.382    

Slack (MET) :             6.382ns  (required time - arrival time)
  Source:                 input_a_soma[1]
                            (input port)
  Destination:            output_soma[31]
  Path Group:             **default**
  Path Type:              Max at Slow Process Corner
  Requirement:            10.000ns  (MaxDelay Path 10.000ns)
  Data Path Delay:        3.618ns  (logic 1.671ns (46.190%)  route 1.947ns (53.810%))
  Logic Levels:           9  (CARRY4=8 LUT2=1)
  Output Delay:           0.000ns
  Timing Exception:       MaxDelay Path 10.000ns

    Location             Delay type                Incr(ns)  Path(ns)    Netlist Resource(s)
  -------------------------------------------------------------------    -------------------
                                                      0.000     0.000 r  input_a_soma[1] (IN)
                         net (fo=0)                   0.973     0.973    bd_0_i/hls_inst/inst/input_a_soma[1]
    SLICE_X26Y48         LUT2 (Prop_lut2_I1_O)        0.124     1.097 r  bd_0_i/hls_inst/inst/output_soma[0]_INST_0_i_3/O
                         net (fo=1, routed)           0.000     1.097    bd_0_i/hls_inst/inst/output_soma[0]_INST_0_i_3_n_0
    SLICE_X26Y48         CARRY4 (Prop_carry4_S[1]_CO[3])
                                                      0.550     1.647 r  bd_0_i/hls_inst/inst/output_soma[0]_INST_0/CO[3]
                         net (fo=1, routed)           0.000     1.647    bd_0_i/hls_inst/inst/output_soma[0]_INST_0_n_0
    SLICE_X26Y49         CARRY4 (Prop_carry4_CI_CO[3])
                                                      0.114     1.761 r  bd_0_i/hls_inst/inst/output_soma[4]_INST_0/CO[3]
                         net (fo=1, routed)           0.001     1.762    bd_0_i/hls_inst/inst/output_soma[4]_INST_0_n_0
    SLICE_X26Y50         CARRY4 (Prop_carry4_CI_CO[3])
                                                      0.114     1.876 r  bd_0_i/hls_inst/inst/output_soma[8]_INST_0/CO[3]
                         net (fo=1, routed)           0.000     1.876    bd_0_i/hls_inst/inst/output_soma[8]_INST_0_n_0
    SLICE_X26Y51         CARRY4 (Prop_carry4_CI_CO[3])
                                                      0.114     1.990 r  bd_0_i/hls_inst/inst/output_soma[12]_INST_0/CO[3]
                         net (fo=1, routed)           0.000     1.990    bd_0_i/hls_inst/inst/output_soma[12]_INST_0_n_0
    SLICE_X26Y52         CARRY4 (Prop_carry4_CI_CO[3])
                                                      0.114     2.104 r  bd_0_i/hls_inst/inst/output_soma[16]_INST_0/CO[3]
                         net (fo=1, routed)           0.000     2.104    bd_0_i/hls_inst/inst/output_soma[16]_INST_0_n_0
    SLICE_X26Y53         CARRY4 (Prop_carry4_CI_CO[3])
                                                      0.114     2.218 r  bd_0_i/hls_inst/inst/output_soma[20]_INST_0/CO[3]
                         net (fo=1, routed)           0.000     2.218    bd_0_i/hls_inst/inst/output_soma[20]_INST_0_n_0
    SLICE_X26Y54         CARRY4 (Prop_carry4_CI_CO[3])
                                                      0.114     2.332 r  bd_0_i/hls_inst/inst/output_soma[24]_INST_0/CO[3]
                         net (fo=1, routed)           0.000     2.332    bd_0_i/hls_inst/inst/output_soma[24]_INST_0_n_0
    SLICE_X26Y55         CARRY4 (Prop_carry4_CI_O[3])
                                                      0.313     2.645 r  bd_0_i/hls_inst/inst/output_soma[28]_INST_0/O[3]
                         net (fo=0)                   0.973     3.618    output_soma[31]
                                                                      r  output_soma[31] (OUT)
  -------------------------------------------------------------------    -------------------

                         max delay                   10.000    10.000    
                         clock pessimism              0.000    10.000    
                         output delay                -0.000    10.000    
  -------------------------------------------------------------------
                         required time                         10.000    
                         arrival time                          -3.618    
  -------------------------------------------------------------------
                         slack                                  6.382    

Slack (MET) :             6.456ns  (required time - arrival time)
  Source:                 input_a_soma[1]
                            (input port)
  Destination:            output_soma[30]
  Path Group:             **default**
  Path Type:              Max at Slow Process Corner
  Requirement:            10.000ns  (MaxDelay Path 10.000ns)
  Data Path Delay:        3.544ns  (logic 1.597ns (45.066%)  route 1.947ns (54.934%))
  Logic Levels:           9  (CARRY4=8 LUT2=1)
  Output Delay:           0.000ns
  Timing Exception:       MaxDelay Path 10.000ns

    Location             Delay type                Incr(ns)  Path(ns)    Netlist Resource(s)
  -------------------------------------------------------------------    -------------------
                                                      0.000     0.000 r  input_a_soma[1] (IN)
                         net (fo=0)                   0.973     0.973    bd_0_i/hls_inst/inst/input_a_soma[1]
    SLICE_X26Y48         LUT2 (Prop_lut2_I1_O)        0.124     1.097 r  bd_0_i/hls_inst/inst/output_soma[0]_INST_0_i_3/O
                         net (fo=1, routed)           0.000     1.097    bd_0_i/hls_inst/inst/output_soma[0]_INST_0_i_3_n_0
    SLICE_X26Y48         CARRY4 (Prop_carry4_S[1]_CO[3])
                                                      0.550     1.647 r  bd_0_i/hls_inst/inst/output_soma[0]_INST_0/CO[3]
                         net (fo=1, routed)           0.000     1.647    bd_0_i/hls_inst/inst/output_soma[0]_INST_0_n_0
    SLICE_X26Y49         CARRY4 (Prop_carry4_CI_CO[3])
                                                      0.114     1.761 r  bd_0_i/hls_inst/inst/output_soma[4]_INST_0/CO[3]
                         net (fo=1, routed)           0.001     1.762    bd_0_i/hls_inst/inst/output_soma[4]_INST_0_n_0
    SLICE_X26Y50         CARRY4 (Prop_carry4_CI_CO[3])
                                                      0.114     1.876 r  bd_0_i/hls_inst/inst/output_soma[8]_INST_0/CO[3]
                         net (fo=1, routed)           0.000     1.876    bd_0_i/hls_inst/inst/output_soma[8]_INST_0_n_0
    SLICE_X26Y51         CARRY4 (Prop_carry4_CI_CO[3])
                                                      0.114     1.990 r  bd_0_i/hls_inst/inst/output_soma[12]_INST_0/CO[3]
                         net (fo=1, routed)           0.000     1.990    bd_0_i/hls_inst/inst/output_soma[12]_INST_0_n_0
    SLICE_X26Y52         CARRY4 (Prop_carry4_CI_CO[3])
                                                      0.114     2.104 r  bd_0_i/hls_inst/inst/output_soma[16]_INST_0/CO[3]
                         net (fo=1, routed)           0.000     2.104    bd_0_i/hls_inst/inst/output_soma[16]_INST_0_n_0
    SLICE_X26Y53         CARRY4 (Prop_carry4_CI_CO[3])
                                                      0.114     2.218 r  bd_0_i/hls_inst/inst/output_soma[20]_INST_0/CO[3]
                         net (fo=1, routed)           0.000     2.218    bd_0_i/hls_inst/inst/output_soma[20]_INST_0_n_0
    SLICE_X26Y54         CARRY4 (Prop_carry4_CI_CO[3])
                                                      0.114     2.332 r  bd_0_i/hls_inst/inst/output_soma[24]_INST_0/CO[3]
                         net (fo=1, routed)           0.000     2.332    bd_0_i/hls_inst/inst/output_soma[24]_INST_0_n_0
    SLICE_X26Y55         CARRY4 (Prop_carry4_CI_O[2])
                                                      0.239     2.571 r  bd_0_i/hls_inst/inst/output_soma[28]_INST_0/O[2]
                         net (fo=0)                   0.973     3.544    output_soma[30]
                                                                      r  output_soma[30] (OUT)
  -------------------------------------------------------------------    -------------------

                         max delay                   10.000    10.000    
                         clock pessimism              0.000    10.000    
                         output delay                -0.000    10.000    
  -------------------------------------------------------------------
                         required time                         10.000    
                         arrival time                          -3.544    
  -------------------------------------------------------------------
                         slack                                  6.456    

Slack (MET) :             6.456ns  (required time - arrival time)
  Source:                 input_b_sub[1]
                            (input port)
  Destination:            output_subtracao[30]
  Path Group:             **default**
  Path Type:              Max at Slow Process Corner
  Requirement:            10.000ns  (MaxDelay Path 10.000ns)
  Data Path Delay:        3.544ns  (logic 1.597ns (45.066%)  route 1.947ns (54.934%))
  Logic Levels:           9  (CARRY4=8 LUT2=1)
  Output Delay:           0.000ns
  Timing Exception:       MaxDelay Path 10.000ns

    Location             Delay type                Incr(ns)  Path(ns)    Netlist Resource(s)
  -------------------------------------------------------------------    -------------------
                                                      0.000     0.000 r  input_b_sub[1] (IN)
                         net (fo=0)                   0.973     0.973    bd_0_i/hls_inst/inst/input_b_sub[1]
    SLICE_X27Y46         LUT2 (Prop_lut2_I1_O)        0.124     1.097 r  bd_0_i/hls_inst/inst/output_subtracao[0]_INST_0_i_3/O
                         net (fo=1, routed)           0.000     1.097    bd_0_i/hls_inst/inst/output_subtracao[0]_INST_0_i_3_n_0
    SLICE_X27Y46         CARRY4 (Prop_carry4_S[1]_CO[3])
                                                      0.550     1.647 r  bd_0_i/hls_inst/inst/output_subtracao[0]_INST_0/CO[3]
                         net (fo=1, routed)           0.000     1.647    bd_0_i/hls_inst/inst/output_subtracao[0]_INST_0_n_0
    SLICE_X27Y47         CARRY4 (Prop_carry4_CI_CO[3])
                                                      0.114     1.761 r  bd_0_i/hls_inst/inst/output_subtracao[4]_INST_0/CO[3]
                         net (fo=1, routed)           0.000     1.761    bd_0_i/hls_inst/inst/output_subtracao[4]_INST_0_n_0
    SLICE_X27Y48         CARRY4 (Prop_carry4_CI_CO[3])
                                                      0.114     1.875 r  bd_0_i/hls_inst/inst/output_subtracao[8]_INST_0/CO[3]
                         net (fo=1, routed)           0.000     1.875    bd_0_i/hls_inst/inst/output_subtracao[8]_INST_0_n_0
    SLICE_X27Y49         CARRY4 (Prop_carry4_CI_CO[3])
                                                      0.114     1.989 r  bd_0_i/hls_inst/inst/output_subtracao[12]_INST_0/CO[3]
                         net (fo=1, routed)           0.001     1.990    bd_0_i/hls_inst/inst/output_subtracao[12]_INST_0_n_0
    SLICE_X27Y50         CARRY4 (Prop_carry4_CI_CO[3])
                                                      0.114     2.104 r  bd_0_i/hls_inst/inst/output_subtracao[16]_INST_0/CO[3]
                         net (fo=1, routed)           0.000     2.104    bd_0_i/hls_inst/inst/output_subtracao[16]_INST_0_n_0
    SLICE_X27Y51         CARRY4 (Prop_carry4_CI_CO[3])
                                                      0.114     2.218 r  bd_0_i/hls_inst/inst/output_subtracao[20]_INST_0/CO[3]
                         net (fo=1, routed)           0.000     2.218    bd_0_i/hls_inst/inst/output_subtracao[20]_INST_0_n_0
    SLICE_X27Y52         CARRY4 (Prop_carry4_CI_CO[3])
                                                      0.114     2.332 r  bd_0_i/hls_inst/inst/output_subtracao[24]_INST_0/CO[3]
                         net (fo=1, routed)           0.000     2.332    bd_0_i/hls_inst/inst/output_subtracao[24]_INST_0_n_0
    SLICE_X27Y53         CARRY4 (Prop_carry4_CI_O[2])
                                                      0.239     2.571 r  bd_0_i/hls_inst/inst/output_subtracao[28]_INST_0/O[2]
                         net (fo=0)                   0.973     3.544    output_subtracao[30]
                                                                      r  output_subtracao[30] (OUT)
  -------------------------------------------------------------------    -------------------

                         max delay                   10.000    10.000    
                         clock pessimism              0.000    10.000    
                         output delay                -0.000    10.000    
  -------------------------------------------------------------------
                         required time                         10.000    
                         arrival time                          -3.544    
  -------------------------------------------------------------------
                         slack                                  6.456    

Slack (MET) :             6.473ns  (required time - arrival time)
  Source:                 input_b_sub[1]
                            (input port)
  Destination:            output_subtracao[28]
  Path Group:             **default**
  Path Type:              Max at Slow Process Corner
  Requirement:            10.000ns  (MaxDelay Path 10.000ns)
  Data Path Delay:        3.527ns  (logic 1.580ns (44.801%)  route 1.947ns (55.199%))
  Logic Levels:           9  (CARRY4=8 LUT2=1)
  Output Delay:           0.000ns
  Timing Exception:       MaxDelay Path 10.000ns

    Location             Delay type                Incr(ns)  Path(ns)    Netlist Resource(s)
  -------------------------------------------------------------------    -------------------
                                                      0.000     0.000 r  input_b_sub[1] (IN)
                         net (fo=0)                   0.973     0.973    bd_0_i/hls_inst/inst/input_b_sub[1]
    SLICE_X27Y46         LUT2 (Prop_lut2_I1_O)        0.124     1.097 r  bd_0_i/hls_inst/inst/output_subtracao[0]_INST_0_i_3/O
                         net (fo=1, routed)           0.000     1.097    bd_0_i/hls_inst/inst/output_subtracao[0]_INST_0_i_3_n_0
    SLICE_X27Y46         CARRY4 (Prop_carry4_S[1]_CO[3])
                                                      0.550     1.647 r  bd_0_i/hls_inst/inst/output_subtracao[0]_INST_0/CO[3]
                         net (fo=1, routed)           0.000     1.647    bd_0_i/hls_inst/inst/output_subtracao[0]_INST_0_n_0
    SLICE_X27Y47         CARRY4 (Prop_carry4_CI_CO[3])
                                                      0.114     1.761 r  bd_0_i/hls_inst/inst/output_subtracao[4]_INST_0/CO[3]
                         net (fo=1, routed)           0.000     1.761    bd_0_i/hls_inst/inst/output_subtracao[4]_INST_0_n_0
    SLICE_X27Y48         CARRY4 (Prop_carry4_CI_CO[3])
                                                      0.114     1.875 r  bd_0_i/hls_inst/inst/output_subtracao[8]_INST_0/CO[3]
                         net (fo=1, routed)           0.000     1.875    bd_0_i/hls_inst/inst/output_subtracao[8]_INST_0_n_0
    SLICE_X27Y49         CARRY4 (Prop_carry4_CI_CO[3])
                                                      0.114     1.989 r  bd_0_i/hls_inst/inst/output_subtracao[12]_INST_0/CO[3]
                         net (fo=1, routed)           0.001     1.990    bd_0_i/hls_inst/inst/output_subtracao[12]_INST_0_n_0
    SLICE_X27Y50         CARRY4 (Prop_carry4_CI_CO[3])
                                                      0.114     2.104 r  bd_0_i/hls_inst/inst/output_subtracao[16]_INST_0/CO[3]
                         net (fo=1, routed)           0.000     2.104    bd_0_i/hls_inst/inst/output_subtracao[16]_INST_0_n_0
    SLICE_X27Y51         CARRY4 (Prop_carry4_CI_CO[3])
                                                      0.114     2.218 r  bd_0_i/hls_inst/inst/output_subtracao[20]_INST_0/CO[3]
                         net (fo=1, routed)           0.000     2.218    bd_0_i/hls_inst/inst/output_subtracao[20]_INST_0_n_0
    SLICE_X27Y52         CARRY4 (Prop_carry4_CI_CO[3])
                                                      0.114     2.332 r  bd_0_i/hls_inst/inst/output_subtracao[24]_INST_0/CO[3]
                         net (fo=1, routed)           0.000     2.332    bd_0_i/hls_inst/inst/output_subtracao[24]_INST_0_n_0
    SLICE_X27Y53         CARRY4 (Prop_carry4_CI_O[0])
                                                      0.222     2.554 r  bd_0_i/hls_inst/inst/output_subtracao[28]_INST_0/O[0]
                         net (fo=0)                   0.973     3.527    output_subtracao[28]
                                                                      r  output_subtracao[28] (OUT)
  -------------------------------------------------------------------    -------------------

                         max delay                   10.000    10.000    
                         clock pessimism              0.000    10.000    
                         output delay                -0.000    10.000    
  -------------------------------------------------------------------
                         required time                         10.000    
                         arrival time                          -3.527    
  -------------------------------------------------------------------
                         slack                                  6.473    

Slack (MET) :             6.473ns  (required time - arrival time)
  Source:                 input_a_soma[1]
                            (input port)
  Destination:            output_soma[28]
  Path Group:             **default**
  Path Type:              Max at Slow Process Corner
  Requirement:            10.000ns  (MaxDelay Path 10.000ns)
  Data Path Delay:        3.527ns  (logic 1.580ns (44.801%)  route 1.947ns (55.199%))
  Logic Levels:           9  (CARRY4=8 LUT2=1)
  Output Delay:           0.000ns
  Timing Exception:       MaxDelay Path 10.000ns

    Location             Delay type                Incr(ns)  Path(ns)    Netlist Resource(s)
  -------------------------------------------------------------------    -------------------
                                                      0.000     0.000 r  input_a_soma[1] (IN)
                         net (fo=0)                   0.973     0.973    bd_0_i/hls_inst/inst/input_a_soma[1]
    SLICE_X26Y48         LUT2 (Prop_lut2_I1_O)        0.124     1.097 r  bd_0_i/hls_inst/inst/output_soma[0]_INST_0_i_3/O
                         net (fo=1, routed)           0.000     1.097    bd_0_i/hls_inst/inst/output_soma[0]_INST_0_i_3_n_0
    SLICE_X26Y48         CARRY4 (Prop_carry4_S[1]_CO[3])
                                                      0.550     1.647 r  bd_0_i/hls_inst/inst/output_soma[0]_INST_0/CO[3]
                         net (fo=1, routed)           0.000     1.647    bd_0_i/hls_inst/inst/output_soma[0]_INST_0_n_0
    SLICE_X26Y49         CARRY4 (Prop_carry4_CI_CO[3])
                                                      0.114     1.761 r  bd_0_i/hls_inst/inst/output_soma[4]_INST_0/CO[3]
                         net (fo=1, routed)           0.001     1.762    bd_0_i/hls_inst/inst/output_soma[4]_INST_0_n_0
    SLICE_X26Y50         CARRY4 (Prop_carry4_CI_CO[3])
                                                      0.114     1.876 r  bd_0_i/hls_inst/inst/output_soma[8]_INST_0/CO[3]
                         net (fo=1, routed)           0.000     1.876    bd_0_i/hls_inst/inst/output_soma[8]_INST_0_n_0
    SLICE_X26Y51         CARRY4 (Prop_carry4_CI_CO[3])
                                                      0.114     1.990 r  bd_0_i/hls_inst/inst/output_soma[12]_INST_0/CO[3]
                         net (fo=1, routed)           0.000     1.990    bd_0_i/hls_inst/inst/output_soma[12]_INST_0_n_0
    SLICE_X26Y52         CARRY4 (Prop_carry4_CI_CO[3])
                                                      0.114     2.104 r  bd_0_i/hls_inst/inst/output_soma[16]_INST_0/CO[3]
                         net (fo=1, routed)           0.000     2.104    bd_0_i/hls_inst/inst/output_soma[16]_INST_0_n_0
    SLICE_X26Y53         CARRY4 (Prop_carry4_CI_CO[3])
                                                      0.114     2.218 r  bd_0_i/hls_inst/inst/output_soma[20]_INST_0/CO[3]
                         net (fo=1, routed)           0.000     2.218    bd_0_i/hls_inst/inst/output_soma[20]_INST_0_n_0
    SLICE_X26Y54         CARRY4 (Prop_carry4_CI_CO[3])
                                                      0.114     2.332 r  bd_0_i/hls_inst/inst/output_soma[24]_INST_0/CO[3]
                         net (fo=1, routed)           0.000     2.332    bd_0_i/hls_inst/inst/output_soma[24]_INST_0_n_0
    SLICE_X26Y55         CARRY4 (Prop_carry4_CI_O[0])
                                                      0.222     2.554 r  bd_0_i/hls_inst/inst/output_soma[28]_INST_0/O[0]
                         net (fo=0)                   0.973     3.527    output_soma[28]
                                                                      r  output_soma[28] (OUT)
  -------------------------------------------------------------------    -------------------

                         max delay                   10.000    10.000    
                         clock pessimism              0.000    10.000    
                         output delay                -0.000    10.000    
  -------------------------------------------------------------------
                         required time                         10.000    
                         arrival time                          -3.527    
  -------------------------------------------------------------------
                         slack                                  6.473    

Slack (MET) :             6.475ns  (required time - arrival time)
  Source:                 input_a_soma[1]
                            (input port)
  Destination:            output_soma[25]
  Path Group:             **default**
  Path Type:              Max at Slow Process Corner
  Requirement:            10.000ns  (MaxDelay Path 10.000ns)
  Data Path Delay:        3.525ns  (logic 1.578ns (44.770%)  route 1.947ns (55.230%))
  Logic Levels:           8  (CARRY4=7 LUT2=1)
  Output Delay:           0.000ns
  Timing Exception:       MaxDelay Path 10.000ns

    Location             Delay type                Incr(ns)  Path(ns)    Netlist Resource(s)
  -------------------------------------------------------------------    -------------------
                                                      0.000     0.000 r  input_a_soma[1] (IN)
                         net (fo=0)                   0.973     0.973    bd_0_i/hls_inst/inst/input_a_soma[1]
    SLICE_X26Y48         LUT2 (Prop_lut2_I1_O)        0.124     1.097 r  bd_0_i/hls_inst/inst/output_soma[0]_INST_0_i_3/O
                         net (fo=1, routed)           0.000     1.097    bd_0_i/hls_inst/inst/output_soma[0]_INST_0_i_3_n_0
    SLICE_X26Y48         CARRY4 (Prop_carry4_S[1]_CO[3])
                                                      0.550     1.647 r  bd_0_i/hls_inst/inst/output_soma[0]_INST_0/CO[3]
                         net (fo=1, routed)           0.000     1.647    bd_0_i/hls_inst/inst/output_soma[0]_INST_0_n_0
    SLICE_X26Y49         CARRY4 (Prop_carry4_CI_CO[3])
                                                      0.114     1.761 r  bd_0_i/hls_inst/inst/output_soma[4]_INST_0/CO[3]
                         net (fo=1, routed)           0.001     1.762    bd_0_i/hls_inst/inst/output_soma[4]_INST_0_n_0
    SLICE_X26Y50         CARRY4 (Prop_carry4_CI_CO[3])
                                                      0.114     1.876 r  bd_0_i/hls_inst/inst/output_soma[8]_INST_0/CO[3]
                         net (fo=1, routed)           0.000     1.876    bd_0_i/hls_inst/inst/output_soma[8]_INST_0_n_0
    SLICE_X26Y51         CARRY4 (Prop_carry4_CI_CO[3])
                                                      0.114     1.990 r  bd_0_i/hls_inst/inst/output_soma[12]_INST_0/CO[3]
                         net (fo=1, routed)           0.000     1.990    bd_0_i/hls_inst/inst/output_soma[12]_INST_0_n_0
    SLICE_X26Y52         CARRY4 (Prop_carry4_CI_CO[3])
                                                      0.114     2.104 r  bd_0_i/hls_inst/inst/output_soma[16]_INST_0/CO[3]
                         net (fo=1, routed)           0.000     2.104    bd_0_i/hls_inst/inst/output_soma[16]_INST_0_n_0
    SLICE_X26Y53         CARRY4 (Prop_carry4_CI_CO[3])
                                                      0.114     2.218 r  bd_0_i/hls_inst/inst/output_soma[20]_INST_0/CO[3]
                         net (fo=1, routed)           0.000     2.218    bd_0_i/hls_inst/inst/output_soma[20]_INST_0_n_0
    SLICE_X26Y54         CARRY4 (Prop_carry4_CI_O[1])
                                                      0.334     2.552 r  bd_0_i/hls_inst/inst/output_soma[24]_INST_0/O[1]
                         net (fo=0)                   0.973     3.525    output_soma[25]
                                                                      r  output_soma[25] (OUT)
  -------------------------------------------------------------------    -------------------

                         max delay                   10.000    10.000    
                         clock pessimism              0.000    10.000    
                         output delay                -0.000    10.000    
  -------------------------------------------------------------------
                         required time                         10.000    
                         arrival time                          -3.525    
  -------------------------------------------------------------------
                         slack                                  6.475    

Slack (MET) :             6.475ns  (required time - arrival time)
  Source:                 input_b_sub[1]
                            (input port)
  Destination:            output_subtracao[25]
  Path Group:             **default**
  Path Type:              Max at Slow Process Corner
  Requirement:            10.000ns  (MaxDelay Path 10.000ns)
  Data Path Delay:        3.525ns  (logic 1.578ns (44.770%)  route 1.947ns (55.230%))
  Logic Levels:           8  (CARRY4=7 LUT2=1)
  Output Delay:           0.000ns
  Timing Exception:       MaxDelay Path 10.000ns

    Location             Delay type                Incr(ns)  Path(ns)    Netlist Resource(s)
  -------------------------------------------------------------------    -------------------
                                                      0.000     0.000 r  input_b_sub[1] (IN)
                         net (fo=0)                   0.973     0.973    bd_0_i/hls_inst/inst/input_b_sub[1]
    SLICE_X27Y46         LUT2 (Prop_lut2_I1_O)        0.124     1.097 r  bd_0_i/hls_inst/inst/output_subtracao[0]_INST_0_i_3/O
                         net (fo=1, routed)           0.000     1.097    bd_0_i/hls_inst/inst/output_subtracao[0]_INST_0_i_3_n_0
    SLICE_X27Y46         CARRY4 (Prop_carry4_S[1]_CO[3])
                                                      0.550     1.647 r  bd_0_i/hls_inst/inst/output_subtracao[0]_INST_0/CO[3]
                         net (fo=1, routed)           0.000     1.647    bd_0_i/hls_inst/inst/output_subtracao[0]_INST_0_n_0
    SLICE_X27Y47         CARRY4 (Prop_carry4_CI_CO[3])
                                                      0.114     1.761 r  bd_0_i/hls_inst/inst/output_subtracao[4]_INST_0/CO[3]
                         net (fo=1, routed)           0.000     1.761    bd_0_i/hls_inst/inst/output_subtracao[4]_INST_0_n_0
    SLICE_X27Y48         CARRY4 (Prop_carry4_CI_CO[3])
                                                      0.114     1.875 r  bd_0_i/hls_inst/inst/output_subtracao[8]_INST_0/CO[3]
                         net (fo=1, routed)           0.000     1.875    bd_0_i/hls_inst/inst/output_subtracao[8]_INST_0_n_0
    SLICE_X27Y49         CARRY4 (Prop_carry4_CI_CO[3])
                                                      0.114     1.989 r  bd_0_i/hls_inst/inst/output_subtracao[12]_INST_0/CO[3]
                         net (fo=1, routed)           0.001     1.990    bd_0_i/hls_inst/inst/output_subtracao[12]_INST_0_n_0
    SLICE_X27Y50         CARRY4 (Prop_carry4_CI_CO[3])
                                                      0.114     2.104 r  bd_0_i/hls_inst/inst/output_subtracao[16]_INST_0/CO[3]
                         net (fo=1, routed)           0.000     2.104    bd_0_i/hls_inst/inst/output_subtracao[16]_INST_0_n_0
    SLICE_X27Y51         CARRY4 (Prop_carry4_CI_CO[3])
                                                      0.114     2.218 r  bd_0_i/hls_inst/inst/output_subtracao[20]_INST_0/CO[3]
                         net (fo=1, routed)           0.000     2.218    bd_0_i/hls_inst/inst/output_subtracao[20]_INST_0_n_0
    SLICE_X27Y52         CARRY4 (Prop_carry4_CI_O[1])
                                                      0.334     2.552 r  bd_0_i/hls_inst/inst/output_subtracao[24]_INST_0/O[1]
                         net (fo=0)                   0.973     3.525    output_subtracao[25]
                                                                      r  output_subtracao[25] (OUT)
  -------------------------------------------------------------------    -------------------

                         max delay                   10.000    10.000    
                         clock pessimism              0.000    10.000    
                         output delay                -0.000    10.000    
  -------------------------------------------------------------------
                         required time                         10.000    
                         arrival time                          -3.525    
  -------------------------------------------------------------------
                         slack                                  6.475    





--------------------------------------------------------------------------------------
Path Group:  (none)
From Clock:  
  To Clock:  

Max Delay             0 Endpoints
Min Delay            68 Endpoints
--------------------------------------------------------------------------------------


Min Delay Paths
--------------------------------------------------------------------------------------
Slack:                    inf
  Source:                 ap_ctrl_start
                            (input port)
  Destination:            ap_ctrl_done
                            (output port)
  Path Group:             (none)
  Path Type:              Min at Fast Process Corner
  Data Path Delay:        0.410ns  (logic 0.000ns (0.000%)  route 0.410ns (100.000%))
  Logic Levels:           0  

    Location             Delay type                Incr(ns)  Path(ns)    Netlist Resource(s)
  -------------------------------------------------------------------    -------------------
                                                      0.000     0.000 r  ap_ctrl_start (IN)
                         net (fo=-1, unset)           0.410     0.410    ap_ctrl_done
                                                                      r  ap_ctrl_done (OUT)
  -------------------------------------------------------------------    -------------------

Slack:                    inf
  Source:                 ap_ctrl_start
                            (input port)
  Destination:            ap_ctrl_ready
                            (output port)
  Path Group:             (none)
  Path Type:              Min at Fast Process Corner
  Data Path Delay:        0.410ns  (logic 0.000ns (0.000%)  route 0.410ns (100.000%))
  Logic Levels:           0  

    Location             Delay type                Incr(ns)  Path(ns)    Netlist Resource(s)
  -------------------------------------------------------------------    -------------------
                                                      0.000     0.000 r  ap_ctrl_start (IN)
                         net (fo=-1, unset)           0.410     0.410    ap_ctrl_ready
                                                                      r  ap_ctrl_ready (OUT)
  -------------------------------------------------------------------    -------------------

Slack:                    inf
  Source:                 ap_ctrl_start
                            (input port)
  Destination:            output_soma_ap_vld
                            (output port)
  Path Group:             (none)
  Path Type:              Min at Fast Process Corner
  Data Path Delay:        0.410ns  (logic 0.000ns (0.000%)  route 0.410ns (100.000%))
  Logic Levels:           0  

    Location             Delay type                Incr(ns)  Path(ns)    Netlist Resource(s)
  -------------------------------------------------------------------    -------------------
                                                      0.000     0.000 r  ap_ctrl_start (IN)
                         net (fo=-1, unset)           0.410     0.410    output_soma_ap_vld
                                                                      r  output_soma_ap_vld (OUT)
  -------------------------------------------------------------------    -------------------

Slack:                    inf
  Source:                 ap_ctrl_start
                            (input port)
  Destination:            output_subtracao_ap_vld
                            (output port)
  Path Group:             (none)
  Path Type:              Min at Fast Process Corner
  Data Path Delay:        0.410ns  (logic 0.000ns (0.000%)  route 0.410ns (100.000%))
  Logic Levels:           0  

    Location             Delay type                Incr(ns)  Path(ns)    Netlist Resource(s)
  -------------------------------------------------------------------    -------------------
                                                      0.000     0.000 r  ap_ctrl_start (IN)
                         net (fo=-1, unset)           0.410     0.410    output_subtracao_ap_vld
                                                                      r  output_subtracao_ap_vld (OUT)
  -------------------------------------------------------------------    -------------------

Slack:                    inf
  Source:                 input_a_soma[11]
                            (input port)
  Destination:            output_soma[11]
                            (output port)
  Path Group:             (none)
  Path Type:              Min at Fast Process Corner
  Data Path Delay:        0.928ns  (logic 0.108ns (11.634%)  route 0.820ns (88.366%))
  Logic Levels:           2  (CARRY4=1 LUT2=1)

    Location             Delay type                Incr(ns)  Path(ns)    Netlist Resource(s)
  -------------------------------------------------------------------    -------------------
                                                      0.000     0.000 r  input_a_soma[11] (IN)
                         net (fo=0)                   0.410     0.410    bd_0_i/hls_inst/inst/input_a_soma[11]
    SLICE_X26Y50         LUT2 (Prop_lut2_I1_O)        0.045     0.455 r  bd_0_i/hls_inst/inst/output_soma[8]_INST_0_i_1/O
                         net (fo=1, routed)           0.000     0.455    bd_0_i/hls_inst/inst/output_soma[8]_INST_0_i_1_n_0
    SLICE_X26Y50         CARRY4 (Prop_carry4_S[3]_O[3])
                                                      0.063     0.518 r  bd_0_i/hls_inst/inst/output_soma[8]_INST_0/O[3]
                         net (fo=0)                   0.410     0.928    output_soma[11]
                                                                      r  output_soma[11] (OUT)
  -------------------------------------------------------------------    -------------------

Slack:                    inf
  Source:                 input_a_soma[15]
                            (input port)
  Destination:            output_soma[15]
                            (output port)
  Path Group:             (none)
  Path Type:              Min at Fast Process Corner
  Data Path Delay:        0.928ns  (logic 0.108ns (11.634%)  route 0.820ns (88.366%))
  Logic Levels:           2  (CARRY4=1 LUT2=1)

    Location             Delay type                Incr(ns)  Path(ns)    Netlist Resource(s)
  -------------------------------------------------------------------    -------------------
                                                      0.000     0.000 r  input_a_soma[15] (IN)
                         net (fo=0)                   0.410     0.410    bd_0_i/hls_inst/inst/input_a_soma[15]
    SLICE_X26Y51         LUT2 (Prop_lut2_I1_O)        0.045     0.455 r  bd_0_i/hls_inst/inst/output_soma[12]_INST_0_i_1/O
                         net (fo=1, routed)           0.000     0.455    bd_0_i/hls_inst/inst/output_soma[12]_INST_0_i_1_n_0
    SLICE_X26Y51         CARRY4 (Prop_carry4_S[3]_O[3])
                                                      0.063     0.518 r  bd_0_i/hls_inst/inst/output_soma[12]_INST_0/O[3]
                         net (fo=0)                   0.410     0.928    output_soma[15]
                                                                      r  output_soma[15] (OUT)
  -------------------------------------------------------------------    -------------------

Slack:                    inf
  Source:                 input_a_soma[19]
                            (input port)
  Destination:            output_soma[19]
                            (output port)
  Path Group:             (none)
  Path Type:              Min at Fast Process Corner
  Data Path Delay:        0.928ns  (logic 0.108ns (11.634%)  route 0.820ns (88.366%))
  Logic Levels:           2  (CARRY4=1 LUT2=1)

    Location             Delay type                Incr(ns)  Path(ns)    Netlist Resource(s)
  -------------------------------------------------------------------    -------------------
                                                      0.000     0.000 r  input_a_soma[19] (IN)
                         net (fo=0)                   0.410     0.410    bd_0_i/hls_inst/inst/input_a_soma[19]
    SLICE_X26Y52         LUT2 (Prop_lut2_I1_O)        0.045     0.455 r  bd_0_i/hls_inst/inst/output_soma[16]_INST_0_i_1/O
                         net (fo=1, routed)           0.000     0.455    bd_0_i/hls_inst/inst/output_soma[16]_INST_0_i_1_n_0
    SLICE_X26Y52         CARRY4 (Prop_carry4_S[3]_O[3])
                                                      0.063     0.518 r  bd_0_i/hls_inst/inst/output_soma[16]_INST_0/O[3]
                         net (fo=0)                   0.410     0.928    output_soma[19]
                                                                      r  output_soma[19] (OUT)
  -------------------------------------------------------------------    -------------------

Slack:                    inf
  Source:                 input_a_soma[23]
                            (input port)
  Destination:            output_soma[23]
                            (output port)
  Path Group:             (none)
  Path Type:              Min at Fast Process Corner
  Data Path Delay:        0.928ns  (logic 0.108ns (11.634%)  route 0.820ns (88.366%))
  Logic Levels:           2  (CARRY4=1 LUT2=1)

    Location             Delay type                Incr(ns)  Path(ns)    Netlist Resource(s)
  -------------------------------------------------------------------    -------------------
                                                      0.000     0.000 r  input_a_soma[23] (IN)
                         net (fo=0)                   0.410     0.410    bd_0_i/hls_inst/inst/input_a_soma[23]
    SLICE_X26Y53         LUT2 (Prop_lut2_I1_O)        0.045     0.455 r  bd_0_i/hls_inst/inst/output_soma[20]_INST_0_i_1/O
                         net (fo=1, routed)           0.000     0.455    bd_0_i/hls_inst/inst/output_soma[20]_INST_0_i_1_n_0
    SLICE_X26Y53         CARRY4 (Prop_carry4_S[3]_O[3])
                                                      0.063     0.518 r  bd_0_i/hls_inst/inst/output_soma[20]_INST_0/O[3]
                         net (fo=0)                   0.410     0.928    output_soma[23]
                                                                      r  output_soma[23] (OUT)
  -------------------------------------------------------------------    -------------------

Slack:                    inf
  Source:                 input_a_soma[27]
                            (input port)
  Destination:            output_soma[27]
                            (output port)
  Path Group:             (none)
  Path Type:              Min at Fast Process Corner
  Data Path Delay:        0.928ns  (logic 0.108ns (11.634%)  route 0.820ns (88.366%))
  Logic Levels:           2  (CARRY4=1 LUT2=1)

    Location             Delay type                Incr(ns)  Path(ns)    Netlist Resource(s)
  -------------------------------------------------------------------    -------------------
                                                      0.000     0.000 r  input_a_soma[27] (IN)
                         net (fo=0)                   0.410     0.410    bd_0_i/hls_inst/inst/input_a_soma[27]
    SLICE_X26Y54         LUT2 (Prop_lut2_I1_O)        0.045     0.455 r  bd_0_i/hls_inst/inst/output_soma[24]_INST_0_i_1/O
                         net (fo=1, routed)           0.000     0.455    bd_0_i/hls_inst/inst/output_soma[24]_INST_0_i_1_n_0
    SLICE_X26Y54         CARRY4 (Prop_carry4_S[3]_O[3])
                                                      0.063     0.518 r  bd_0_i/hls_inst/inst/output_soma[24]_INST_0/O[3]
                         net (fo=0)                   0.410     0.928    output_soma[27]
                                                                      r  output_soma[27] (OUT)
  -------------------------------------------------------------------    -------------------

Slack:                    inf
  Source:                 input_a_soma[31]
                            (input port)
  Destination:            output_soma[31]
                            (output port)
  Path Group:             (none)
  Path Type:              Min at Fast Process Corner
  Data Path Delay:        0.928ns  (logic 0.108ns (11.634%)  route 0.820ns (88.366%))
  Logic Levels:           2  (CARRY4=1 LUT2=1)

    Location             Delay type                Incr(ns)  Path(ns)    Netlist Resource(s)
  -------------------------------------------------------------------    -------------------
                                                      0.000     0.000 r  input_a_soma[31] (IN)
                         net (fo=0)                   0.410     0.410    bd_0_i/hls_inst/inst/input_a_soma[31]
    SLICE_X26Y55         LUT2 (Prop_lut2_I1_O)        0.045     0.455 r  bd_0_i/hls_inst/inst/output_soma[28]_INST_0_i_1/O
                         net (fo=1, routed)           0.000     0.455    bd_0_i/hls_inst/inst/output_soma[28]_INST_0_i_1_n_0
    SLICE_X26Y55         CARRY4 (Prop_carry4_S[3]_O[3])
                                                      0.063     0.518 r  bd_0_i/hls_inst/inst/output_soma[28]_INST_0/O[3]
                         net (fo=0)                   0.410     0.928    output_soma[31]
                                                                      r  output_soma[31] (OUT)
  -------------------------------------------------------------------    -------------------





