  **** HLS Build v2024.2 5238294
INFO: [HLS 200-2005] Using work_dir D:/Projetos_HLS/hello_world/hello_world 
INFO: [HLS 200-1505] Using default flow_target 'vivado'
Resolution: For help on HLS 200-1505 see docs.xilinx.com/access/sources/dita/topic?Doc_Version=2024.2%20English&url=ug1448-hls-guidance&resourceid=200-1505.html
INFO: [HLS 200-1465] Applying ini 'syn.file=D:/Projetos_HLS/hello_world/hello_world.cpp' from D:/Projetos_HLS/hello_world/hls_config.cfg(9)
INFO: [HLS 200-10] Adding design file 'D:/Projetos_HLS/hello_world/hello_world.cpp' to the project
INFO: [HLS 200-1465] Applying ini 'tb.file=hello_world_tb.cpp' from D:/Projetos_HLS/hello_world/hls_config.cfg(7)
INFO: [HLS 200-10] Adding test bench file 'D:/Projetos_HLS/hello_world/hello_world_tb.cpp' to the project
INFO: [HLS 200-1465] Applying ini 'tb.file=result.golden.dat' from D:/Projetos_HLS/hello_world/hls_config.cfg(8)
INFO: [HLS 200-10] Adding test bench file 'D:/Projetos_HLS/hello_world/result.golden.dat' to the project
INFO: [HLS 200-1465] Applying ini 'syn.top=hello_world' from D:/Projetos_HLS/hello_world/hls_config.cfg(10)
INFO: [HLS 200-1465] Applying ini 'flow_target=vivado' from D:/Projetos_HLS/hello_world/hls_config.cfg(4)
INFO: [HLS 200-1505] Using flow_target 'vivado'
Resolution: For help on HLS 200-1505 see docs.xilinx.com/access/sources/dita/topic?Doc_Version=2024.2%20English&url=ug1448-hls-guidance&resourceid=200-1505.html
INFO: [HLS 200-1465] Applying ini 'part=xc7z007sclg400-1' from D:/Projetos_HLS/hello_world/hls_config.cfg(1)
INFO: [HLS 200-1611] Setting target device to 'xc7z007s-clg400-1'
INFO: [HLS 200-1465] Applying ini 'cosim.rtl=vhdl' from D:/Projetos_HLS/hello_world/hls_config.cfg(12)
INFO: [HLS 200-1465] Applying ini 'cosim.trace_level=all' from D:/Projetos_HLS/hello_world/hls_config.cfg(13)
INFO: [HLS 200-1465] Applying ini 'csim.code_analyzer=1' from D:/Projetos_HLS/hello_world/hls_config.cfg(11)
INFO: [HLS 200-1465] Applying ini 'package.output.format=ip_catalog' from D:/Projetos_HLS/hello_world/hls_config.cfg(5)
INFO: [HLS 200-1465] Applying ini 'csim.O=0' from D:/Projetos_HLS/hello_world/hello_world/hls-debug.cfg(3)
INFO: [HLS 200-1907] Replacing 'config_csim -O=0' with 'config_sim -O=0' in current solution file
INFO: [HLS 200-1465] Applying ini 'csim.clean=1' from D:/Projetos_HLS/hello_world/hello_world/hls-debug.cfg(4)
INFO: [HLS 200-1907] Replacing 'config_csim -O=0' with 'config_sim -O=0' in current solution file
INFO: [HLS 200-1465] Applying ini 'csim.setup=1' from D:/Projetos_HLS/hello_world/hello_world/hls-debug.cfg(2)
INFO: [HLS 200-1907] Replacing 'config_csim -O=0' with 'config_sim -O=0' in current solution file
INFO: [SIM 211-200] Skipping execution of Code Analyzer due to 'setup' option, executing classic HLS C simulation
INFO: [SIM 211-2] *************** CSIM start ***************
INFO: [SIM 211-4] CSIM will launch CLANG as the compiler.
INFO: [HLS 200-2036] Building debug C Simulation binaries
   Compiling ../../../../hello_world_tb.cpp in debug mode
   Compiling ../../../../hello_world.cpp in debug mode
   Generating csim.exe
INFO: [HLS 200-2035] Skipping execution of C Simulation due to 'setup' option
INFO: [SIM 211-1] CSim file generation done with 0 errors.
INFO: [SIM 211-3] *************** CSIM finish ***************
INFO: [HLS 200-112] Total CPU user time: 1 seconds. Total CPU system time: 1 seconds. Total elapsed time: 4.698 seconds; peak allocated memory: 149.637 MB.
INFO: [vitis-run 60-791] Total elapsed time: 0h 0m 8s
