

================================================================
== Vitis HLS Report for 'hello_world_Pipeline_VITIS_LOOP_7_1'
================================================================
* Date:           Sat May 24 13:34:07 2025

* Version:        2024.2 (Build 5238294 on Nov  8 2024)
* Project:        hello_world
* Solution:       hls (Vivado IP Flow Target)
* Product family: zynq
* Target device:  xc7z007s-clg400-1


================================================================
== Performance Estimates
================================================================
+ Timing: 
    * Summary: 
    +--------+----------+----------+------------+
    |  Clock |  Target  | Estimated| Uncertainty|
    +--------+----------+----------+------------+
    |ap_clk  |  10.00 ns|  4.911 ns|     2.70 ns|
    +--------+----------+----------+------------+

+ Latency: 
    * Summary: 
    +---------+---------+----------+----------+-----+-----+------------------------------------------------+
    |  Latency (cycles) |  Latency (absolute) |  Interval |                    Pipeline                    |
    |   min   |   max   |    min   |    max   | min | max |                      Type                      |
    +---------+---------+----------+----------+-----+-----+------------------------------------------------+
    |       15|       15|  0.150 us|  0.150 us|   14|   14|  loop auto-rewind stp (delay=0 clock cycles(s))|
    +---------+---------+----------+----------+-----+-----+------------------------------------------------+

    + Detail: 
        * Instance: 
        N/A

        * Loop: 
        +------------------+---------+---------+----------+-----------+-----------+------+----------+
        |                  |  Latency (cycles) | Iteration|  Initiation Interval  | Trip |          |
        |     Loop Name    |   min   |   max   |  Latency |  achieved |   target  | Count| Pipelined|
        +------------------+---------+---------+----------+-----------+-----------+------+----------+
        |- VITIS_LOOP_7_1  |       13|       13|         2|          1|          1|    13|       yes|
        +------------------+---------+---------+----------+-----------+-----------+------+----------+

============================================================
+ Verbose Summary: Synthesis Manager
============================================================
InlineROM: 1
ExposeGlobal: 0
============================================================
+ Verbose Summary: CDFG Model
============================================================
IsTopModel: 0
ResetActiveHigh: 1
IsCombinational: 0
IsDatapathOnly: 0
HasWiredReturn: 1
HasMFsm: 2
HasVarLatency: 1
IsPipeline: 0
IsRtlPipelined: 0
IsInstanceOverlapped: 0
IsDontTouch: 0
HasImplIP: 0
IsGatedGlobalClock: 0

+ Individual pipeline summary: 
  * Pipeline-0: initiation interval (II) = 1, depth = 2


============================================================
+ Verbose Summary: Schedule
============================================================
* Number of FSM states : 2
* Pipeline : 1
  Pipeline-0 : II = 1, D = 2, States = { 1 2 }
* Dataflow Pipeline: 0

* FSM state transitions: 
1 --> 2 
2 --> 

* FSM state operations: 

State 1 <SV = 0> <Delay = 4.91>
ST_1 : Operation 5 [1/1] (0.00ns)   --->   "%i = alloca i32 1" [hello_world.cpp:6]   --->   Operation 5 'alloca' 'i' <Predicate = true> <Delay = 0.00>
ST_1 : Operation 6 [1/1] (0.00ns)   --->   "%specinterface_ln0 = specinterface void @_ssdm_op_SpecInterface, i8 %mensagem, void @empty_1, i32 0, i32 0, void @empty_0, i32 4294967295, i32 0, void @empty_0, void @empty_0, void @empty_0, i32 0, i32 0, i32 0, i32 0, void @empty_0, void @empty_0, i32 4294967295, i32 0, i32 0"   --->   Operation 6 'specinterface' 'specinterface_ln0' <Predicate = true> <Delay = 0.00>
ST_1 : Operation 7 [1/1] (1.58ns)   --->   "%store_ln6 = store i4 0, i4 %i" [hello_world.cpp:6]   --->   Operation 7 'store' 'store_ln6' <Predicate = true> <Delay = 1.58>
ST_1 : Operation 8 [1/1] (0.00ns)   --->   "%br_ln0 = br void %while.cond"   --->   Operation 8 'br' 'br_ln0' <Predicate = true> <Delay = 0.00>
ST_1 : Operation 9 [1/1] (0.00ns)   --->   "%i_1 = load i4 %i" [hello_world.cpp:9]   --->   Operation 9 'load' 'i_1' <Predicate = true> <Delay = 0.00>
ST_1 : Operation 10 [1/1] (1.73ns)   --->   "%icmp_ln7 = icmp_eq  i4 %i_1, i4 13" [hello_world.cpp:7]   --->   Operation 10 'icmp' 'icmp_ln7' <Predicate = true> <Delay = 1.73> <CoreInst = "Cmp">   --->   Core 9 'Cmp' <Latency = 0> <II = 1> <Delay = 1.73> <FuncUnit> <Opcode : 'seteq' 'setne' 'setle' 'setge' 'setlt' 'setgt'> <InPorts = 2> <OutPorts = 1>
ST_1 : Operation 11 [1/1] (1.73ns)   --->   "%add_ln9 = add i4 %i_1, i4 1" [hello_world.cpp:9]   --->   Operation 11 'add' 'add_ln9' <Predicate = true> <Delay = 1.73> <CoreInst = "Adder">   --->   Core 1 'Adder' <Latency = 0> <II = 1> <Delay = 1.73> <FuncUnit> <Opcode : 'add' 'sub'> <InPorts = 2> <OutPorts = 1>
ST_1 : Operation 12 [1/1] (0.00ns)   --->   "%br_ln7 = br i1 %icmp_ln7, void %while.body, void %while.end.exitStub" [hello_world.cpp:7]   --->   Operation 12 'br' 'br_ln7' <Predicate = true> <Delay = 0.00>
ST_1 : Operation 13 [1/1] (0.00ns)   --->   "%zext_ln6 = zext i4 %i_1" [hello_world.cpp:6]   --->   Operation 13 'zext' 'zext_ln6' <Predicate = (!icmp_ln7)> <Delay = 0.00>
ST_1 : Operation 14 [1/1] (0.00ns)   --->   "%texto_addr = getelementptr i7 %texto, i64 0, i64 %zext_ln6" [hello_world.cpp:7]   --->   Operation 14 'getelementptr' 'texto_addr' <Predicate = (!icmp_ln7)> <Delay = 0.00>
ST_1 : Operation 15 [2/2] (2.32ns)   --->   "%texto_load = load i4 %texto_addr" [hello_world.cpp:7]   --->   Operation 15 'load' 'texto_load' <Predicate = (!icmp_ln7)> <Delay = 2.32> <CoreInst = "ROM">   --->   Core 94 'ROM' <Latency = 1> <II = 1> <Delay = 2.32> <Storage> <Opcode : 'load'> <Ports = 0> <Width = 7> <Depth = 14> <ROM>
ST_1 : Operation 16 [1/1] (1.58ns)   --->   "%store_ln6 = store i4 %add_ln9, i4 %i" [hello_world.cpp:6]   --->   Operation 16 'store' 'store_ln6' <Predicate = (!icmp_ln7)> <Delay = 1.58>
ST_1 : Operation 25 [1/1] (1.58ns)   --->   "%ret_ln0 = ret"   --->   Operation 25 'ret' 'ret_ln0' <Predicate = (icmp_ln7)> <Delay = 1.58>

State 2 <SV = 1> <Delay = 4.64>
ST_2 : Operation 17 [1/2] ( I:2.32ns O:2.32ns )   --->   "%texto_load = load i4 %texto_addr" [hello_world.cpp:7]   --->   Operation 17 'load' 'texto_load' <Predicate = true> <Delay = 2.32> <CoreInst = "ROM">   --->   Core 94 'ROM' <Latency = 1> <II = 1> <Delay = 2.32> <Storage> <Opcode : 'load'> <Ports = 0> <Width = 7> <Depth = 14> <ROM>
ST_2 : Operation 18 [1/1] (0.00ns)   --->   "%zext_ln7 = zext i7 %texto_load" [hello_world.cpp:7]   --->   Operation 18 'zext' 'zext_ln7' <Predicate = true> <Delay = 0.00>
ST_2 : Operation 19 [1/1] (0.00ns)   --->   "%specpipeline_ln8 = specpipeline void @_ssdm_op_SpecPipeline, i32 4294967295, i32 0, i32 0, i32 0, void @empty_0" [hello_world.cpp:8]   --->   Operation 19 'specpipeline' 'specpipeline_ln8' <Predicate = true> <Delay = 0.00>
ST_2 : Operation 20 [1/1] (0.00ns)   --->   "%speclooptripcount_ln8 = speclooptripcount void @_ssdm_op_SpecLoopTripCount, i64 13, i64 13, i64 13" [hello_world.cpp:8]   --->   Operation 20 'speclooptripcount' 'speclooptripcount_ln8' <Predicate = true> <Delay = 0.00>
ST_2 : Operation 21 [1/1] (0.00ns)   --->   "%specloopname_ln7 = specloopname void @_ssdm_op_SpecLoopName, void @empty_3" [hello_world.cpp:7]   --->   Operation 21 'specloopname' 'specloopname_ln7' <Predicate = true> <Delay = 0.00>
ST_2 : Operation 22 [1/1] (0.00ns)   --->   "%mensagem_addr = getelementptr i8 %mensagem, i64 0, i64 %zext_ln6" [hello_world.cpp:8]   --->   Operation 22 'getelementptr' 'mensagem_addr' <Predicate = true> <Delay = 0.00>
ST_2 : Operation 23 [1/1] ( I:2.32ns O:2.32ns )   --->   "%store_ln8 = store i8 %zext_ln7, i7 %mensagem_addr" [hello_world.cpp:8]   --->   Operation 23 'store' 'store_ln8' <Predicate = true> <Delay = 2.32> <CoreInst = "RAM">   --->   Core 81 'RAM' <Latency = 1> <II = 1> <Delay = 2.32> <Storage> <Opcode : 'load' 'store'> <Ports = 2> <Width = 8> <Depth = 100> <RAM>
ST_2 : Operation 24 [1/1] (0.00ns)   --->   "%br_ln7 = br void %while.cond" [hello_world.cpp:7]   --->   Operation 24 'br' 'br_ln7' <Predicate = true> <Delay = 0.00>


============================================================
+ Verbose Summary: Timing violations
============================================================
Target clock period: 10.000ns, clock uncertainty: 2.700ns.

 <State 1>: 4.911ns
The critical path consists of the following:
	'store' operation 0 bit ('store_ln6', hello_world.cpp:6) of constant 0 on local variable 'i', hello_world.cpp:6 [5]  (1.588 ns)
	'load' operation 4 bit ('i', hello_world.cpp:9) on local variable 'i', hello_world.cpp:6 [8]  (0.000 ns)
	'add' operation 4 bit ('add_ln9', hello_world.cpp:9) [10]  (1.735 ns)
	'store' operation 0 bit ('store_ln6', hello_world.cpp:6) of variable 'add_ln9', hello_world.cpp:9 on local variable 'i', hello_world.cpp:6 [22]  (1.588 ns)

 <State 2>: 4.644ns
The critical path consists of the following:
	'load' operation 7 bit ('texto_load', hello_world.cpp:7) on array 'texto' [15]  (2.322 ns)
	'store' operation 0 bit ('store_ln8', hello_world.cpp:8) of variable 'zext_ln7', hello_world.cpp:7 on array 'mensagem' [21]  (2.322 ns)


============================================================
+ Verbose Summary: Binding
============================================================
N/A
* FSMD analyzer results:
  - Output states:
 - Input state : 
  - Chain level:
	State 1
	State 2


============================================================
+ Verbose Summary: Datapath Resource usage 
============================================================
N/A
