# 
# Steps log generated by v++
# This log file contains a collection of steps that describe the kernel compilation flow
# Note: Some steps are tagged as internal, these steps are for debugging purposes and 
#       are not expected to be able to run independently.
# 

# The following environment variables are set when running v++
Environment variables :
------------------------------------------
ALLUSERSPROFILE=C:\ProgramData
APPDATA=C:\Users\Thall\AppData\Roaming
arr.length=0
arr.Ubound=-1
CHARPOP=1
CMAKE_OBJECT_PATH_MAX=4096
CommonProgramFiles=C:\Program Files\Common Files
CommonProgramFiles(x86)=C:\Program Files (x86)\Common Files
CommonProgramW6432=C:\Program Files\Common Files
COMPUTERNAME=DESKTOP-8L9PMU5
ComSpec=C:\Windows\system32\cmd.exe
DriverData=C:\Windows\System32\Drivers\DriverData
FPS_BROWSER_APP_PROFILE_STRING=Internet Explorer
FPS_BROWSER_USER_PROFILE_STRING=Default
HDI_APPROOT=F:/Xilinx/Vitis/2024.2
HDI_PROCESSOR=i686
HOMEDRIVE=C:
HOMEPATH=\Users\Thall
HW_SERVER_DJTG_DISABLE=1
HW_SERVER_FTDIMGR_DISABLE=1
IDE_SKIP_SERVER_LICENSE=1
INT_VARIABLE_NAME=XILINX_PATH
ISL_IOSTREAMS_RSA=F:/Xilinx/Vitis/2024.2/tps/isl
JAVA_EXE=F:/Xilinx\Vitis\2024.2\tps\win64\jre11.0.16_1\bin\java.exe
JAVA_HOME=F:/Xilinx\Vitis\2024.2\tps\win64\jre11.0.16_1
LC_NUMERIC=C
LOCALAPPDATA=C:\Users\Thall\AppData\Local
LOGONSERVER=\\DESKTOP-8L9PMU5
LOPPER_DTC_FLAGS=-b 0 -@
NOSPLASH=false
NUMBER_OF_PROCESSORS=8
OneDrive=C:\Users\Thall\OneDrive - FURG - Universidade Federal do Rio Grande
OneDriveCommercial=C:\Users\Thall\OneDrive - FURG - Universidade Federal do Rio Grande
ORIGINAL_XDG_CURRENT_DESKTOP=undefined
OS=Windows_NT
PATH=F:/Xilinx/Vivado/2024.2/tps/win64/binutils-2.26/bin;F:/Xilinx/Vitis/2024.2/bin/../gnu/aarch64/nt/aarch64-linux/bin;F:/Xilinx/Vitis/2024.2/bin/../gnu/ppc64le/4.9.3/win64/bin;F:/Xilinx/Vitis/2024.2/bin/../gnu/aarch32/nt/gcc-arm-linux-gnueabi/bin;F:/Xilinx/Vitis/2024.2/tps/mingw/6.2.0/win64.o/nt/bin;F:/Xilinx/Vivado/2024.2\gnuwin\bin;F:/Xilinx/Vivado/2024.2\gnu\microblaze\nt\bin;F:/Xilinx/Vitis/2024.2/bin;F:/Xilinx/Vitis/2024.2/tps/win64/javafx-sdk-11.0.2/lib;F:/Xilinx/Vitis/2024.2/tps/win64/javafx-sdk-11.0.2/bin;F:/Xilinx/Vitis/2024.2/lib/win64.o;F:/Xilinx/Vitis/2024.2/tps/win64/jre11.0.16_1/bin/server;F:/Xilinx/Vitis/2024.2/tps/win64/jre11.0.16_1/bin;F:\Xilinx\Vitis\2024.2\tps\win64\lopper-1.1.0-packages\min_sdk\\usr\bin;F:/Xilinx\Vitis\2024.2\tps\win64\cmake-3.24.2\bin;F:/Xilinx\Vitis\2024.2\gnu\microblaze\nt\bin;F:/Xilinx\Vitis\2024.2\gnu\microblaze\linux_toolchain\nt64_le\bin;F:/Xilinx\Vitis\2024.2\gnu\aarch32\nt\gcc-arm-linux-gnueabi\bin;F:/Xilinx\Vitis\2024.2\gnu\aarch32\nt\gcc-arm-none-eabi\bin;F:/Xilinx\Vitis\2024.2\gnu\aarch64\nt\aarch64-linux\bin;F:/Xilinx\Vitis\2024.2\gnu\aarch64\nt\aarch64-none\bin;F:/Xilinx\Vitis\2024.2\gnu\armr5\nt\gcc-arm-none-eabi\bin;F:/Xilinx\Vitis\2024.2\gnuwin\bin;F:/Xilinx\Vitis\2024.2\tps\win64\python-3.8.3;F:/Xilinx\Vitis\2024.2\tps\win64\libxslt\bin;F:/Xilinx/Vivado/2024.2\bin;F:/Xilinx/Vitis/2024.2\gnu\arm\nt\bin;F:/Xilinx/Vitis/2024.2\gnu\microblaze\linux_toolchain\nt64_be\bin;F:/Xilinx/Vitis/2024.2\gnu\riscv\nt\riscv64-unknown-elf\bin;F:/Xilinx/Vivado/2024.2\tps\win64\python-3.8.3;F:/Xilinx/Vivado/2024.2\tps\win64\git-2.45.0\bin;F:/Xilinx/Vivado/2024.2\tps\win64\cmake-3.24.2\bin;F:/Xilinx/Vitis/2024.2\win64\tools\clang\bin;C:\Windows\system32;C:\Windows;C:\Windows\System32\Wbem;C:\Windows\System32\WindowsPowerShell\v1.0\;C:\Windows\System32\OpenSSH\;C:\Program Files (x86)\NVIDIA Corporation\PhysX\Common;C:\Program Files\Docker\Docker\resources\bin;C:\Users\Thall\.local\bin;C:\Users\Thall\AppData\Local\Microsoft\WindowsApps;C:\Users\Thall\AppData\Local\Programs\Microsoft VS Code\bin;F:/Xilinx/Vitis/2024.2\tps\mingw\6.2.0\win64.o\nt\bin;F:/Xilinx/Vitis/2024.2\tps\mingw\6.2.0\win64.o\nt\libexec\gcc\x86_64-w64-mingw32\6.2.0
PATHEXT=.COM;.EXE;.BAT;.CMD;.VBS;.VBE;.JS;.JSE;.WSF;.WSH;.MSC
PROCESSOR_ARCHITECTURE=AMD64
PROCESSOR_IDENTIFIER=Intel64 Family 6 Model 158 Stepping 13, GenuineIntel
PROCESSOR_LEVEL=6
PROCESSOR_REVISION=9e0d
PRODVERSION_EXE=F:/Xilinx/Vitis/2024.2/bin/unwrapped/win64.o/prodversion.exe
ProgramData=C:\ProgramData
ProgramFiles=C:\Program Files
ProgramFiles(x86)=C:\Program Files (x86)
ProgramW6432=C:\Program Files
PROMPT=$P$G
PSModulePath=C:\Program Files\WindowsPowerShell\Modules;C:\Windows\system32\WindowsPowerShell\v1.0\Modules
PUBLIC=C:\Users\Public
PYTHONPATH=;F:/Xilinx/Vitis/2024.2\cli;F:/Xilinx/Vitis/2024.2\cli\python-packages\win64;F:/Xilinx/Vitis/2024.2\cli\python-packages\site-packages;F:/Xilinx/Vitis/2024.2\cli\proto;F:/Xilinx/Vitis/2024.2\scripts\python_pkg;
python_path=;F:/Xilinx/Vitis/2024.2\cli;F:/Xilinx/Vitis/2024.2\cli\python-packages\win64;F:/Xilinx/Vitis/2024.2\cli\python-packages\site-packages;F:/Xilinx/Vitis/2024.2\cli\proto;F:/Xilinx/Vitis/2024.2\scripts\python_pkg;
RDI_APPROOT=F:/Xilinx/Vitis/2024.2
RDI_ARGS= -c --mode hls --config F:\Xilinx\projeto_hls\add_sub\hls_config.cfg --work_dir add_sub
RDI_ARGS_FUNCTION=RDI_EXEC_DEFAULT
RDI_BASEROOT=F:/Xilinx/Vitis
RDI_BINDIR=F:/Xilinx/Vitis/2024.2/bin
RDI_BINROOT=F:/Xilinx/Vitis/2024.2/bin
RDI_BUILD=yes
RDI_CHECK_PROG=True
RDI_DATADIR=F:/Xilinx/SharedData/2024.2/data;F:/Xilinx/Vitis/2024.2/data
RDI_INSTALLROOT=F:/Xilinx
RDI_INSTALLVER=2024.2
RDI_INSTALLVERSION=2024.2
RDI_JAVACEFROOT=F:/Xilinx/Vitis/2024.2/tps/win64/java-cef-95.0.4638.69
RDI_JAVAFXROOT=F:/Xilinx/Vitis/2024.2/tps/win64/javafx-sdk-11.0.2
RDI_JAVAROOT=F:/Xilinx/Vitis/2024.2/tps/win64/jre11.0.16_1
RDI_JAVA_VERSION=11.0.16_1
RDI_LIBDIR=F:/Xilinx/Vitis/2024.2/lib/win64.o
RDI_MINGW_LIB=F:/Xilinx/Vitis/2024.2\tps\mingw\6.2.0\win64.o\nt\bin;F:/Xilinx/Vitis/2024.2\tps\mingw\6.2.0\win64.o\nt\libexec\gcc\x86_64-w64-mingw32\6.2.0
RDI_OPT_EXT=.o
RDI_OS_ARCH=64
RDI_PLATFORM=win64
RDI_PREPEND_PATH=F:/Xilinx/Vitis/2024.2/bin
RDI_PROG=F:/Xilinx/Vitis/2024.2/bin/unwrapped/win64.o/v++.exe
RDI_PROGNAME=v++.exe
RDI_SESSION_INFO=F:\Xilinx\Vitis\2024.2\bin:DESKTOP-8L9PMU5-04-06-2025_17-25-10,04
RDI_SHARED_DATA=F:/Xilinx/SharedData/2024.2/data
RDI_TPS_ROOT=F:/Xilinx/Vivado/2024.2/tps/win64
RDI_USE_JDK11=1
RDI_VERBOSE=False
RT_LIBPATH=F:/Xilinx/Vitis/2024.2/scripts/rt/data
RT_TCL_PATH=F:/Xilinx/Vitis/2024.2/scripts/rt/base_tcl/tcl
SDKROOT=F:\Xilinx\Vitis\2024.2\tps\win64\lopper-1.1.0-packages\min_sdk\
SESSIONNAME=Console
session_string=F:\Xilinx\projeto_hls\add_sub:DESKTOP-8L9PMU5-04-06-2025_18-01-20,13
SHARED_DATA_HOME="F:/Xilinx/SharedData/2024.2"
supports_classic_ide=true
SWIG_LIB=F:\Xilinx\Vitis\2024.2\tps\win64\lopper-1.1.0-packages\min_sdk\\usr\lib\swig\4.2.1
SYNTH_COMMON=F:/Xilinx/Vitis/2024.2/scripts/rt/data
SystemDrive=C:
SystemRoot=C:\Windows
TCL_LIBRARY=F:/Xilinx/Vitis/2024.2/tps/tcl/tcl8.6
TCMALLOC_LARGE_ALLOC_REPORT_THRESHOLD=4294967296
TEMP=C:\Users\Thall\AppData\Local\Temp
THEIA_APP_PROJECT_PATH=F:\Xilinx\Vitis\2024.2\ide\electron-app\win64\resources\app
THEIA_DEFAULT_PLUGINS=local-dir:F:\Xilinx\Vitis\2024.2\ide\electron-app\win64\resources\app\plugins
THEIA_ELECTRON_TOKEN={"value":"f391c8aa-4ca7-4f1f-8c2f-8c0a5fc5fd97"}
THEIA_ELECTRON_VERSION=15.5.7
THEIA_PLUGINS=local-dir:C:\Users\Thall\.theia\plugins
TMP=C:\Users\Thall\AppData\Local\Temp
tooldir=tps\win64\git-2.41.0
TOOLS_CLANG=F:/Xilinx/Vitis/2024.2\win64\tools\clang
TPS_CMAKE=F:/Xilinx/Vivado/2024.2\tps\win64\cmake-3.24.2
TPS_GIT=F:/Xilinx/Vivado/2024.2\tps\win64\git-2.45.0
TPS_LIBXSLT=F:/Xilinx/Vitis/2024.2\tps\win64\libxslt
TPS_PYTHON=F:/Xilinx/Vivado/2024.2\tps\win64\python-3.8.3
USERDOMAIN=DESKTOP-8L9PMU5
USERDOMAIN_ROAMINGPROFILE=DESKTOP-8L9PMU5
USERNAME=Thall
USERPROFILE=C:\Users\Thall
VITISNEW=true
VSCODE_API_VERSION=1.53.2
windir=C:\Windows
XILINX_HLS=F:/Xilinx/Vitis/2024.2
XILINX_PLANAHEAD=F:/Xilinx/Vitis/2024.2
XILINX_SDK=F:/Xilinx/Vitis/2024.2
XILINX_VCXX=F:/Xilinx/Vitis/2024.2/vcxx
XILINX_VERSION_DEFAULT=2024.2
XILINX_VERSION_VITIS=2024.2
XILINX_VITIS=F:/Xilinx\Vitis\2024.2
XILINX_VITIS_GIT=F:/Xilinx/Vivado/2024.2\tps\win64\git-2.45.0\bin
XILINX_VITIS_HLS_ENCAPSULATED=1
XILINX_VITIS_VERSION=Vitis v2024.2 (64-bit)
XILINX_VIVADO=F:/Xilinx/Vivado/2024.2
XILINX_VIVADO_HLS=F:/Xilinx/Vivado/2024.2
XIL_CHECK_TCL_DEBUG=False
XIL_NO_OVERRIDE=0
XIL_SUPPRESS_OVERRIDE_WARNINGS=1
XVREDIST=F:/Xilinx/Vitis/2024.2\tps\win64\xvcredist.exe
_RDI_BINROOT=F:\Xilinx\Vitis\2024.2\bin
_RDI_CWD=F:\Xilinx\projeto_hls\add_sub
_RDI_DONT_SET_XILINX_AS_PATH=True
_RDI_VERSION_PROG=v++
_valid=False
XILINX_CD_CONNECT_ID=57553
XILINX_CD_SESSION=34229dfd-cafa-4b9a-bf98-ad6124186071


V++ command line:
------------------------------------------
F:/Xilinx/Vitis/2024.2/bin/unwrapped/win64.o/v++.exe -c --mode hls --config F:\Xilinx\projeto_hls\add_sub\hls_config.cfg --work_dir add_sub 

FINAL PROGRAM OPTIONS
--compile
--config F:\Xilinx\projeto_hls\add_sub\hls_config.cfg
--hls.flow_target vivado
--hls.package.output.format ip_catalog
--hls.package.output.syn false
--hls.syn.file F:\Xilinx\projeto_hls\add_sub\operacoes_aritmeticas.cpp
--hls.syn.file F:\Xilinx\projeto_hls\add_sub\top_level.cpp
--hls.syn.top top_function
--mode hls
--part xc7z007sclg400-1
--target hw
--work_dir add_sub

PARSED COMMAND LINE OPTIONS
-c 
--mode hls 
--config F:\Xilinx\projeto_hls\add_sub\hls_config.cfg 
--work_dir add_sub 

PARSED CONFIG FILE (1) OPTIONS
file: F:\Xilinx\projeto_hls\add_sub\hls_config.cfg
part xc7z007sclg400-1 
hls.flow_target vivado 
hls.package.output.format ip_catalog 
hls.package.output.syn false 
hls.syn.file F:\Xilinx\projeto_hls\add_sub\operacoes_aritmeticas.cpp 
hls.syn.file F:\Xilinx\projeto_hls\add_sub\top_level.cpp 
hls.syn.top top_function 


==========================================
new:  steps log generated by v++ for new launch 
timestamp: 04 Jun 2025 18:01:24

------------------------------------------
VITIS-RUN command line :
------------------------------------------
F:/Xilinx/Vitis/2024.2/bin/unwrapped/win64.o/vitis-run.exe --mode hls --impl --config F:\Xilinx\projeto_hls\add_sub\hls_config.cfg --work_dir add_sub 
  Options from -O    : 
  Options from *.ini : 
  Options from Hw Platform : 

==========================================
new:  steps log generated by v++ for new launch 
timestamp: 04 Jun 2025 18:02:31
