#-----------------------------------------------------------
# Vivado v2024.2 (64-bit)
# SW Build 5239630 on Fri Nov 08 22:35:27 MST 2024
# IP Build 5239520 on Sun Nov 10 16:12:51 MST 2024
# SharedData Build 5239561 on Fri Nov 08 14:39:27 MST 2024
# Start of session at: Sat May 24 14:54:02 2025
# Process ID         : 11652
# Current directory  : D:/Projetos_HLS/soma/soma/hls/impl/ip
# Command line       : vivado.exe -notrace -mode batch -source run_ippack.tcl
# Log file           : D:/Projetos_HLS/soma/soma/hls/impl/ip/vivado.log
# Journal file       : D:/Projetos_HLS/soma/soma/hls/impl/ip\vivado.jou
# Running On         : PC-MEGA-POWER
# Platform           : Windows Server 2016 or Windows 10
# Operating System   : 26100
# Processor Detail   : 12th Gen Intel(R) Core(TM) i5-12400F
# CPU Frequency      : 2496 MHz
# CPU Physical cores : 6
# CPU Logical cores  : 12
# Host memory        : 34184 MB
# Swap memory        : 2147 MB
# Total Virtual      : 36331 MB
# Available Virtual  : 20942 MB
#-----------------------------------------------------------
source run_ippack.tcl -notrace
INFO: calling package_hls_ip ip_types=vitis sysgen json_file=D:/Projetos_HLS/soma/soma/hls/hls_data.json outdir=D:/Projetos_HLS/soma/soma/hls/impl/ip srcdir=D:/Projetos_HLS/soma/soma/hls sort_interfaces_ports=false
INFO: Copied 1 ipmisc file(s) to D:/Projetos_HLS/soma/soma/hls/impl/ip/misc
INFO: Copied 1 verilog file(s) to D:/Projetos_HLS/soma/soma/hls/impl/ip/hdl/verilog
INFO: Copied 1 vhdl file(s) to D:/Projetos_HLS/soma/soma/hls/impl/ip/hdl/vhdl
INFO: Import ports from HDL: D:/Projetos_HLS/soma/soma/hls/impl/ip/hdl/vhdl/soma.vhd (soma)
INFO: Add ap_ctrl interface ap_ctrl
INFO: Add reset interface ap_rst
INFO: Add data interface A
INFO: Add data interface B
INFO: Add data interface C
INFO: [IP_Flow 19-234] Refreshing IP repositories
INFO: [IP_Flow 19-1704] No user IP repositories specified
INFO: [IP_Flow 19-2313] Loaded Vivado IP repository 'E:/Xilinx/Vivado/2024.2/data/ip'.
INFO: Calling post_process_vitis to specialize IP
INFO: Calling post_process_sysgen to specialize IP
Generating sysgen info xml from json file
INFO: Created IP D:/Projetos_HLS/soma/soma/hls/impl/ip/component.xml
INFO: Created IP archive D:/Projetos_HLS/soma/soma/hls/impl/ip/xilinx_com_hls_soma_1_0.zip
INFO: [Common 17-206] Exiting Vivado at Sat May 24 14:54:06 2025...
