05/23/25 19:55:30: Running xcd server. This server was built by gradle.
05/23/25 19:55:30: Server was asked to start on port: '55052'
05/23/25 19:55:30: Server is using token UUID: '05b23c51-3829-11f0-a37e-ae69446fc09b'
05/23/25 19:55:30: SESSION_MGR: creating session with session uuid: '6d04a3e9-ade5-4ab9-8d63-1f78fcd2ec76' and name 'default'
05/23/25 19:55:30: Attempting to start server on port '55052'
05/23/25 19:55:30: Running Dispatch Server
05/23/25 19:55:30: Version 2.2.0
05/23/25 19:55:30: Dispatch Server: Accepted socket connection from client
05/23/25 19:55:30: Starting Socket connection
05/23/25 19:55:30: EXCHANGE_TOKEN received, server token: 05b23c51-3829-11f0-a37e-ae69446fc09b, passed token: 05b23c51-3829-11f0-a37e-ae69446fc09b
05/23/25 19:55:30: SESSION_MGR: creating session with session uuid: '94033630-983b-4d5b-91a5-55db01865fd0' and name 'Code Analyzer'
05/23/25 19:55:30: KERNEL_SVC: creating session with uuid: '94033630-983b-4d5b-91a5-55db01865fd0' and name 'Code Analyzer'
05/23/25 19:55:30: GUIDANCE_SMGR: creating guidance session with uuid: '94033630-983b-4d5b-91a5-55db01865fd0' and name 'Code Analyzer'
05/23/25 19:55:31: SESSION_MGR: closing session for UUID '94033630-983b-4d5b-91a5-55db01865fd0' with name ''
05/23/25 19:55:31: KERNEL_SVC: closing session for UUID '94033630-983b-4d5b-91a5-55db01865fd0' with name ''
05/23/25 19:55:31: GUIDANCE_SMGR: closing session for UUID '94033630-983b-4d5b-91a5-55db01865fd0' with name ''
05/23/25 19:55:31: STOP_SERVER received, server token: 05b23c51-3829-11f0-a37e-ae69446fc09b, passed token: 05b23c51-3829-11f0-a37e-ae69446fc09b
05/23/25 19:55:31: Socket received request to stop server.
05/23/25 19:55:31: Dispatch Server: do_await_stop
05/23/25 19:55:31: SERVER: destructor for server bound to port 55052
05/23/25 19:55:31: Server exiting with status 0.
05/23/25 19:55:31: Closing log file.
05/23/25 19:57:42: Running xcd server. This server was built by gradle.
05/23/25 19:57:42: Server was asked to start on port: '55079'
05/23/25 19:57:42: Server is using token UUID: '54c7de4d-3829-11f0-9da4-ae69446fc09b'
05/23/25 19:57:42: SESSION_MGR: creating session with session uuid: '6d04a3e9-ade5-4ab9-8d63-1f78fcd2ec76' and name 'default'
05/23/25 19:57:42: Attempting to start server on port '55079'
05/23/25 19:57:42: Running Dispatch Server
05/23/25 19:57:42: Version 2.2.0
05/23/25 19:57:43: Dispatch Server: Accepted socket connection from client
05/23/25 19:57:43: Starting Socket connection
05/23/25 19:57:43: EXCHANGE_TOKEN received, server token: 54c7de4d-3829-11f0-9da4-ae69446fc09b, passed token: 54c7de4d-3829-11f0-9da4-ae69446fc09b
05/23/25 19:57:43: SESSION_MGR: creating session with session uuid: '2b1decae-25af-4f27-8f7a-29c46abea75d' and name 'Code Analyzer'
05/23/25 19:57:43: KERNEL_SVC: creating session with uuid: '2b1decae-25af-4f27-8f7a-29c46abea75d' and name 'Code Analyzer'
05/23/25 19:57:43: GUIDANCE_SMGR: creating guidance session with uuid: '2b1decae-25af-4f27-8f7a-29c46abea75d' and name 'Code Analyzer'
05/23/25 19:57:43: SESSION_MGR: closing session for UUID '2b1decae-25af-4f27-8f7a-29c46abea75d' with name ''
05/23/25 19:57:43: KERNEL_SVC: closing session for UUID '2b1decae-25af-4f27-8f7a-29c46abea75d' with name ''
05/23/25 19:57:43: GUIDANCE_SMGR: closing session for UUID '2b1decae-25af-4f27-8f7a-29c46abea75d' with name ''
05/23/25 19:57:43: STOP_SERVER received, server token: 54c7de4d-3829-11f0-9da4-ae69446fc09b, passed token: 54c7de4d-3829-11f0-9da4-ae69446fc09b
05/23/25 19:57:43: Socket received request to stop server.
05/23/25 19:57:43: Dispatch Server: do_await_stop
05/23/25 19:57:43: SERVER: destructor for server bound to port 55079
05/23/25 19:57:43: Server exiting with status 0.
05/23/25 19:57:43: Closing log file.
05/23/25 20:00:12: Running xcd server. This server was built by gradle.
05/23/25 20:00:12: Server was asked to start on port: '51239'
05/23/25 20:00:12: Server is using token UUID: 'ae352275-3829-11f0-8600-ae69446fc09b'
05/23/25 20:00:12: SESSION_MGR: creating session with session uuid: '6d04a3e9-ade5-4ab9-8d63-1f78fcd2ec76' and name 'default'
05/23/25 20:00:12: Attempting to start server on port '51239'
05/23/25 20:00:12: Running Dispatch Server
05/23/25 20:00:12: Version 2.2.0
05/23/25 20:00:13: Dispatch Server: Accepted socket connection from client
05/23/25 20:00:13: Starting Socket connection
05/23/25 20:00:13: EXCHANGE_TOKEN received, server token: ae352275-3829-11f0-8600-ae69446fc09b, passed token: ae352275-3829-11f0-8600-ae69446fc09b
05/23/25 20:00:13: SESSION_MGR: creating session with session uuid: 'df859d34-ae3c-44f0-8eea-144e0037e67a' and name 'Code Analyzer'
05/23/25 20:00:13: KERNEL_SVC: creating session with uuid: 'df859d34-ae3c-44f0-8eea-144e0037e67a' and name 'Code Analyzer'
05/23/25 20:00:13: GUIDANCE_SMGR: creating guidance session with uuid: 'df859d34-ae3c-44f0-8eea-144e0037e67a' and name 'Code Analyzer'
05/23/25 20:00:15: SESSION_MGR: closing session for UUID 'df859d34-ae3c-44f0-8eea-144e0037e67a' with name ''
05/23/25 20:00:15: KERNEL_SVC: closing session for UUID 'df859d34-ae3c-44f0-8eea-144e0037e67a' with name ''
05/23/25 20:00:15: GUIDANCE_SMGR: closing session for UUID 'df859d34-ae3c-44f0-8eea-144e0037e67a' with name ''
05/23/25 20:00:15: STOP_SERVER received, server token: ae352275-3829-11f0-8600-ae69446fc09b, passed token: ae352275-3829-11f0-8600-ae69446fc09b
05/23/25 20:00:15: Socket received request to stop server.
05/23/25 20:00:15: Dispatch Server: do_await_stop
05/23/25 20:00:15: SERVER: destructor for server bound to port 51239
05/23/25 20:00:15: Server exiting with status 0.
05/23/25 20:00:15: Closing log file.
05/23/25 20:11:56: Running xcd server. This server was built by gradle.
05/23/25 20:11:56: Server was asked to start on port: '63354'
05/23/25 20:11:56: Server is using token UUID: '51880aa5-382b-11f0-9010-ae69446fc09b'
05/23/25 20:11:56: SESSION_MGR: creating session with session uuid: '6d04a3e9-ade5-4ab9-8d63-1f78fcd2ec76' and name 'default'
05/23/25 20:11:56: Attempting to start server on port '63354'
05/23/25 20:11:56: Running Dispatch Server
05/23/25 20:11:56: Version 2.2.0
05/23/25 20:11:56: Dispatch Server: Accepted socket connection from client
05/23/25 20:11:56: Starting Socket connection
05/23/25 20:11:56: EXCHANGE_TOKEN received, server token: 51880aa5-382b-11f0-9010-ae69446fc09b, passed token: 51880aa5-382b-11f0-9010-ae69446fc09b
05/23/25 20:11:56: SESSION_MGR: creating session with session uuid: 'ab81c5c9-b9a9-4af2-99d8-d7f7a55a9b80' and name 'Code Analyzer'
05/23/25 20:11:56: KERNEL_SVC: creating session with uuid: 'ab81c5c9-b9a9-4af2-99d8-d7f7a55a9b80' and name 'Code Analyzer'
05/23/25 20:11:56: GUIDANCE_SMGR: creating guidance session with uuid: 'ab81c5c9-b9a9-4af2-99d8-d7f7a55a9b80' and name 'Code Analyzer'
05/23/25 20:11:56: SESSION_MGR: closing session for UUID 'ab81c5c9-b9a9-4af2-99d8-d7f7a55a9b80' with name ''
05/23/25 20:11:56: KERNEL_SVC: closing session for UUID 'ab81c5c9-b9a9-4af2-99d8-d7f7a55a9b80' with name ''
05/23/25 20:11:56: GUIDANCE_SMGR: closing session for UUID 'ab81c5c9-b9a9-4af2-99d8-d7f7a55a9b80' with name ''
05/23/25 20:11:56: STOP_SERVER received, server token: 51880aa5-382b-11f0-9010-ae69446fc09b, passed token: 51880aa5-382b-11f0-9010-ae69446fc09b
05/23/25 20:11:56: Socket received request to stop server.
05/23/25 20:11:56: Dispatch Server: do_await_stop
05/23/25 20:11:56: SERVER: destructor for server bound to port 63354
05/23/25 20:11:56: Server exiting with status 0.
05/23/25 20:11:56: Closing log file.
05/23/25 20:13:05: Running xcd server. This server was built by gradle.
05/23/25 20:13:05: Server was asked to start on port: '63364'
05/23/25 20:13:05: Server is using token UUID: '7ae94de2-382b-11f0-bf35-ae69446fc09b'
05/23/25 20:13:05: SESSION_MGR: creating session with session uuid: '6d04a3e9-ade5-4ab9-8d63-1f78fcd2ec76' and name 'default'
05/23/25 20:13:05: Attempting to start server on port '63364'
05/23/25 20:13:05: Running Dispatch Server
05/23/25 20:13:05: Version 2.2.0
05/23/25 20:13:06: Dispatch Server: Accepted socket connection from client
05/23/25 20:13:06: Starting Socket connection
05/23/25 20:13:06: EXCHANGE_TOKEN received, server token: 7ae94de2-382b-11f0-bf35-ae69446fc09b, passed token: 7ae94de2-382b-11f0-bf35-ae69446fc09b
05/23/25 20:13:06: SESSION_MGR: creating session with session uuid: '79c56897-38d5-4260-985e-b69479217f72' and name 'Code Analyzer'
05/23/25 20:13:06: KERNEL_SVC: creating session with uuid: '79c56897-38d5-4260-985e-b69479217f72' and name 'Code Analyzer'
05/23/25 20:13:06: GUIDANCE_SMGR: creating guidance session with uuid: '79c56897-38d5-4260-985e-b69479217f72' and name 'Code Analyzer'
05/23/25 20:13:06: SESSION_MGR: closing session for UUID '79c56897-38d5-4260-985e-b69479217f72' with name ''
05/23/25 20:13:06: KERNEL_SVC: closing session for UUID '79c56897-38d5-4260-985e-b69479217f72' with name ''
05/23/25 20:13:06: GUIDANCE_SMGR: closing session for UUID '79c56897-38d5-4260-985e-b69479217f72' with name ''
05/23/25 20:13:06: STOP_SERVER received, server token: 7ae94de2-382b-11f0-bf35-ae69446fc09b, passed token: 7ae94de2-382b-11f0-bf35-ae69446fc09b
05/23/25 20:13:06: Socket received request to stop server.
05/23/25 20:13:06: Dispatch Server: do_await_stop
05/23/25 20:13:06: SERVER: destructor for server bound to port 63364
05/23/25 20:13:06: Server exiting with status 0.
05/23/25 20:13:06: Closing log file.
