Copyright 1986-2022 Xilinx, Inc. All Rights Reserved. Copyright 2022-2024 Advanced Micro Devices, Inc. All Rights Reserved.
---------------------------------------------------------------------------------------------------------------------------------------------
| Tool Version : Vivado v.2024.2 (win64) Build 5239630 Fri Nov 08 22:35:27 MST 2024
| Date         : Wed May 28 12:37:02 2025
| Host         : DESKTOP-8L9PMU5 running 64-bit major release  (build 9200)
| Command      : report_timing -max_paths 10 -file ./report/adder_timing_paths_routed.rpt
| Design       : bd_0_wrapper
| Device       : 7z007s-clg400
| Speed File   : -1  PRODUCTION 1.12 2019-11-22
| Design State : Routed
---------------------------------------------------------------------------------------------------------------------------------------------

Timing Report

Slack (MET) :             17.045ns  (required time - arrival time)
  Source:                 a[1]
                            (input port)
  Destination:            c[5]
  Path Group:             **default**
  Path Type:              Max at Slow Process Corner
  Requirement:            20.000ns  (MaxDelay Path 20.000ns)
  Data Path Delay:        2.955ns  (logic 1.008ns (34.115%)  route 1.947ns (65.885%))
  Logic Levels:           3  (CARRY4=2 LUT2=1)
  Output Delay:           0.000ns
  Timing Exception:       MaxDelay Path 20.000ns

    Location             Delay type                Incr(ns)  Path(ns)    Netlist Resource(s)
  -------------------------------------------------------------------    -------------------
                                                      0.000     0.000 r  a[1] (IN)
                         net (fo=0)                   0.973     0.973    bd_0_i/hls_inst/inst/a[1]
    SLICE_X27Y49         LUT2 (Prop_lut2_I1_O)        0.124     1.097 r  bd_0_i/hls_inst/inst/c[0]_INST_0_i_3/O
                         net (fo=1, routed)           0.000     1.097    bd_0_i/hls_inst/inst/c[0]_INST_0_i_3_n_0
    SLICE_X27Y49         CARRY4 (Prop_carry4_S[1]_CO[3])
                                                      0.550     1.647 r  bd_0_i/hls_inst/inst/c[0]_INST_0/CO[3]
                         net (fo=1, routed)           0.001     1.648    bd_0_i/hls_inst/inst/c[0]_INST_0_n_0
    SLICE_X27Y50         CARRY4 (Prop_carry4_CI_O[1])
                                                      0.334     1.982 r  bd_0_i/hls_inst/inst/c[4]_INST_0/O[1]
                         net (fo=0)                   0.973     2.955    c[5]
                                                                      r  c[5] (OUT)
  -------------------------------------------------------------------    -------------------

                         max delay                   20.000    20.000    
                         clock pessimism              0.000    20.000    
                         output delay                -0.000    20.000    
  -------------------------------------------------------------------
                         required time                         20.000    
                         arrival time                          -2.955    
  -------------------------------------------------------------------
                         slack                                 17.045    

Slack (MET) :             17.066ns  (required time - arrival time)
  Source:                 a[1]
                            (input port)
  Destination:            c[7]
  Path Group:             **default**
  Path Type:              Max at Slow Process Corner
  Requirement:            20.000ns  (MaxDelay Path 20.000ns)
  Data Path Delay:        2.934ns  (logic 0.987ns (33.644%)  route 1.947ns (66.356%))
  Logic Levels:           3  (CARRY4=2 LUT2=1)
  Output Delay:           0.000ns
  Timing Exception:       MaxDelay Path 20.000ns

    Location             Delay type                Incr(ns)  Path(ns)    Netlist Resource(s)
  -------------------------------------------------------------------    -------------------
                                                      0.000     0.000 r  a[1] (IN)
                         net (fo=0)                   0.973     0.973    bd_0_i/hls_inst/inst/a[1]
    SLICE_X27Y49         LUT2 (Prop_lut2_I1_O)        0.124     1.097 r  bd_0_i/hls_inst/inst/c[0]_INST_0_i_3/O
                         net (fo=1, routed)           0.000     1.097    bd_0_i/hls_inst/inst/c[0]_INST_0_i_3_n_0
    SLICE_X27Y49         CARRY4 (Prop_carry4_S[1]_CO[3])
                                                      0.550     1.647 r  bd_0_i/hls_inst/inst/c[0]_INST_0/CO[3]
                         net (fo=1, routed)           0.001     1.648    bd_0_i/hls_inst/inst/c[0]_INST_0_n_0
    SLICE_X27Y50         CARRY4 (Prop_carry4_CI_O[3])
                                                      0.313     1.961 r  bd_0_i/hls_inst/inst/c[4]_INST_0/O[3]
                         net (fo=0)                   0.973     2.934    c[7]
                                                                      r  c[7] (OUT)
  -------------------------------------------------------------------    -------------------

                         max delay                   20.000    20.000    
                         clock pessimism              0.000    20.000    
                         output delay                -0.000    20.000    
  -------------------------------------------------------------------
                         required time                         20.000    
                         arrival time                          -2.934    
  -------------------------------------------------------------------
                         slack                                 17.066    

Slack (MET) :             17.140ns  (required time - arrival time)
  Source:                 a[1]
                            (input port)
  Destination:            c[6]
  Path Group:             **default**
  Path Type:              Max at Slow Process Corner
  Requirement:            20.000ns  (MaxDelay Path 20.000ns)
  Data Path Delay:        2.860ns  (logic 0.913ns (31.926%)  route 1.947ns (68.073%))
  Logic Levels:           3  (CARRY4=2 LUT2=1)
  Output Delay:           0.000ns
  Timing Exception:       MaxDelay Path 20.000ns

    Location             Delay type                Incr(ns)  Path(ns)    Netlist Resource(s)
  -------------------------------------------------------------------    -------------------
                                                      0.000     0.000 r  a[1] (IN)
                         net (fo=0)                   0.973     0.973    bd_0_i/hls_inst/inst/a[1]
    SLICE_X27Y49         LUT2 (Prop_lut2_I1_O)        0.124     1.097 r  bd_0_i/hls_inst/inst/c[0]_INST_0_i_3/O
                         net (fo=1, routed)           0.000     1.097    bd_0_i/hls_inst/inst/c[0]_INST_0_i_3_n_0
    SLICE_X27Y49         CARRY4 (Prop_carry4_S[1]_CO[3])
                                                      0.550     1.647 r  bd_0_i/hls_inst/inst/c[0]_INST_0/CO[3]
                         net (fo=1, routed)           0.001     1.648    bd_0_i/hls_inst/inst/c[0]_INST_0_n_0
    SLICE_X27Y50         CARRY4 (Prop_carry4_CI_O[2])
                                                      0.239     1.887 r  bd_0_i/hls_inst/inst/c[4]_INST_0/O[2]
                         net (fo=0)                   0.973     2.860    c[6]
                                                                      r  c[6] (OUT)
  -------------------------------------------------------------------    -------------------

                         max delay                   20.000    20.000    
                         clock pessimism              0.000    20.000    
                         output delay                -0.000    20.000    
  -------------------------------------------------------------------
                         required time                         20.000    
                         arrival time                          -2.860    
  -------------------------------------------------------------------
                         slack                                 17.140    

Slack (MET) :             17.157ns  (required time - arrival time)
  Source:                 a[1]
                            (input port)
  Destination:            c[4]
  Path Group:             **default**
  Path Type:              Max at Slow Process Corner
  Requirement:            20.000ns  (MaxDelay Path 20.000ns)
  Data Path Delay:        2.843ns  (logic 0.896ns (31.519%)  route 1.947ns (68.481%))
  Logic Levels:           3  (CARRY4=2 LUT2=1)
  Output Delay:           0.000ns
  Timing Exception:       MaxDelay Path 20.000ns

    Location             Delay type                Incr(ns)  Path(ns)    Netlist Resource(s)
  -------------------------------------------------------------------    -------------------
                                                      0.000     0.000 r  a[1] (IN)
                         net (fo=0)                   0.973     0.973    bd_0_i/hls_inst/inst/a[1]
    SLICE_X27Y49         LUT2 (Prop_lut2_I1_O)        0.124     1.097 r  bd_0_i/hls_inst/inst/c[0]_INST_0_i_3/O
                         net (fo=1, routed)           0.000     1.097    bd_0_i/hls_inst/inst/c[0]_INST_0_i_3_n_0
    SLICE_X27Y49         CARRY4 (Prop_carry4_S[1]_CO[3])
                                                      0.550     1.647 r  bd_0_i/hls_inst/inst/c[0]_INST_0/CO[3]
                         net (fo=1, routed)           0.001     1.648    bd_0_i/hls_inst/inst/c[0]_INST_0_n_0
    SLICE_X27Y50         CARRY4 (Prop_carry4_CI_O[0])
                                                      0.222     1.870 r  bd_0_i/hls_inst/inst/c[4]_INST_0/O[0]
                         net (fo=0)                   0.973     2.843    c[4]
                                                                      r  c[4] (OUT)
  -------------------------------------------------------------------    -------------------

                         max delay                   20.000    20.000    
                         clock pessimism              0.000    20.000    
                         output delay                -0.000    20.000    
  -------------------------------------------------------------------
                         required time                         20.000    
                         arrival time                          -2.843    
  -------------------------------------------------------------------
                         slack                                 17.157    

Slack (MET) :             17.290ns  (required time - arrival time)
  Source:                 a[1]
                            (input port)
  Destination:            c[3]
  Path Group:             **default**
  Path Type:              Max at Slow Process Corner
  Requirement:            20.000ns  (MaxDelay Path 20.000ns)
  Data Path Delay:        2.710ns  (logic 0.764ns (28.192%)  route 1.946ns (71.808%))
  Logic Levels:           2  (CARRY4=1 LUT2=1)
  Output Delay:           0.000ns
  Timing Exception:       MaxDelay Path 20.000ns

    Location             Delay type                Incr(ns)  Path(ns)    Netlist Resource(s)
  -------------------------------------------------------------------    -------------------
                                                      0.000     0.000 r  a[1] (IN)
                         net (fo=0)                   0.973     0.973    bd_0_i/hls_inst/inst/a[1]
    SLICE_X27Y49         LUT2 (Prop_lut2_I1_O)        0.124     1.097 r  bd_0_i/hls_inst/inst/c[0]_INST_0_i_3/O
                         net (fo=1, routed)           0.000     1.097    bd_0_i/hls_inst/inst/c[0]_INST_0_i_3_n_0
    SLICE_X27Y49         CARRY4 (Prop_carry4_S[1]_O[3])
                                                      0.640     1.737 r  bd_0_i/hls_inst/inst/c[0]_INST_0/O[3]
                         net (fo=0)                   0.973     2.710    c[3]
                                                                      r  c[3] (OUT)
  -------------------------------------------------------------------    -------------------

                         max delay                   20.000    20.000    
                         clock pessimism              0.000    20.000    
                         output delay                -0.000    20.000    
  -------------------------------------------------------------------
                         required time                         20.000    
                         arrival time                          -2.710    
  -------------------------------------------------------------------
                         slack                                 17.290    

Slack (MET) :             17.350ns  (required time - arrival time)
  Source:                 a[1]
                            (input port)
  Destination:            c[2]
  Path Group:             **default**
  Path Type:              Max at Slow Process Corner
  Requirement:            20.000ns  (MaxDelay Path 20.000ns)
  Data Path Delay:        2.650ns  (logic 0.704ns (26.566%)  route 1.946ns (73.434%))
  Logic Levels:           2  (CARRY4=1 LUT2=1)
  Output Delay:           0.000ns
  Timing Exception:       MaxDelay Path 20.000ns

    Location             Delay type                Incr(ns)  Path(ns)    Netlist Resource(s)
  -------------------------------------------------------------------    -------------------
                                                      0.000     0.000 r  a[1] (IN)
                         net (fo=0)                   0.973     0.973    bd_0_i/hls_inst/inst/a[1]
    SLICE_X27Y49         LUT2 (Prop_lut2_I1_O)        0.124     1.097 r  bd_0_i/hls_inst/inst/c[0]_INST_0_i_3/O
                         net (fo=1, routed)           0.000     1.097    bd_0_i/hls_inst/inst/c[0]_INST_0_i_3_n_0
    SLICE_X27Y49         CARRY4 (Prop_carry4_S[1]_O[2])
                                                      0.580     1.677 r  bd_0_i/hls_inst/inst/c[0]_INST_0/O[2]
                         net (fo=0)                   0.973     2.650    c[2]
                                                                      r  c[2] (OUT)
  -------------------------------------------------------------------    -------------------

                         max delay                   20.000    20.000    
                         clock pessimism              0.000    20.000    
                         output delay                -0.000    20.000    
  -------------------------------------------------------------------
                         required time                         20.000    
                         arrival time                          -2.650    
  -------------------------------------------------------------------
                         slack                                 17.350    

Slack (MET) :             17.506ns  (required time - arrival time)
  Source:                 a[0]
                            (input port)
  Destination:            c[1]
  Path Group:             **default**
  Path Type:              Max at Slow Process Corner
  Requirement:            20.000ns  (MaxDelay Path 20.000ns)
  Data Path Delay:        2.494ns  (logic 0.548ns (21.973%)  route 1.946ns (78.027%))
  Logic Levels:           2  (CARRY4=1 LUT2=1)
  Output Delay:           0.000ns
  Timing Exception:       MaxDelay Path 20.000ns

    Location             Delay type                Incr(ns)  Path(ns)    Netlist Resource(s)
  -------------------------------------------------------------------    -------------------
                                                      0.000     0.000 r  a[0] (IN)
                         net (fo=0)                   0.973     0.973    bd_0_i/hls_inst/inst/a[0]
    SLICE_X27Y49         LUT2 (Prop_lut2_I1_O)        0.124     1.097 r  bd_0_i/hls_inst/inst/c[0]_INST_0_i_4/O
                         net (fo=1, routed)           0.000     1.097    bd_0_i/hls_inst/inst/c[0]_INST_0_i_4_n_0
    SLICE_X27Y49         CARRY4 (Prop_carry4_S[0]_O[1])
                                                      0.424     1.521 r  bd_0_i/hls_inst/inst/c[0]_INST_0/O[1]
                         net (fo=0)                   0.973     2.494    c[1]
                                                                      r  c[1] (OUT)
  -------------------------------------------------------------------    -------------------

                         max delay                   20.000    20.000    
                         clock pessimism              0.000    20.000    
                         output delay                -0.000    20.000    
  -------------------------------------------------------------------
                         required time                         20.000    
                         arrival time                          -2.494    
  -------------------------------------------------------------------
                         slack                                 17.506    

Slack (MET) :             17.683ns  (required time - arrival time)
  Source:                 a[0]
                            (input port)
  Destination:            c[0]
  Path Group:             **default**
  Path Type:              Max at Slow Process Corner
  Requirement:            20.000ns  (MaxDelay Path 20.000ns)
  Data Path Delay:        2.317ns  (logic 0.371ns (16.012%)  route 1.946ns (83.988%))
  Logic Levels:           2  (CARRY4=1 LUT2=1)
  Output Delay:           0.000ns
  Timing Exception:       MaxDelay Path 20.000ns

    Location             Delay type                Incr(ns)  Path(ns)    Netlist Resource(s)
  -------------------------------------------------------------------    -------------------
                                                      0.000     0.000 r  a[0] (IN)
                         net (fo=0)                   0.973     0.973    bd_0_i/hls_inst/inst/a[0]
    SLICE_X27Y49         LUT2 (Prop_lut2_I1_O)        0.124     1.097 r  bd_0_i/hls_inst/inst/c[0]_INST_0_i_4/O
                         net (fo=1, routed)           0.000     1.097    bd_0_i/hls_inst/inst/c[0]_INST_0_i_4_n_0
    SLICE_X27Y49         CARRY4 (Prop_carry4_S[0]_O[0])
                                                      0.247     1.344 r  bd_0_i/hls_inst/inst/c[0]_INST_0/O[0]
                         net (fo=0)                   0.973     2.317    c[0]
                                                                      r  c[0] (OUT)
  -------------------------------------------------------------------    -------------------

                         max delay                   20.000    20.000    
                         clock pessimism              0.000    20.000    
                         output delay                -0.000    20.000    
  -------------------------------------------------------------------
                         required time                         20.000    
                         arrival time                          -2.317    
  -------------------------------------------------------------------
                         slack                                 17.683    

Slack (MET) :             19.027ns  (required time - arrival time)
  Source:                 ap_ctrl_start
                            (input port)
  Destination:            ap_ctrl_done
  Path Group:             **default**
  Path Type:              Max at Slow Process Corner
  Requirement:            20.000ns  (MaxDelay Path 20.000ns)
  Data Path Delay:        0.973ns  (logic 0.000ns (0.000%)  route 0.973ns (100.000%))
  Logic Levels:           0  
  Output Delay:           0.000ns
  Timing Exception:       MaxDelay Path 20.000ns

    Location             Delay type                Incr(ns)  Path(ns)    Netlist Resource(s)
  -------------------------------------------------------------------    -------------------
                                                      0.000     0.000 r  ap_ctrl_start (IN)
                         net (fo=-1, unset)           0.973     0.973    ap_ctrl_done
                                                                      r  ap_ctrl_done (OUT)
  -------------------------------------------------------------------    -------------------

                         max delay                   20.000    20.000    
                         clock pessimism              0.000    20.000    
                         output delay                -0.000    20.000    
  -------------------------------------------------------------------
                         required time                         20.000    
                         arrival time                          -0.973    
  -------------------------------------------------------------------
                         slack                                 19.027    

Slack (MET) :             19.027ns  (required time - arrival time)
  Source:                 ap_ctrl_start
                            (input port)
  Destination:            ap_ctrl_ready
  Path Group:             **default**
  Path Type:              Max at Slow Process Corner
  Requirement:            20.000ns  (MaxDelay Path 20.000ns)
  Data Path Delay:        0.973ns  (logic 0.000ns (0.000%)  route 0.973ns (100.000%))
  Logic Levels:           0  
  Output Delay:           0.000ns
  Timing Exception:       MaxDelay Path 20.000ns

    Location             Delay type                Incr(ns)  Path(ns)    Netlist Resource(s)
  -------------------------------------------------------------------    -------------------
                                                      0.000     0.000 r  ap_ctrl_start (IN)
                         net (fo=-1, unset)           0.973     0.973    ap_ctrl_ready
                                                                      r  ap_ctrl_ready (OUT)
  -------------------------------------------------------------------    -------------------

                         max delay                   20.000    20.000    
                         clock pessimism              0.000    20.000    
                         output delay                -0.000    20.000    
  -------------------------------------------------------------------
                         required time                         20.000    
                         arrival time                          -0.973    
  -------------------------------------------------------------------
                         slack                                 19.027    




