Copyright 1986-2022 Xilinx, Inc. All Rights Reserved. Copyright 2022-2024 Advanced Micro Devices, Inc. All Rights Reserved.
---------------------------------------------------------------------------------------------------------------------------------------------
| Tool Version : Vivado v.2024.2 (win64) Build 5239630 Fri Nov 08 22:35:27 MST 2024
| Date         : Wed May 28 12:36:02 2025
| Host         : DESKTOP-8L9PMU5 running 64-bit major release  (build 9200)
| Command      : report_timing -max_paths 10 -file ./report/adder_timing_paths_synth.rpt
| Design       : bd_0_wrapper
| Device       : 7z007s-clg400
| Speed File   : -1  PRODUCTION 1.12 2019-11-22
| Design State : Synthesized
---------------------------------------------------------------------------------------------------------------------------------------------

Timing Report

Slack (MET) :             17.060ns  (required time - arrival time)
  Source:                 a[1]
                            (input port)
  Destination:            c[5]
  Path Group:             **default**
  Path Type:              Max at Slow Process Corner
  Requirement:            20.000ns  (MaxDelay Path 20.000ns)
  Data Path Delay:        2.940ns  (logic 0.994ns (33.810%)  route 1.946ns (66.190%))
  Logic Levels:           3  (CARRY4=2 LUT2=1)
  Output Delay:           0.000ns
  Timing Exception:       MaxDelay Path 20.000ns

    Location             Delay type                Incr(ns)  Path(ns)    Netlist Resource(s)
  -------------------------------------------------------------------    -------------------
                                                      0.000     0.000 r  a[1] (IN)
                         net (fo=0)                   0.973     0.973    bd_0_i/hls_inst/inst/a[1]
                         LUT2 (Prop_lut2_I1_O)        0.124     1.097 r  bd_0_i/hls_inst/inst/c[0]_INST_0_i_3/O
                         net (fo=1, unplaced)         0.000     1.097    bd_0_i/hls_inst/inst/c[0]_INST_0_i_3_n_0
                         CARRY4 (Prop_carry4_S[1]_CO[3])
                                                      0.533     1.630 r  bd_0_i/hls_inst/inst/c[0]_INST_0/CO[3]
                         net (fo=1, unplaced)         0.000     1.630    bd_0_i/hls_inst/inst/c[0]_INST_0_n_0
                         CARRY4 (Prop_carry4_CI_O[1])
                                                      0.337     1.967 r  bd_0_i/hls_inst/inst/c[4]_INST_0/O[1]
                         net (fo=0)                   0.973     2.940    c[5]
                                                                      r  c[5] (OUT)
  -------------------------------------------------------------------    -------------------

                         max delay                   20.000    20.000    
                         clock pessimism              0.000    20.000    
                         output delay                -0.000    20.000    
  -------------------------------------------------------------------
                         required time                         20.000    
                         arrival time                          -2.940    
  -------------------------------------------------------------------
                         slack                                 17.060    

Slack (MET) :             17.066ns  (required time - arrival time)
  Source:                 a[1]
                            (input port)
  Destination:            c[7]
  Path Group:             **default**
  Path Type:              Max at Slow Process Corner
  Requirement:            20.000ns  (MaxDelay Path 20.000ns)
  Data Path Delay:        2.934ns  (logic 0.988ns (33.674%)  route 1.946ns (66.326%))
  Logic Levels:           3  (CARRY4=2 LUT2=1)
  Output Delay:           0.000ns
  Timing Exception:       MaxDelay Path 20.000ns

    Location             Delay type                Incr(ns)  Path(ns)    Netlist Resource(s)
  -------------------------------------------------------------------    -------------------
                                                      0.000     0.000 r  a[1] (IN)
                         net (fo=0)                   0.973     0.973    bd_0_i/hls_inst/inst/a[1]
                         LUT2 (Prop_lut2_I1_O)        0.124     1.097 r  bd_0_i/hls_inst/inst/c[0]_INST_0_i_3/O
                         net (fo=1, unplaced)         0.000     1.097    bd_0_i/hls_inst/inst/c[0]_INST_0_i_3_n_0
                         CARRY4 (Prop_carry4_S[1]_CO[3])
                                                      0.533     1.630 r  bd_0_i/hls_inst/inst/c[0]_INST_0/CO[3]
                         net (fo=1, unplaced)         0.000     1.630    bd_0_i/hls_inst/inst/c[0]_INST_0_n_0
                         CARRY4 (Prop_carry4_CI_O[3])
                                                      0.331     1.961 r  bd_0_i/hls_inst/inst/c[4]_INST_0/O[3]
                         net (fo=0)                   0.973     2.934    c[7]
                                                                      r  c[7] (OUT)
  -------------------------------------------------------------------    -------------------

                         max delay                   20.000    20.000    
                         clock pessimism              0.000    20.000    
                         output delay                -0.000    20.000    
  -------------------------------------------------------------------
                         required time                         20.000    
                         arrival time                          -2.934    
  -------------------------------------------------------------------
                         slack                                 17.066    

Slack (MET) :             17.141ns  (required time - arrival time)
  Source:                 a[1]
                            (input port)
  Destination:            c[6]
  Path Group:             **default**
  Path Type:              Max at Slow Process Corner
  Requirement:            20.000ns  (MaxDelay Path 20.000ns)
  Data Path Delay:        2.859ns  (logic 0.913ns (31.934%)  route 1.946ns (68.066%))
  Logic Levels:           3  (CARRY4=2 LUT2=1)
  Output Delay:           0.000ns
  Timing Exception:       MaxDelay Path 20.000ns

    Location             Delay type                Incr(ns)  Path(ns)    Netlist Resource(s)
  -------------------------------------------------------------------    -------------------
                                                      0.000     0.000 r  a[1] (IN)
                         net (fo=0)                   0.973     0.973    bd_0_i/hls_inst/inst/a[1]
                         LUT2 (Prop_lut2_I1_O)        0.124     1.097 r  bd_0_i/hls_inst/inst/c[0]_INST_0_i_3/O
                         net (fo=1, unplaced)         0.000     1.097    bd_0_i/hls_inst/inst/c[0]_INST_0_i_3_n_0
                         CARRY4 (Prop_carry4_S[1]_CO[3])
                                                      0.533     1.630 r  bd_0_i/hls_inst/inst/c[0]_INST_0/CO[3]
                         net (fo=1, unplaced)         0.000     1.630    bd_0_i/hls_inst/inst/c[0]_INST_0_n_0
                         CARRY4 (Prop_carry4_CI_O[2])
                                                      0.256     1.886 r  bd_0_i/hls_inst/inst/c[4]_INST_0/O[2]
                         net (fo=0)                   0.973     2.859    c[6]
                                                                      r  c[6] (OUT)
  -------------------------------------------------------------------    -------------------

                         max delay                   20.000    20.000    
                         clock pessimism              0.000    20.000    
                         output delay                -0.000    20.000    
  -------------------------------------------------------------------
                         required time                         20.000    
                         arrival time                          -2.859    
  -------------------------------------------------------------------
                         slack                                 17.141    

Slack (MET) :             17.165ns  (required time - arrival time)
  Source:                 a[1]
                            (input port)
  Destination:            c[4]
  Path Group:             **default**
  Path Type:              Max at Slow Process Corner
  Requirement:            20.000ns  (MaxDelay Path 20.000ns)
  Data Path Delay:        2.835ns  (logic 0.889ns (31.358%)  route 1.946ns (68.642%))
  Logic Levels:           3  (CARRY4=2 LUT2=1)
  Output Delay:           0.000ns
  Timing Exception:       MaxDelay Path 20.000ns

    Location             Delay type                Incr(ns)  Path(ns)    Netlist Resource(s)
  -------------------------------------------------------------------    -------------------
                                                      0.000     0.000 r  a[1] (IN)
                         net (fo=0)                   0.973     0.973    bd_0_i/hls_inst/inst/a[1]
                         LUT2 (Prop_lut2_I1_O)        0.124     1.097 r  bd_0_i/hls_inst/inst/c[0]_INST_0_i_3/O
                         net (fo=1, unplaced)         0.000     1.097    bd_0_i/hls_inst/inst/c[0]_INST_0_i_3_n_0
                         CARRY4 (Prop_carry4_S[1]_CO[3])
                                                      0.533     1.630 r  bd_0_i/hls_inst/inst/c[0]_INST_0/CO[3]
                         net (fo=1, unplaced)         0.000     1.630    bd_0_i/hls_inst/inst/c[0]_INST_0_n_0
                         CARRY4 (Prop_carry4_CI_O[0])
                                                      0.232     1.862 r  bd_0_i/hls_inst/inst/c[4]_INST_0/O[0]
                         net (fo=0)                   0.973     2.835    c[4]
                                                                      r  c[4] (OUT)
  -------------------------------------------------------------------    -------------------

                         max delay                   20.000    20.000    
                         clock pessimism              0.000    20.000    
                         output delay                -0.000    20.000    
  -------------------------------------------------------------------
                         required time                         20.000    
                         arrival time                          -2.835    
  -------------------------------------------------------------------
                         slack                                 17.165    

Slack (MET) :             17.287ns  (required time - arrival time)
  Source:                 a[1]
                            (input port)
  Destination:            c[3]
  Path Group:             **default**
  Path Type:              Max at Slow Process Corner
  Requirement:            20.000ns  (MaxDelay Path 20.000ns)
  Data Path Delay:        2.713ns  (logic 0.767ns (28.271%)  route 1.946ns (71.729%))
  Logic Levels:           2  (CARRY4=1 LUT2=1)
  Output Delay:           0.000ns
  Timing Exception:       MaxDelay Path 20.000ns

    Location             Delay type                Incr(ns)  Path(ns)    Netlist Resource(s)
  -------------------------------------------------------------------    -------------------
                                                      0.000     0.000 r  a[1] (IN)
                         net (fo=0)                   0.973     0.973    bd_0_i/hls_inst/inst/a[1]
                         LUT2 (Prop_lut2_I1_O)        0.124     1.097 r  bd_0_i/hls_inst/inst/c[0]_INST_0_i_3/O
                         net (fo=1, unplaced)         0.000     1.097    bd_0_i/hls_inst/inst/c[0]_INST_0_i_3_n_0
                         CARRY4 (Prop_carry4_S[1]_O[3])
                                                      0.643     1.740 r  bd_0_i/hls_inst/inst/c[0]_INST_0/O[3]
                         net (fo=0)                   0.973     2.713    c[3]
                                                                      r  c[3] (OUT)
  -------------------------------------------------------------------    -------------------

                         max delay                   20.000    20.000    
                         clock pessimism              0.000    20.000    
                         output delay                -0.000    20.000    
  -------------------------------------------------------------------
                         required time                         20.000    
                         arrival time                          -2.713    
  -------------------------------------------------------------------
                         slack                                 17.287    

Slack (MET) :             17.352ns  (required time - arrival time)
  Source:                 a[1]
                            (input port)
  Destination:            c[2]
  Path Group:             **default**
  Path Type:              Max at Slow Process Corner
  Requirement:            20.000ns  (MaxDelay Path 20.000ns)
  Data Path Delay:        2.648ns  (logic 0.702ns (26.511%)  route 1.946ns (73.489%))
  Logic Levels:           2  (CARRY4=1 LUT2=1)
  Output Delay:           0.000ns
  Timing Exception:       MaxDelay Path 20.000ns

    Location             Delay type                Incr(ns)  Path(ns)    Netlist Resource(s)
  -------------------------------------------------------------------    -------------------
                                                      0.000     0.000 r  a[1] (IN)
                         net (fo=0)                   0.973     0.973    bd_0_i/hls_inst/inst/a[1]
                         LUT2 (Prop_lut2_I1_O)        0.124     1.097 r  bd_0_i/hls_inst/inst/c[0]_INST_0_i_3/O
                         net (fo=1, unplaced)         0.000     1.097    bd_0_i/hls_inst/inst/c[0]_INST_0_i_3_n_0
                         CARRY4 (Prop_carry4_S[1]_O[2])
                                                      0.578     1.675 r  bd_0_i/hls_inst/inst/c[0]_INST_0/O[2]
                         net (fo=0)                   0.973     2.648    c[2]
                                                                      r  c[2] (OUT)
  -------------------------------------------------------------------    -------------------

                         max delay                   20.000    20.000    
                         clock pessimism              0.000    20.000    
                         output delay                -0.000    20.000    
  -------------------------------------------------------------------
                         required time                         20.000    
                         arrival time                          -2.648    
  -------------------------------------------------------------------
                         slack                                 17.352    

Slack (MET) :             17.503ns  (required time - arrival time)
  Source:                 a[0]
                            (input port)
  Destination:            c[1]
  Path Group:             **default**
  Path Type:              Max at Slow Process Corner
  Requirement:            20.000ns  (MaxDelay Path 20.000ns)
  Data Path Delay:        2.497ns  (logic 0.551ns (22.066%)  route 1.946ns (77.934%))
  Logic Levels:           2  (CARRY4=1 LUT2=1)
  Output Delay:           0.000ns
  Timing Exception:       MaxDelay Path 20.000ns

    Location             Delay type                Incr(ns)  Path(ns)    Netlist Resource(s)
  -------------------------------------------------------------------    -------------------
                                                      0.000     0.000 r  a[0] (IN)
                         net (fo=0)                   0.973     0.973    bd_0_i/hls_inst/inst/a[0]
                         LUT2 (Prop_lut2_I1_O)        0.124     1.097 r  bd_0_i/hls_inst/inst/c[0]_INST_0_i_4/O
                         net (fo=1, unplaced)         0.000     1.097    bd_0_i/hls_inst/inst/c[0]_INST_0_i_4_n_0
                         CARRY4 (Prop_carry4_S[0]_O[1])
                                                      0.427     1.524 r  bd_0_i/hls_inst/inst/c[0]_INST_0/O[1]
                         net (fo=0)                   0.973     2.497    c[1]
                                                                      r  c[1] (OUT)
  -------------------------------------------------------------------    -------------------

                         max delay                   20.000    20.000    
                         clock pessimism              0.000    20.000    
                         output delay                -0.000    20.000    
  -------------------------------------------------------------------
                         required time                         20.000    
                         arrival time                          -2.497    
  -------------------------------------------------------------------
                         slack                                 17.503    

Slack (MET) :             17.678ns  (required time - arrival time)
  Source:                 a[0]
                            (input port)
  Destination:            c[0]
  Path Group:             **default**
  Path Type:              Max at Slow Process Corner
  Requirement:            20.000ns  (MaxDelay Path 20.000ns)
  Data Path Delay:        2.322ns  (logic 0.376ns (16.193%)  route 1.946ns (83.807%))
  Logic Levels:           2  (CARRY4=1 LUT2=1)
  Output Delay:           0.000ns
  Timing Exception:       MaxDelay Path 20.000ns

    Location             Delay type                Incr(ns)  Path(ns)    Netlist Resource(s)
  -------------------------------------------------------------------    -------------------
                                                      0.000     0.000 r  a[0] (IN)
                         net (fo=0)                   0.973     0.973    bd_0_i/hls_inst/inst/a[0]
                         LUT2 (Prop_lut2_I1_O)        0.124     1.097 r  bd_0_i/hls_inst/inst/c[0]_INST_0_i_4/O
                         net (fo=1, unplaced)         0.000     1.097    bd_0_i/hls_inst/inst/c[0]_INST_0_i_4_n_0
                         CARRY4 (Prop_carry4_S[0]_O[0])
                                                      0.252     1.349 r  bd_0_i/hls_inst/inst/c[0]_INST_0/O[0]
                         net (fo=0)                   0.973     2.322    c[0]
                                                                      r  c[0] (OUT)
  -------------------------------------------------------------------    -------------------

                         max delay                   20.000    20.000    
                         clock pessimism              0.000    20.000    
                         output delay                -0.000    20.000    
  -------------------------------------------------------------------
                         required time                         20.000    
                         arrival time                          -2.322    
  -------------------------------------------------------------------
                         slack                                 17.678    

Slack (MET) :             19.027ns  (required time - arrival time)
  Source:                 ap_ctrl_start
                            (input port)
  Destination:            ap_ctrl_done
  Path Group:             **default**
  Path Type:              Max at Slow Process Corner
  Requirement:            20.000ns  (MaxDelay Path 20.000ns)
  Data Path Delay:        0.973ns  (logic 0.000ns (0.000%)  route 0.973ns (100.000%))
  Logic Levels:           0  
  Output Delay:           0.000ns
  Timing Exception:       MaxDelay Path 20.000ns

    Location             Delay type                Incr(ns)  Path(ns)    Netlist Resource(s)
  -------------------------------------------------------------------    -------------------
                                                      0.000     0.000 r  ap_ctrl_start (IN)
                         net (fo=-1, unset)           0.973     0.973    ap_ctrl_done
                                                                      r  ap_ctrl_done (OUT)
  -------------------------------------------------------------------    -------------------

                         max delay                   20.000    20.000    
                         clock pessimism              0.000    20.000    
                         output delay                -0.000    20.000    
  -------------------------------------------------------------------
                         required time                         20.000    
                         arrival time                          -0.973    
  -------------------------------------------------------------------
                         slack                                 19.027    

Slack (MET) :             19.027ns  (required time - arrival time)
  Source:                 ap_ctrl_start
                            (input port)
  Destination:            ap_ctrl_ready
  Path Group:             **default**
  Path Type:              Max at Slow Process Corner
  Requirement:            20.000ns  (MaxDelay Path 20.000ns)
  Data Path Delay:        0.973ns  (logic 0.000ns (0.000%)  route 0.973ns (100.000%))
  Logic Levels:           0  
  Output Delay:           0.000ns
  Timing Exception:       MaxDelay Path 20.000ns

    Location             Delay type                Incr(ns)  Path(ns)    Netlist Resource(s)
  -------------------------------------------------------------------    -------------------
                                                      0.000     0.000 r  ap_ctrl_start (IN)
                         net (fo=-1, unset)           0.973     0.973    ap_ctrl_ready
                                                                      r  ap_ctrl_ready (OUT)
  -------------------------------------------------------------------    -------------------

                         max delay                   20.000    20.000    
                         clock pessimism              0.000    20.000    
                         output delay                -0.000    20.000    
  -------------------------------------------------------------------
                         required time                         20.000    
                         arrival time                          -0.973    
  -------------------------------------------------------------------
                         slack                                 19.027    




