F:\Xilinx\projeto_hls\adder\adder\hls\.autopilot\db\adder.pp.0.cpp:30153:5: warning: Added loop label VITIS_LOOP_676_1:   [xilinx-label-all-loops]
    for (unsigned i = low; i != high+1; ++i) {
    ^~~
    VITIS_LOOP_676_1: 
F:\Xilinx\projeto_hls\adder\adder\hls\.autopilot\db\adder.pp.0.cpp:30153:5: note: FIX-IT applied suggested code changes
F:\Xilinx\projeto_hls\adder\adder\hls\.autopilot\db\adder.pp.0.cpp:30167:5: warning: Added loop label VITIS_LOOP_690_1:   [xilinx-label-all-loops]
    for (unsigned i = low; i != high+1; ++i) {
    ^~~
    VITIS_LOOP_690_1: 
F:\Xilinx\projeto_hls\adder\adder\hls\.autopilot\db\adder.pp.0.cpp:30167:5: note: FIX-IT applied suggested code changes
F:\Xilinx\projeto_hls\adder\adder\hls\.autopilot\db\adder.pp.0.cpp:30181:5: warning: Added loop label VITIS_LOOP_704_1:   [xilinx-label-all-loops]
    for (unsigned i = low; i != high+1; ++i) {
    ^~~
    VITIS_LOOP_704_1: 
F:\Xilinx\projeto_hls\adder\adder\hls\.autopilot\db\adder.pp.0.cpp:30181:5: note: FIX-IT applied suggested code changes
F:\Xilinx\projeto_hls\adder\adder\hls\.autopilot\db\adder.pp.0.cpp:31815:7: warning: Added loop label VITIS_LOOP_1248_1:   [xilinx-label-all-loops]
      for (i = 0; i < __N - 1; ++i) {
      ^~~
      VITIS_LOOP_1248_1: 
F:\Xilinx\projeto_hls\adder\adder\hls\.autopilot\db\adder.pp.0.cpp:31815:7: note: FIX-IT applied suggested code changes
