  **** HLS Build v2024.2 5238294
INFO: [HLS 200-2005] Using work_dir D:/Projetos_HLS/soma/soma 
INFO: [HLS 200-1505] Using default flow_target 'vivado'
Resolution: For help on HLS 200-1505 see docs.xilinx.com/access/sources/dita/topic?Doc_Version=2024.2%20English&url=ug1448-hls-guidance&resourceid=200-1505.html
INFO: [HLS 200-1465] Applying ini 'syn.file=D:/Projetos_HLS/soma/soma.cpp' from D:/Projetos_HLS/soma/hls_config.cfg(7)
INFO: [HLS 200-10] Adding design file 'D:/Projetos_HLS/soma/soma.cpp' to the project
INFO: [HLS 200-1465] Applying ini 'syn.top=soma' from D:/Projetos_HLS/soma/hls_config.cfg(8)
INFO: [HLS 200-1465] Applying ini 'flow_target=vivado' from D:/Projetos_HLS/soma/hls_config.cfg(4)
INFO: [HLS 200-1505] Using flow_target 'vivado'
Resolution: For help on HLS 200-1505 see docs.xilinx.com/access/sources/dita/topic?Doc_Version=2024.2%20English&url=ug1448-hls-guidance&resourceid=200-1505.html
INFO: [HLS 200-1465] Applying ini 'part=xc7z007sclg400-1' from D:/Projetos_HLS/soma/hls_config.cfg(1)
INFO: [HLS 200-1611] Setting target device to 'xc7z007s-clg400-1'
INFO: [HLS 200-1465] Applying ini 'cosim.rtl=vhdl' from D:/Projetos_HLS/soma/hls_config.cfg(9)
INFO: [HLS 200-1465] Applying ini 'cosim.trace_level=all' from D:/Projetos_HLS/soma/hls_config.cfg(10)
INFO: [HLS 200-1465] Applying ini 'package.output.format=ip_catalog' from D:/Projetos_HLS/soma/hls_config.cfg(5)
INFO: [HLS 200-111] Finished File checks and directory preparation: CPU user time: 1 seconds. CPU system time: 0 seconds. Elapsed time: 1.337 seconds; current allocated memory: 148.195 MB.
INFO: [HLS 200-10] Analyzing design file 'soma.cpp' ... 
INFO: [HLS 200-111] Finished Source Code Analysis and Preprocessing: CPU user time: 0 seconds. CPU system time: 0 seconds. Elapsed time: 0.629 seconds; current allocated memory: 150.461 MB.
INFO: [HLS 200-777] Using interface defaults for 'Vivado' flow target.
INFO: [HLS 200-1995] There were 3 instructions in the design after the 'Compile/Link' phase of compilation. See the Design Size Report for more details: D:/Projetos_HLS/soma/soma/hls/syn/report/csynth_design_size.rpt
INFO: [HLS 200-1995] There were 3 instructions in the design after the 'Unroll/Inline (step 1)' phase of compilation. See the Design Size Report for more details: D:/Projetos_HLS/soma/soma/hls/syn/report/csynth_design_size.rpt
INFO: [HLS 200-1995] There were 3 instructions in the design after the 'Unroll/Inline (step 2)' phase of compilation. See the Design Size Report for more details: D:/Projetos_HLS/soma/soma/hls/syn/report/csynth_design_size.rpt
INFO: [HLS 200-1995] There were 3 instructions in the design after the 'Unroll/Inline (step 3)' phase of compilation. See the Design Size Report for more details: D:/Projetos_HLS/soma/soma/hls/syn/report/csynth_design_size.rpt
INFO: [HLS 200-1995] There were 3 instructions in the design after the 'Unroll/Inline (step 4)' phase of compilation. See the Design Size Report for more details: D:/Projetos_HLS/soma/soma/hls/syn/report/csynth_design_size.rpt
INFO: [HLS 200-1995] There were 3 instructions in the design after the 'Array/Struct (step 1)' phase of compilation. See the Design Size Report for more details: D:/Projetos_HLS/soma/soma/hls/syn/report/csynth_design_size.rpt
INFO: [HLS 200-1995] There were 3 instructions in the design after the 'Array/Struct (step 2)' phase of compilation. See the Design Size Report for more details: D:/Projetos_HLS/soma/soma/hls/syn/report/csynth_design_size.rpt
INFO: [HLS 200-1995] There were 3 instructions in the design after the 'Array/Struct (step 3)' phase of compilation. See the Design Size Report for more details: D:/Projetos_HLS/soma/soma/hls/syn/report/csynth_design_size.rpt
INFO: [HLS 200-1995] There were 3 instructions in the design after the 'Array/Struct (step 4)' phase of compilation. See the Design Size Report for more details: D:/Projetos_HLS/soma/soma/hls/syn/report/csynth_design_size.rpt
INFO: [HLS 200-1995] There were 3 instructions in the design after the 'Array/Struct (step 5)' phase of compilation. See the Design Size Report for more details: D:/Projetos_HLS/soma/soma/hls/syn/report/csynth_design_size.rpt
INFO: [HLS 200-1995] There were 3 instructions in the design after the 'Performance (step 1)' phase of compilation. See the Design Size Report for more details: D:/Projetos_HLS/soma/soma/hls/syn/report/csynth_design_size.rpt
INFO: [HLS 200-1995] There were 3 instructions in the design after the 'Performance (step 2)' phase of compilation. See the Design Size Report for more details: D:/Projetos_HLS/soma/soma/hls/syn/report/csynth_design_size.rpt
INFO: [HLS 200-1995] There were 3 instructions in the design after the 'Performance (step 3)' phase of compilation. See the Design Size Report for more details: D:/Projetos_HLS/soma/soma/hls/syn/report/csynth_design_size.rpt
INFO: [HLS 200-1995] There were 3 instructions in the design after the 'Performance (step 4)' phase of compilation. See the Design Size Report for more details: D:/Projetos_HLS/soma/soma/hls/syn/report/csynth_design_size.rpt
INFO: [HLS 200-1995] There were 9 instructions in the design after the 'HW Transforms (step 1)' phase of compilation. See the Design Size Report for more details: D:/Projetos_HLS/soma/soma/hls/syn/report/csynth_design_size.rpt
INFO: [HLS 200-1995] There were 10 instructions in the design after the 'HW Transforms (step 2)' phase of compilation. See the Design Size Report for more details: D:/Projetos_HLS/soma/soma/hls/syn/report/csynth_design_size.rpt
INFO: [HLS 200-111] Finished Compiling Optimization and Transform: CPU user time: 0 seconds. CPU system time: 1 seconds. Elapsed time: 6.949 seconds; current allocated memory: 152.574 MB.
INFO: [HLS 200-111] Finished Checking Pragmas: CPU user time: 0 seconds. CPU system time: 0 seconds. Elapsed time: 0.001 seconds; current allocated memory: 152.578 MB.
INFO: [HLS 200-10] Starting code transformations ...
INFO: [HLS 200-111] Finished Standard Transforms: CPU user time: 0 seconds. CPU system time: 0 seconds. Elapsed time: 0.015 seconds; current allocated memory: 155.898 MB.
INFO: [HLS 200-10] Checking synthesizability ...
INFO: [HLS 200-111] Finished Checking Synthesizability: CPU user time: 0 seconds. CPU system time: 0 seconds. Elapsed time: 0.021 seconds; current allocated memory: 156.926 MB.
INFO: [HLS 200-111] Finished Loop, function and other optimizations: CPU user time: 0 seconds. CPU system time: 0 seconds. Elapsed time: 0.028 seconds; current allocated memory: 177.172 MB.
INFO: [HLS 200-111] Finished Architecture Synthesis: CPU user time: 0 seconds. CPU system time: 0 seconds. Elapsed time: 0.019 seconds; current allocated memory: 177.211 MB.
INFO: [HLS 200-10] Starting hardware synthesis ...
INFO: [HLS 200-10] Synthesizing 'soma' ...
INFO: [SYN 201-201] Setting up clock 'default' with a period of 10ns.
INFO: [HLS 200-10] ----------------------------------------------------------------
INFO: [HLS 200-42] -- Implementing module 'soma' 
INFO: [HLS 200-10] ----------------------------------------------------------------
INFO: [SCHED 204-11] Starting scheduling ...
INFO: [SCHED 204-11] Finished scheduling.
INFO: [HLS 200-111] Finished Scheduling: CPU user time: 0 seconds. CPU system time: 0 seconds. Elapsed time: 0.116 seconds; current allocated memory: 177.211 MB.
INFO: [BIND 205-100] Starting micro-architecture generation ...
INFO: [BIND 205-101] Performing variable lifetime analysis.
INFO: [BIND 205-101] Exploring resource sharing.
INFO: [BIND 205-101] Binding ...
INFO: [BIND 205-100] Finished micro-architecture generation.
INFO: [HLS 200-111] Finished Binding: CPU user time: 0 seconds. CPU system time: 0 seconds. Elapsed time: 0.041 seconds; current allocated memory: 177.211 MB.
INFO: [HLS 200-10] ----------------------------------------------------------------
INFO: [HLS 200-10] -- Generating RTL for module 'soma' 
INFO: [HLS 200-10] ----------------------------------------------------------------
INFO: [RTGEN 206-500] Setting interface mode on port 'soma/A' to 'ap_none'.
INFO: [RTGEN 206-500] Setting interface mode on port 'soma/B' to 'ap_none'.
INFO: [RTGEN 206-500] Setting interface mode on port 'soma/C' to 'ap_vld'.
INFO: [RTGEN 206-500] Setting interface mode on function 'soma' to 'ap_ctrl_hs'.
INFO: [RTGEN 206-100] Finished creating RTL model for 'soma'.
INFO: [HLS 200-111] Finished Creating RTL model: CPU user time: 0 seconds. CPU system time: 0 seconds. Elapsed time: 0.072 seconds; current allocated memory: 177.211 MB.
INFO: [HLS 200-111] Finished Generating all RTL models: CPU user time: 0 seconds. CPU system time: 0 seconds. Elapsed time: 0.141 seconds; current allocated memory: 178.973 MB.
INFO: [HLS 200-111] Finished Updating report files: CPU user time: 0 seconds. CPU system time: 0 seconds. Elapsed time: 0.283 seconds; current allocated memory: 179.445 MB.
INFO: [VHDL 208-304] Generating VHDL RTL for soma.
INFO: [VLOG 209-307] Generating Verilog RTL for soma.
INFO: [HLS 200-789] **** Estimated Fmax: 391.85 MHz
INFO: [HLS 200-112] Total CPU user time: 1 seconds. Total CPU system time: 1 seconds. Total elapsed time: 10.627 seconds; peak allocated memory: 179.570 MB.
INFO: [v++ 60-791] Total elapsed time: 0h 0m 14s
