# 
# Steps log generated by v++
# This log file contains a collection of steps that describe the kernel compilation flow
# Note: Some steps are tagged as internal, these steps are for debugging purposes and 
#       are not expected to be able to run independently.
# 

# The following environment variables are set when running v++
Environment variables :
------------------------------------------
ALLUSERSPROFILE=C:\ProgramData
APPDATA=C:\Users\Thalles\AppData\Roaming
arr.length=0
arr.Ubound=-1
CHARPOP=1
CMAKE_OBJECT_PATH_MAX=4096
CommonProgramFiles=C:\Program Files\Common Files
CommonProgramFiles(x86)=C:\Program Files (x86)\Common Files
CommonProgramW6432=C:\Program Files\Common Files
COMPUTERNAME=PC-MEGA-POWER
ComSpec=C:\WINDOWS\system32\cmd.exe
DriverData=C:\Windows\System32\Drivers\DriverData
EFC_8256_1592913036=1
HDI_APPROOT=E:/Xilinx/Vitis/2024.2
HDI_PROCESSOR=i686
HOMEDRIVE=C:
HOMEPATH=\Users\Thalles
HW_SERVER_DJTG_DISABLE=1
HW_SERVER_FTDIMGR_DISABLE=1
IDE_SKIP_SERVER_LICENSE=1
INT_VARIABLE_NAME=XILINX_PATH
ISL_IOSTREAMS_RSA=E:/Xilinx/Vitis/2024.2/tps/isl
JAVA_EXE=E:/Xilinx\Vitis\2024.2\tps\win64\jre11.0.16_1\bin\java.exe
JAVA_HOME=E:/Xilinx\Vitis\2024.2\tps\win64\jre11.0.16_1
LC_NUMERIC=C
LOCALAPPDATA=C:\Users\Thalles\AppData\Local
LOGONSERVER=\\PC-MEGA-POWER
LOPPER_DTC_FLAGS=-b 0 -@
NOSPLASH=false
NUMBER_OF_PROCESSORS=12
OneDrive=C:\Users\Thalles\OneDrive
OneDriveConsumer=C:\Users\Thalles\OneDrive
ORIGINAL_XDG_CURRENT_DESKTOP=undefined
OS=Windows_NT
PATH=E:/Xilinx/Vivado/2024.2/tps/win64/binutils-2.26/bin;E:/Xilinx/Vitis/2024.2/bin/../gnu/aarch64/nt/aarch64-linux/bin;E:/Xilinx/Vitis/2024.2/bin/../gnu/ppc64le/4.9.3/win64/bin;E:/Xilinx/Vitis/2024.2/bin/../gnu/aarch32/nt/gcc-arm-linux-gnueabi/bin;E:/Xilinx/Vitis/2024.2/tps/mingw/6.2.0/win64.o/nt/bin;E:/Xilinx/Vivado/2024.2\gnuwin\bin;E:/Xilinx/Vivado/2024.2\gnu\microblaze\nt\bin;E:/Xilinx/Vitis/2024.2/bin;E:/Xilinx/Vitis/2024.2/tps/win64/javafx-sdk-11.0.2/lib;E:/Xilinx/Vitis/2024.2/tps/win64/javafx-sdk-11.0.2/bin;E:/Xilinx/Vitis/2024.2/lib/win64.o;E:/Xilinx/Vitis/2024.2/tps/win64/jre11.0.16_1/bin/server;E:/Xilinx/Vitis/2024.2/tps/win64/jre11.0.16_1/bin;E:\Xilinx\Vitis\2024.2\tps\win64\lopper-1.1.0-packages\min_sdk\\usr\bin;E:/Xilinx\Vitis\2024.2\tps\win64\cmake-3.24.2\bin;E:/Xilinx\Vitis\2024.2\gnu\microblaze\nt\bin;E:/Xilinx\Vitis\2024.2\gnu\microblaze\linux_toolchain\nt64_le\bin;E:/Xilinx\Vitis\2024.2\gnu\aarch32\nt\gcc-arm-linux-gnueabi\bin;E:/Xilinx\Vitis\2024.2\gnu\aarch32\nt\gcc-arm-none-eabi\bin;E:/Xilinx\Vitis\2024.2\gnu\aarch64\nt\aarch64-linux\bin;E:/Xilinx\Vitis\2024.2\gnu\aarch64\nt\aarch64-none\bin;E:/Xilinx\Vitis\2024.2\gnu\armr5\nt\gcc-arm-none-eabi\bin;E:/Xilinx\Vitis\2024.2\gnuwin\bin;E:/Xilinx\Vitis\2024.2\tps\win64\python-3.8.3;E:/Xilinx\Vitis\2024.2\tps\win64\libxslt\bin;E:/Xilinx/Vivado/2024.2\bin;E:/Xilinx/Vitis/2024.2\gnu\arm\nt\bin;E:/Xilinx/Vitis/2024.2\gnu\microblaze\linux_toolchain\nt64_be\bin;E:/Xilinx/Vitis/2024.2\gnu\riscv\nt\riscv64-unknown-elf\bin;E:/Xilinx/Vivado/2024.2\tps\win64\python-3.8.3;E:/Xilinx/Vivado/2024.2\tps\win64\git-2.45.0\bin;E:/Xilinx/Vivado/2024.2\tps\win64\cmake-3.24.2\bin;E:/Xilinx/Vitis/2024.2\win64\tools\clang\bin;C:\WINDOWS\system32;C:\WINDOWS;C:\WINDOWS\System32\Wbem;C:\WINDOWS\System32\WindowsPowerShell\v1.0\;C:\WINDOWS\System32\OpenSSH\;C:\Program Files\Git\cmd;C:\Program Files\Docker\Docker\resources\bin;C:\Users\Thalles\AppData\Local\Microsoft\WindowsApps;C:\Users\Thalles\AppData\Local\Programs\Microsoft VS Code\bin;E:/Xilinx/Vitis/2024.2\tps\mingw\6.2.0\win64.o\nt\bin;E:/Xilinx/Vitis/2024.2\tps\mingw\6.2.0\win64.o\nt\libexec\gcc\x86_64-w64-mingw32\6.2.0
PATHEXT=.COM;.EXE;.BAT;.CMD;.VBS;.VBE;.JS;.JSE;.WSF;.WSH;.MSC
PROCESSOR_ARCHITECTURE=AMD64
PROCESSOR_IDENTIFIER=Intel64 Family 6 Model 151 Stepping 5, GenuineIntel
PROCESSOR_LEVEL=6
PROCESSOR_REVISION=9705
PRODVERSION_EXE=E:/Xilinx/Vitis/2024.2/bin/unwrapped/win64.o/prodversion.exe
ProgramData=C:\ProgramData
ProgramFiles=C:\Program Files
ProgramFiles(x86)=C:\Program Files (x86)
ProgramW6432=C:\Program Files
PROMPT=$P$G
PSModulePath=C:\Program Files\WindowsPowerShell\Modules;C:\WINDOWS\system32\WindowsPowerShell\v1.0\Modules
PUBLIC=C:\Users\Public
PYTHONPATH=;E:/Xilinx/Vitis/2024.2\cli;E:/Xilinx/Vitis/2024.2\cli\python-packages\win64;E:/Xilinx/Vitis/2024.2\cli\python-packages\site-packages;E:/Xilinx/Vitis/2024.2\cli\proto;E:/Xilinx/Vitis/2024.2\scripts\python_pkg;
python_path=;E:/Xilinx/Vitis/2024.2\cli;E:/Xilinx/Vitis/2024.2\cli\python-packages\win64;E:/Xilinx/Vitis/2024.2\cli\python-packages\site-packages;E:/Xilinx/Vitis/2024.2\cli\proto;E:/Xilinx/Vitis/2024.2\scripts\python_pkg;
RDI_APPROOT=E:/Xilinx/Vitis/2024.2
RDI_ARGS= -c --mode hls --config D:\Projetos_HLS\soma\hls_config.cfg --work_dir soma
RDI_ARGS_FUNCTION=RDI_EXEC_DEFAULT
RDI_BASEROOT=E:/Xilinx/Vitis
RDI_BINDIR=E:/Xilinx/Vitis/2024.2/bin
RDI_BINROOT=E:/Xilinx/Vitis/2024.2/bin
RDI_BUILD=yes
RDI_CHECK_PROG=True
RDI_DATADIR=E:/Xilinx/Vitis/2024.2/data
RDI_INSTALLROOT=E:/Xilinx
RDI_INSTALLVER=2024.2
RDI_INSTALLVERSION=2024.2
RDI_JAVACEFROOT=E:/Xilinx/Vitis/2024.2/tps/win64/java-cef-95.0.4638.69
RDI_JAVAFXROOT=E:/Xilinx/Vitis/2024.2/tps/win64/javafx-sdk-11.0.2
RDI_JAVAROOT=E:/Xilinx/Vitis/2024.2/tps/win64/jre11.0.16_1
RDI_JAVA_VERSION=11.0.16_1
RDI_LIBDIR=E:/Xilinx/Vitis/2024.2/lib/win64.o
RDI_MINGW_LIB=E:/Xilinx/Vitis/2024.2\tps\mingw\6.2.0\win64.o\nt\bin;E:/Xilinx/Vitis/2024.2\tps\mingw\6.2.0\win64.o\nt\libexec\gcc\x86_64-w64-mingw32\6.2.0
RDI_OPT_EXT=.o
RDI_OS_ARCH=64
RDI_PLATFORM=win64
RDI_PREPEND_PATH=E:/Xilinx/Vitis/2024.2/bin
RDI_PROG=E:/Xilinx/Vitis/2024.2/bin/unwrapped/win64.o/v++.exe
RDI_PROGNAME=v++.exe
RDI_SESSION_INFO=E:\Xilinx\Vitis\2024.2\bin:PC-MEGA-POWER-24-05-2025_13-20-07,85
RDI_SHARED_DATA=E:/Xilinx/SharedData/2024.2/data
RDI_TPS_ROOT=E:/Xilinx/Vivado/2024.2/tps/win64
RDI_USE_JDK11=1
RDI_VERBOSE=False
RT_LIBPATH=E:/Xilinx/Vitis/2024.2/scripts/rt/data
RT_TCL_PATH=E:/Xilinx/Vitis/2024.2/scripts/rt/base_tcl/tcl
SDKROOT=E:\Xilinx\Vitis\2024.2\tps\win64\lopper-1.1.0-packages\min_sdk\
SESSIONNAME=Console
session_string=D:\Projetos_HLS\soma:PC-MEGA-POWER-24-05-2025_13-35-07,04
supports_classic_ide=false
SWIG_LIB=E:\Xilinx\Vitis\2024.2\tps\win64\lopper-1.1.0-packages\min_sdk\\usr\lib\swig\4.2.1
SYNTH_COMMON=E:/Xilinx/Vitis/2024.2/scripts/rt/data
SystemDrive=C:
SystemRoot=C:\WINDOWS
TCL_LIBRARY=E:/Xilinx/Vitis/2024.2/tps/tcl/tcl8.6
TCMALLOC_LARGE_ALLOC_REPORT_THRESHOLD=4294967296
TEMP=C:\Users\Thalles\AppData\Local\Temp
THEIA_APP_PROJECT_PATH=E:\Xilinx\Vitis\2024.2\ide\electron-app\win64\resources\app
THEIA_DEFAULT_PLUGINS=local-dir:E:\Xilinx\Vitis\2024.2\ide\electron-app\win64\resources\app\plugins
THEIA_ELECTRON_TOKEN={"value":"99c3ea37-8301-4ac8-b431-8fc3511afc7b"}
THEIA_ELECTRON_VERSION=15.5.7
THEIA_PLUGINS=local-dir:C:\Users\Thalles\.theia\plugins
TMP=C:\Users\Thalles\AppData\Local\Temp
tooldir=tps\win64\git-2.41.0
TOOLS_CLANG=E:/Xilinx/Vitis/2024.2\win64\tools\clang
TPS_CMAKE=E:/Xilinx/Vivado/2024.2\tps\win64\cmake-3.24.2
TPS_GIT=E:/Xilinx/Vivado/2024.2\tps\win64\git-2.45.0
TPS_LIBXSLT=E:/Xilinx/Vitis/2024.2\tps\win64\libxslt
TPS_PYTHON=E:/Xilinx/Vivado/2024.2\tps\win64\python-3.8.3
USERDOMAIN=PC-MEGA-POWER
USERDOMAIN_ROAMINGPROFILE=PC-MEGA-POWER
USERNAME=Thalles
USERPROFILE=C:\Users\Thalles
VITISNEW=true
VITIS_HLS_INSTALL=true
VSCODE_API_VERSION=1.53.2
windir=C:\WINDOWS
XILINX_HLS=E:/Xilinx/Vitis/2024.2
XILINX_PLANAHEAD=E:/Xilinx/Vitis/2024.2
XILINX_SDK=E:/Xilinx/Vitis/2024.2
XILINX_VCXX=E:/Xilinx/Vitis/2024.2/vcxx
XILINX_VITIS=E:/Xilinx\Vitis\2024.2
XILINX_VITIS_GIT=E:/Xilinx/Vivado/2024.2\tps\win64\git-2.45.0\bin
XILINX_VITIS_HLS_ENCAPSULATED=1
XILINX_VITIS_VERSION=Vitis v2024.2 (64-bit)
XILINX_VIVADO=E:/Xilinx/Vivado/2024.2
XILINX_VIVADO_HLS=E:/Xilinx/Vivado/2024.2
XIL_CHECK_TCL_DEBUG=False
XIL_NO_OVERRIDE=0
XIL_SUPPRESS_OVERRIDE_WARNINGS=1
XVREDIST=E:/Xilinx/Vitis/2024.2\tps\win64\xvcredist.exe
_RDI_BINROOT=E:\Xilinx\Vitis\2024.2\bin
_RDI_CWD=D:\Projetos_HLS\soma
_RDI_DONT_SET_XILINX_AS_PATH=True
_RDI_VERSION_PROG=v++
_valid=False
XILINX_CD_CONNECT_ID=60226
XILINX_CD_SESSION=c958e97c-5418-4d44-bca9-a3669f1e02a8


V++ command line:
------------------------------------------
E:/Xilinx/Vitis/2024.2/bin/unwrapped/win64.o/v++.exe -c --mode hls --config D:\Projetos_HLS\soma\hls_config.cfg --work_dir soma 

FINAL PROGRAM OPTIONS
--compile
--config D:\Projetos_HLS\soma\hls_config.cfg
--hls.cosim.rtl vhdl
--hls.cosim.trace_level all
--hls.flow_target vivado
--hls.package.output.format ip_catalog
--hls.package.output.syn false
--hls.syn.file D:/Projetos_HLS/soma/soma.cpp
--hls.syn.top soma
--mode hls
--part xc7z007sclg400-1
--target hw
--work_dir soma

PARSED COMMAND LINE OPTIONS
-c 
--mode hls 
--config D:\Projetos_HLS\soma\hls_config.cfg 
--work_dir soma 

PARSED CONFIG FILE (1) OPTIONS
file: D:\Projetos_HLS\soma\hls_config.cfg
part xc7z007sclg400-1 
hls.flow_target vivado 
hls.package.output.format ip_catalog 
hls.package.output.syn false 
hls.syn.file D:/Projetos_HLS/soma/soma.cpp 
hls.syn.top soma 
hls.cosim.rtl vhdl 
hls.cosim.trace_level all 


==========================================
new:  steps log generated by v++ for new launch 
timestamp: 24 May 2025 13:35:10

------------------------------------------
V++ command line :
------------------------------------------
E:/Xilinx/Vitis/2024.2/bin/unwrapped/win64.o/v++.exe -c --mode hls --config D:\Projetos_HLS\soma\hls_config.cfg --work_dir soma 
  Options from -O    : 
  Options from *.ini : 
  Options from Hw Platform : 

==========================================
new:  steps log generated by v++ for new launch 
timestamp: 24 May 2025 13:50:35

------------------------------------------
VITIS-RUN command line :
------------------------------------------
E:/Xilinx/Vitis/2024.2/bin/unwrapped/win64.o/vitis-run.exe --mode hls --impl --config D:\Projetos_HLS\soma\hls_config.cfg --work_dir soma 
  Options from -O    : 
  Options from *.ini : 
  Options from Hw Platform : 

==========================================
new:  steps log generated by v++ for new launch 
timestamp: 24 May 2025 14:53:58
