05/24/25 13:35:08: Running xcd server. This server was built by gradle.
05/24/25 13:35:08: Server was asked to start on port: '60226'
05/24/25 13:35:08: Server is using token UUID: 'e321536d-1141-41b9-9c34-c381cf70c29d'
05/24/25 13:35:08: SESSION_MGR: creating session with session uuid: '6d04a3e9-ade5-4ab9-8d63-1f78fcd2ec76' and name 'default'
05/24/25 13:35:08: Attempting to start server on port '60226'
05/24/25 13:35:08: Running Dispatch Server
05/24/25 13:35:08: Version 2.2.0
05/24/25 13:35:10: Dispatch Server: Accepted socket connection from client
05/24/25 13:35:10: Starting Socket connection
05/24/25 13:35:10: EXCHANGE_TOKEN received, server token: e321536d-1141-41b9-9c34-c381cf70c29d, passed token: e321536d-1141-41b9-9c34-c381cf70c29d
05/24/25 13:35:10: DISPATCH_HANDLER: Adding handler from function makeHandler in library xv_system_diagram
05/24/25 13:35:10: SESSION_MGR: creating session with session uuid: 'c958e97c-5418-4d44-bca9-a3669f1e02a8' and name 'v++_compile_soma'
05/24/25 13:35:10: KERNEL_SVC: creating session with uuid: 'c958e97c-5418-4d44-bca9-a3669f1e02a8' and name 'v++_compile_soma'
05/24/25 13:35:10: GUIDANCE_SMGR: creating guidance session with uuid: 'c958e97c-5418-4d44-bca9-a3669f1e02a8' and name 'v++_compile_soma'
05/24/25 13:35:10: SYSTEM_DIAGRAM: creating session with uuid: 'c958e97c-5418-4d44-bca9-a3669f1e02a8' and name 'v++_compile_soma'
05/24/25 13:35:13: Dispatch Server: Accepted socket connection from client
05/24/25 13:35:13: Starting Socket connection
05/24/25 13:35:22: SESSION_MGR: closing session for UUID 'c958e97c-5418-4d44-bca9-a3669f1e02a8' with name 'v++_compile_soma'
05/24/25 13:35:22: KERNEL_SVC: closing session for UUID 'c958e97c-5418-4d44-bca9-a3669f1e02a8' with name 'v++_compile_soma'
05/24/25 13:35:22: GUIDANCE_SMGR: closing session for UUID 'c958e97c-5418-4d44-bca9-a3669f1e02a8' with name 'v++_compile_soma'
05/24/25 13:35:22: SYSTEM_DIAGRAM: closing session for UUID 'c958e97c-5418-4d44-bca9-a3669f1e02a8' with name 'v++_compile_soma'
05/24/25 13:35:22: STOP_SERVER received, server token: e321536d-1141-41b9-9c34-c381cf70c29d, passed token: e321536d-1141-41b9-9c34-c381cf70c29d
05/24/25 13:35:22: Socket received request to stop server.
05/24/25 13:35:22: Dispatch Server: do_await_stop
05/24/25 13:35:22: SERVER: destructor for server bound to port 60226
05/24/25 13:50:32: Running xcd server. This server was built by gradle.
05/24/25 13:50:32: Server was asked to start on port: '64953'
05/24/25 13:50:32: Server is using token UUID: 'a04396c0-7e68-417d-8bb8-b317caa8a540'
05/24/25 13:50:32: SESSION_MGR: creating session with session uuid: '6d04a3e9-ade5-4ab9-8d63-1f78fcd2ec76' and name 'default'
05/24/25 13:50:32: Attempting to start server on port '64953'
05/24/25 13:50:32: Running Dispatch Server
05/24/25 13:50:32: Version 2.2.0
05/24/25 13:50:34: Dispatch Server: Accepted socket connection from client
05/24/25 13:50:34: Starting Socket connection
05/24/25 13:50:34: EXCHANGE_TOKEN received, server token: a04396c0-7e68-417d-8bb8-b317caa8a540, passed token: a04396c0-7e68-417d-8bb8-b317caa8a540
05/24/25 13:50:35: DISPATCH_HANDLER: Adding handler from function makeHandler in library xv_system_diagram
05/24/25 13:50:35: SESSION_MGR: creating session with session uuid: '4582c1ba-3db4-4900-b51f-382743ee3ddc' and name 'v++_compile_soma'
05/24/25 13:50:35: KERNEL_SVC: creating session with uuid: '4582c1ba-3db4-4900-b51f-382743ee3ddc' and name 'v++_compile_soma'
05/24/25 13:50:35: GUIDANCE_SMGR: creating guidance session with uuid: '4582c1ba-3db4-4900-b51f-382743ee3ddc' and name 'v++_compile_soma'
05/24/25 13:50:35: SYSTEM_DIAGRAM: creating session with uuid: '4582c1ba-3db4-4900-b51f-382743ee3ddc' and name 'v++_compile_soma'
05/24/25 13:50:37: Dispatch Server: Accepted socket connection from client
05/24/25 13:50:37: Starting Socket connection
05/24/25 13:50:48: SESSION_MGR: closing session for UUID '4582c1ba-3db4-4900-b51f-382743ee3ddc' with name 'v++_compile_soma'
05/24/25 13:50:48: KERNEL_SVC: closing session for UUID '4582c1ba-3db4-4900-b51f-382743ee3ddc' with name 'v++_compile_soma'
05/24/25 13:50:48: GUIDANCE_SMGR: closing session for UUID '4582c1ba-3db4-4900-b51f-382743ee3ddc' with name 'v++_compile_soma'
05/24/25 13:50:48: SYSTEM_DIAGRAM: closing session for UUID '4582c1ba-3db4-4900-b51f-382743ee3ddc' with name 'v++_compile_soma'
05/24/25 13:50:48: STOP_SERVER received, server token: a04396c0-7e68-417d-8bb8-b317caa8a540, passed token: a04396c0-7e68-417d-8bb8-b317caa8a540
05/24/25 13:50:48: Socket received request to stop server.
05/24/25 13:50:48: Dispatch Server: do_await_stop
05/24/25 13:50:48: SERVER: destructor for server bound to port 64953
05/24/25 14:53:56: Running xcd server. This server was built by gradle.
05/24/25 14:53:56: Server was asked to start on port: '58222'
05/24/25 14:53:56: Server is using token UUID: '3c777c07-83e8-4472-a621-d7994d1e2c31'
05/24/25 14:53:56: SESSION_MGR: creating session with session uuid: '6d04a3e9-ade5-4ab9-8d63-1f78fcd2ec76' and name 'default'
05/24/25 14:53:56: Attempting to start server on port '58222'
05/24/25 14:53:56: Running Dispatch Server
05/24/25 14:53:56: Version 2.2.0
05/24/25 14:53:58: Dispatch Server: Accepted socket connection from client
05/24/25 14:53:58: Starting Socket connection
05/24/25 14:53:58: EXCHANGE_TOKEN received, server token: 3c777c07-83e8-4472-a621-d7994d1e2c31, passed token: 3c777c07-83e8-4472-a621-d7994d1e2c31
05/24/25 14:53:58: DISPATCH_HANDLER: Adding handler from function makeHandler in library xv_system_diagram
05/24/25 14:53:58: SESSION_MGR: creating session with session uuid: '96c8dfb0-4efc-4cdb-9570-3f0dcc2ca318' and name 'vitis-run_compile_soma'
05/24/25 14:53:58: KERNEL_SVC: creating session with uuid: '96c8dfb0-4efc-4cdb-9570-3f0dcc2ca318' and name 'vitis-run_compile_soma'
05/24/25 14:53:58: GUIDANCE_SMGR: creating guidance session with uuid: '96c8dfb0-4efc-4cdb-9570-3f0dcc2ca318' and name 'vitis-run_compile_soma'
05/24/25 14:53:58: SYSTEM_DIAGRAM: creating session with uuid: '96c8dfb0-4efc-4cdb-9570-3f0dcc2ca318' and name 'vitis-run_compile_soma'
05/24/25 14:54:00: Dispatch Server: Accepted socket connection from client
05/24/25 14:54:00: Starting Socket connection
05/24/25 14:54:21: Dispatch Server: Accepted socket connection from client
05/24/25 14:54:21: Starting Socket connection
05/24/25 14:54:51: Dispatch Server: Accepted socket connection from client
05/24/25 14:54:51: Starting Socket connection
05/24/25 14:55:43: Dispatch Server: Accepted socket connection from client
05/24/25 14:55:43: Starting Socket connection
05/24/25 14:56:20: SESSION_MGR: closing session for UUID '96c8dfb0-4efc-4cdb-9570-3f0dcc2ca318' with name 'vitis-run_compile_soma'
05/24/25 14:56:20: KERNEL_SVC: closing session for UUID '96c8dfb0-4efc-4cdb-9570-3f0dcc2ca318' with name 'vitis-run_compile_soma'
05/24/25 14:56:20: GUIDANCE_SMGR: closing session for UUID '96c8dfb0-4efc-4cdb-9570-3f0dcc2ca318' with name 'vitis-run_compile_soma'
05/24/25 14:56:20: SYSTEM_DIAGRAM: closing session for UUID '96c8dfb0-4efc-4cdb-9570-3f0dcc2ca318' with name 'vitis-run_compile_soma'
05/24/25 14:56:20: STOP_SERVER received, server token: 3c777c07-83e8-4472-a621-d7994d1e2c31, passed token: 3c777c07-83e8-4472-a621-d7994d1e2c31
05/24/25 14:56:20: Socket received request to stop server.
05/24/25 14:56:20: Dispatch Server: do_await_stop
05/24/25 14:56:20: SERVER: destructor for server bound to port 58222
