================================================================
== Vivado Place & Route Results
================================================================
+ General Information:
    * Date:            Sat May 24 14:56:20 -0300 2025
    * Version:         2024.2 (Build 5238294 on Nov  8 2024)
    * Project:         soma
    * Solution:        hls (Vivado IP Flow Target)
    * Product family:  zynq
    * Target device:   xc7z007s-clg400-1


================================================================
== Run Constraints & Options
================================================================
+ Design Constraints & Options:
    * Place & Route target clock:  10 ns
    * C-Synthesis uncertainty:     27%

+ RTL Synthesis Options:
    * config_export -vivado_synth_strategy:     default
    * config_export -vivado_synth_design_args:  -directive sdx_optimization_effort_high

+ Place & Route Options:
    * config_export -vivado_impl_strategy:  default
    * config_export -vivado_phys_opt:       auto

+ Reporting Options:
    * config_export -vivado_report_level:      2
    * config_export -vivado_max_timing_paths:  10


================================================================
== Place & Route Resource Summary
================================================================
LUT:              7
FF:               0
DSP:              0
BRAM:             0
URAM:             0
SRL:              0


================================================================
== Place & Route Timing Summary
================================================================
* Timing was not available
+----------------+-------------+
| Timing         | Period (ns) |
+----------------+-------------+
| Target         | 10.000      |
| Post-Synthesis | NA          |
| Post-Route     | NA          |
+----------------+-------------+


================================================================
== Place & Route Resources
================================================================
+------+-----+----+-----+------+------+-----+--------+------+---------+----------+--------+
| Name | LUT | FF | DSP | BRAM | URAM | SRL | Pragma | Impl | Latency | Variable | Source |
+------+-----+----+-----+------+------+-----+--------+------+---------+----------+--------+
| inst | 7   |    |     |      |      |     |        |      |         |          |        |
+------+-----+----+-----+------+------+-----+--------+------+---------+----------+--------+


================================================================
== Place & Route Fail Fast
================================================================
+-----------------------------------------------------------+-----------+--------+--------+
| Criteria                                                  | Guideline | Actual | Status |
+-----------------------------------------------------------+-----------+--------+--------+
| LUT                                                       | 70%       | 0.05%  | OK     |
| FD                                                        | 50%       | 0.00%  | OK     |
| LUTRAM+SRL                                                | 25%       | 0.00%  | OK     |
| MUXF7                                                     | 15%       | 0.00%  | OK     |
| DSP                                                       | 80%       | 0.00%  | OK     |
| RAMB/FIFO                                                 | 80%       | 0.00%  | OK     |
| DSP+RAMB+URAM (Avg)                                       | 70%       | 0.00%  | OK     |
| BUFGCE* + BUFGCTRL                                        | 24        | 0      | OK     |
| DONT_TOUCH (cells/nets)                                   | 0         | 0      | OK     |
| MARK_DEBUG (nets)                                         | 0         | 0      | OK     |
| Control Sets                                              | 270       | 0      | OK     |
| Average Fanout for modules > 100k cells                   | 4         | 0.06   | OK     |
| Max Average Fanout for modules > 100k cells               | 4         | 0      | OK     |
| Non-FD high fanout nets > 10k loads                       | 0         | 0      | OK     |
+-----------------------------------------------------------+-----------+--------+--------+
| TIMING-6 (No common primary clock between related clocks) | 0         | 0      | OK     |
| TIMING-7 (No common node between related clocks)          | 0         | 0      | OK     |
| TIMING-8 (No common period between related clocks)        | 0         | 0      | OK     |
| TIMING-14 (LUT on the clock tree)                         | 0         | 0      | OK     |
| TIMING-35 (No common node in paths with the same clock)   | 0         | 0      | OK     |
+-----------------------------------------------------------+-----------+--------+--------+
| Number of paths above max LUT budgeting (0.575ns)         | 0         | 0      | OK     |
| Number of paths above max Net budgeting (0.403ns)         | 0         | 0      | OK     |
+-----------------------------------------------------------+-----------+--------+--------+


================================================================
== Place & Route Timing Paths
================================================================
* Timing was not available
+-------+-------+----------------+--------------+--------------+------------+----------------+----------------+--------------+
| Path  | SLACK | STARTPOINT PIN | ENDPOINT PIN | LOGIC LEVELS | MAX FANOUT | DATAPATH DELAY | DATAPATH LOGIC | DATAPATH NET |
|       |       |                |              |              |            |                |          DELAY |        DELAY |
+-------+-------+----------------+--------------+--------------+------------+----------------+----------------+--------------+
| Path1 | 7.045 | A[1]           | C[5]         |            3 |          1 |          2.955 |          1.008 |        1.947 |
| Path2 | 7.066 | A[1]           | C[7]         |            3 |          1 |          2.934 |          0.987 |        1.947 |
| Path3 | 7.140 | A[1]           | C[6]         |            3 |          1 |          2.860 |          0.913 |        1.947 |
| Path4 | 7.157 | A[1]           | C[4]         |            3 |          1 |          2.843 |          0.896 |        1.947 |
| Path5 | 7.290 | A[1]           | C[3]         |            2 |          1 |          2.710 |          0.764 |        1.946 |
+-------+-------+----------------+--------------+--------------+------------+----------------+----------------+--------------+

    +-----------------+---------------------+
    | Path1 Cells     | Primitive Type      |
    +-----------------+---------------------+
    | C[0]_INST_0_i_3 | LUT.others.LUT2     |
    | C[0]_INST_0     | CARRY.others.CARRY4 |
    | C[4]_INST_0     | CARRY.others.CARRY4 |
    | C[0]_INST_0_i_3 | LUT.others.LUT2     |
    | C[0]_INST_0     | CARRY.others.CARRY4 |
    | C[4]_INST_0     | CARRY.others.CARRY4 |
    | C[0]_INST_0_i_3 | LUT.others.LUT2     |
    | C[0]_INST_0     | CARRY.others.CARRY4 |
    | C[4]_INST_0     | CARRY.others.CARRY4 |
    | C[0]_INST_0_i_3 | LUT.others.LUT2     |
    | C[0]_INST_0     | CARRY.others.CARRY4 |
    | C[4]_INST_0     | CARRY.others.CARRY4 |
    | C[0]_INST_0_i_3 | LUT.others.LUT2     |
    | C[0]_INST_0     | CARRY.others.CARRY4 |
    +-----------------+---------------------+

    +-----------------+---------------------+
    | Path2 Cells     | Primitive Type      |
    +-----------------+---------------------+
    | C[0]_INST_0_i_3 | LUT.others.LUT2     |
    | C[0]_INST_0     | CARRY.others.CARRY4 |
    | C[4]_INST_0     | CARRY.others.CARRY4 |
    | C[0]_INST_0_i_3 | LUT.others.LUT2     |
    | C[0]_INST_0     | CARRY.others.CARRY4 |
    | C[4]_INST_0     | CARRY.others.CARRY4 |
    | C[0]_INST_0_i_3 | LUT.others.LUT2     |
    | C[0]_INST_0     | CARRY.others.CARRY4 |
    | C[4]_INST_0     | CARRY.others.CARRY4 |
    | C[0]_INST_0_i_3 | LUT.others.LUT2     |
    | C[0]_INST_0     | CARRY.others.CARRY4 |
    | C[4]_INST_0     | CARRY.others.CARRY4 |
    | C[0]_INST_0_i_3 | LUT.others.LUT2     |
    | C[0]_INST_0     | CARRY.others.CARRY4 |
    +-----------------+---------------------+

    +-----------------+---------------------+
    | Path3 Cells     | Primitive Type      |
    +-----------------+---------------------+
    | C[0]_INST_0_i_3 | LUT.others.LUT2     |
    | C[0]_INST_0     | CARRY.others.CARRY4 |
    | C[4]_INST_0     | CARRY.others.CARRY4 |
    | C[0]_INST_0_i_3 | LUT.others.LUT2     |
    | C[0]_INST_0     | CARRY.others.CARRY4 |
    | C[4]_INST_0     | CARRY.others.CARRY4 |
    | C[0]_INST_0_i_3 | LUT.others.LUT2     |
    | C[0]_INST_0     | CARRY.others.CARRY4 |
    | C[4]_INST_0     | CARRY.others.CARRY4 |
    | C[0]_INST_0_i_3 | LUT.others.LUT2     |
    | C[0]_INST_0     | CARRY.others.CARRY4 |
    | C[4]_INST_0     | CARRY.others.CARRY4 |
    | C[0]_INST_0_i_3 | LUT.others.LUT2     |
    | C[0]_INST_0     | CARRY.others.CARRY4 |
    +-----------------+---------------------+

    +-----------------+---------------------+
    | Path4 Cells     | Primitive Type      |
    +-----------------+---------------------+
    | C[0]_INST_0_i_3 | LUT.others.LUT2     |
    | C[0]_INST_0     | CARRY.others.CARRY4 |
    | C[4]_INST_0     | CARRY.others.CARRY4 |
    | C[0]_INST_0_i_3 | LUT.others.LUT2     |
    | C[0]_INST_0     | CARRY.others.CARRY4 |
    | C[4]_INST_0     | CARRY.others.CARRY4 |
    | C[0]_INST_0_i_3 | LUT.others.LUT2     |
    | C[0]_INST_0     | CARRY.others.CARRY4 |
    | C[4]_INST_0     | CARRY.others.CARRY4 |
    | C[0]_INST_0_i_3 | LUT.others.LUT2     |
    | C[0]_INST_0     | CARRY.others.CARRY4 |
    | C[4]_INST_0     | CARRY.others.CARRY4 |
    | C[0]_INST_0_i_3 | LUT.others.LUT2     |
    | C[0]_INST_0     | CARRY.others.CARRY4 |
    +-----------------+---------------------+

    +-----------------+---------------------+
    | Path5 Cells     | Primitive Type      |
    +-----------------+---------------------+
    | C[0]_INST_0_i_3 | LUT.others.LUT2     |
    | C[0]_INST_0     | CARRY.others.CARRY4 |
    | C[4]_INST_0     | CARRY.others.CARRY4 |
    | C[0]_INST_0_i_3 | LUT.others.LUT2     |
    | C[0]_INST_0     | CARRY.others.CARRY4 |
    | C[4]_INST_0     | CARRY.others.CARRY4 |
    | C[0]_INST_0_i_3 | LUT.others.LUT2     |
    | C[0]_INST_0     | CARRY.others.CARRY4 |
    | C[4]_INST_0     | CARRY.others.CARRY4 |
    | C[0]_INST_0_i_3 | LUT.others.LUT2     |
    | C[0]_INST_0     | CARRY.others.CARRY4 |
    | C[4]_INST_0     | CARRY.others.CARRY4 |
    | C[0]_INST_0_i_3 | LUT.others.LUT2     |
    | C[0]_INST_0     | CARRY.others.CARRY4 |
    +-----------------+---------------------+


================================================================
== Place & Route Vivado Reports
================================================================
+--------------------------+--------------------------------------------------------------+
| Report Type              | Report Location                                              |
+--------------------------+--------------------------------------------------------------+
| design_analysis          | impl/verilog/report/soma_design_analysis_routed.rpt          |
| failfast                 | impl/verilog/report/soma_failfast_routed.rpt                 |
| power                    | impl/verilog/report/soma_power_routed.rpt                    |
| status                   | impl/verilog/report/soma_status_routed.rpt                   |
| timing                   | impl/verilog/report/soma_timing_routed.rpt                   |
| timing_paths             | impl/verilog/report/soma_timing_paths_routed.rpt             |
| utilization              | impl/verilog/report/soma_utilization_routed.rpt              |
| utilization_hierarchical | impl/verilog/report/soma_utilization_hierarchical_routed.rpt |
+--------------------------+--------------------------------------------------------------+


