================================================================
== Vivado RTL Synthesis Results
================================================================
+ General Information:
    * Date:            Wed May 28 12:37:05 -0300 2025
    * Version:         2024.2 (Build 5238294 on Nov  8 2024)
    * Project:         adder
    * Solution:        hls (Vivado IP Flow Target)
    * Product family:  zynq
    * Target device:   xc7z007s-clg400-1


================================================================
== Run Constraints & Options
================================================================
+ Design Constraints & Options:
    * RTL Synthesis target clock:  20 ns
    * C-Synthesis target clock:    20 ns
    * C-Synthesis uncertainty:     27%

+ RTL Synthesis Options:
    * config_export -vivado_synth_strategy:     default
    * config_export -vivado_synth_design_args:  -directive sdx_optimization_effort_high

+ Reporting Options:
    * config_export -vivado_report_level:      2
    * config_export -vivado_max_timing_paths:  10


================================================================
== RTL Synthesis Resource Summary
================================================================
LUT:              8
FF:               0
DSP:              0
BRAM:             0
URAM:             0
SRL:              0


================================================================
== RTL Synthesis Timing Summary
================================================================
* Timing was not available
+----------------+-------------+
| Timing         | Period (ns) |
+----------------+-------------+
| Target         | 20.000      |
| Post-Synthesis | NA          |
+----------------+-------------+


================================================================
== RTL Synthesis Resources
================================================================
+------+-----+----+-----+------+------+-----+--------+------+---------+----------+--------+
| Name | LUT | FF | DSP | BRAM | URAM | SRL | Pragma | Impl | Latency | Variable | Source |
+------+-----+----+-----+------+------+-----+--------+------+---------+----------+--------+
| inst | 8   |    |     |      |      |     |        |      |         |          |        |
+------+-----+----+-----+------+------+-----+--------+------+---------+----------+--------+


================================================================
== RTL Synthesis Fail Fast
================================================================
+-----------------------------------------------------------+-----------+--------+--------+
| Criteria                                                  | Guideline | Actual | Status |
+-----------------------------------------------------------+-----------+--------+--------+
| LUT                                                       | 70%       | 0.06%  | OK     |
| FD                                                        | 50%       | 0.00%  | OK     |
| LUTRAM+SRL                                                | 25%       | 0.00%  | OK     |
| MUXF7                                                     | 15%       | 0.00%  | OK     |
| DSP                                                       | 80%       | 0.00%  | OK     |
| RAMB/FIFO                                                 | 80%       | 0.00%  | OK     |
| DSP+RAMB+URAM (Avg)                                       | 70%       | 0.00%  | OK     |
| BUFGCE* + BUFGCTRL                                        | 24        | 0      | OK     |
| DONT_TOUCH (cells/nets)                                   | 0         | 0      | OK     |
| MARK_DEBUG (nets)                                         | 0         | 0      | OK     |
| Control Sets                                              | 270       | 0      | OK     |
| Average Fanout for modules > 100k cells                   | 4         | 0.06   | OK     |
| Max Average Fanout for modules > 100k cells               | 4         | 0      | OK     |
| Non-FD high fanout nets > 10k loads                       | 0         | 0      | OK     |
+-----------------------------------------------------------+-----------+--------+--------+
| TIMING-6 (No common primary clock between related clocks) | 0         | 0      | OK     |
| TIMING-7 (No common node between related clocks)          | 0         | 0      | OK     |
| TIMING-8 (No common period between related clocks)        | 0         | 0      | OK     |
| TIMING-14 (LUT on the clock tree)                         | 0         | 0      | OK     |
| TIMING-35 (No common node in paths with the same clock)   | 0         | 0      | OK     |
+-----------------------------------------------------------+-----------+--------+--------+
| Number of paths above max LUT budgeting (0.575ns)         | 0         | 0      | OK     |
| Number of paths above max Net budgeting (0.403ns)         | 0         | 0      | OK     |
+-----------------------------------------------------------+-----------+--------+--------+


================================================================
== RTL Synthesis Timing Paths
================================================================
* Timing was not available
+-------+--------+----------------+--------------+--------------+------------+----------------+----------------+--------------+
| Path  |  SLACK | STARTPOINT PIN | ENDPOINT PIN | LOGIC LEVELS | MAX FANOUT | DATAPATH DELAY | DATAPATH LOGIC | DATAPATH NET |
|       |        |                |              |              |            |                |          DELAY |        DELAY |
+-------+--------+----------------+--------------+--------------+------------+----------------+----------------+--------------+
| Path1 | 17.060 | a[1]           | c[5]         |            3 |          1 |          2.940 |          0.994 |        1.946 |
| Path2 | 17.066 | a[1]           | c[7]         |            3 |          1 |          2.934 |          0.988 |        1.946 |
| Path3 | 17.141 | a[1]           | c[6]         |            3 |          1 |          2.859 |          0.913 |        1.946 |
| Path4 | 17.165 | a[1]           | c[4]         |            3 |          1 |          2.835 |          0.889 |        1.946 |
| Path5 | 17.287 | a[1]           | c[3]         |            2 |          1 |          2.713 |          0.767 |        1.946 |
+-------+--------+----------------+--------------+--------------+------------+----------------+----------------+--------------+

    +-----------------+---------------------+
    | Path1 Cells     | Primitive Type      |
    +-----------------+---------------------+
    | c[0]_INST_0_i_3 | LUT.others.LUT2     |
    | c[0]_INST_0     | CARRY.others.CARRY4 |
    | c[4]_INST_0     | CARRY.others.CARRY4 |
    | c[0]_INST_0_i_3 | LUT.others.LUT2     |
    | c[0]_INST_0     | CARRY.others.CARRY4 |
    | c[4]_INST_0     | CARRY.others.CARRY4 |
    | c[0]_INST_0_i_3 | LUT.others.LUT2     |
    | c[0]_INST_0     | CARRY.others.CARRY4 |
    | c[4]_INST_0     | CARRY.others.CARRY4 |
    | c[0]_INST_0_i_3 | LUT.others.LUT2     |
    | c[0]_INST_0     | CARRY.others.CARRY4 |
    | c[4]_INST_0     | CARRY.others.CARRY4 |
    | c[0]_INST_0_i_3 | LUT.others.LUT2     |
    | c[0]_INST_0     | CARRY.others.CARRY4 |
    +-----------------+---------------------+

    +-----------------+---------------------+
    | Path2 Cells     | Primitive Type      |
    +-----------------+---------------------+
    | c[0]_INST_0_i_3 | LUT.others.LUT2     |
    | c[0]_INST_0     | CARRY.others.CARRY4 |
    | c[4]_INST_0     | CARRY.others.CARRY4 |
    | c[0]_INST_0_i_3 | LUT.others.LUT2     |
    | c[0]_INST_0     | CARRY.others.CARRY4 |
    | c[4]_INST_0     | CARRY.others.CARRY4 |
    | c[0]_INST_0_i_3 | LUT.others.LUT2     |
    | c[0]_INST_0     | CARRY.others.CARRY4 |
    | c[4]_INST_0     | CARRY.others.CARRY4 |
    | c[0]_INST_0_i_3 | LUT.others.LUT2     |
    | c[0]_INST_0     | CARRY.others.CARRY4 |
    | c[4]_INST_0     | CARRY.others.CARRY4 |
    | c[0]_INST_0_i_3 | LUT.others.LUT2     |
    | c[0]_INST_0     | CARRY.others.CARRY4 |
    +-----------------+---------------------+

    +-----------------+---------------------+
    | Path3 Cells     | Primitive Type      |
    +-----------------+---------------------+
    | c[0]_INST_0_i_3 | LUT.others.LUT2     |
    | c[0]_INST_0     | CARRY.others.CARRY4 |
    | c[4]_INST_0     | CARRY.others.CARRY4 |
    | c[0]_INST_0_i_3 | LUT.others.LUT2     |
    | c[0]_INST_0     | CARRY.others.CARRY4 |
    | c[4]_INST_0     | CARRY.others.CARRY4 |
    | c[0]_INST_0_i_3 | LUT.others.LUT2     |
    | c[0]_INST_0     | CARRY.others.CARRY4 |
    | c[4]_INST_0     | CARRY.others.CARRY4 |
    | c[0]_INST_0_i_3 | LUT.others.LUT2     |
    | c[0]_INST_0     | CARRY.others.CARRY4 |
    | c[4]_INST_0     | CARRY.others.CARRY4 |
    | c[0]_INST_0_i_3 | LUT.others.LUT2     |
    | c[0]_INST_0     | CARRY.others.CARRY4 |
    +-----------------+---------------------+

    +-----------------+---------------------+
    | Path4 Cells     | Primitive Type      |
    +-----------------+---------------------+
    | c[0]_INST_0_i_3 | LUT.others.LUT2     |
    | c[0]_INST_0     | CARRY.others.CARRY4 |
    | c[4]_INST_0     | CARRY.others.CARRY4 |
    | c[0]_INST_0_i_3 | LUT.others.LUT2     |
    | c[0]_INST_0     | CARRY.others.CARRY4 |
    | c[4]_INST_0     | CARRY.others.CARRY4 |
    | c[0]_INST_0_i_3 | LUT.others.LUT2     |
    | c[0]_INST_0     | CARRY.others.CARRY4 |
    | c[4]_INST_0     | CARRY.others.CARRY4 |
    | c[0]_INST_0_i_3 | LUT.others.LUT2     |
    | c[0]_INST_0     | CARRY.others.CARRY4 |
    | c[4]_INST_0     | CARRY.others.CARRY4 |
    | c[0]_INST_0_i_3 | LUT.others.LUT2     |
    | c[0]_INST_0     | CARRY.others.CARRY4 |
    +-----------------+---------------------+

    +-----------------+---------------------+
    | Path5 Cells     | Primitive Type      |
    +-----------------+---------------------+
    | c[0]_INST_0_i_3 | LUT.others.LUT2     |
    | c[0]_INST_0     | CARRY.others.CARRY4 |
    | c[4]_INST_0     | CARRY.others.CARRY4 |
    | c[0]_INST_0_i_3 | LUT.others.LUT2     |
    | c[0]_INST_0     | CARRY.others.CARRY4 |
    | c[4]_INST_0     | CARRY.others.CARRY4 |
    | c[0]_INST_0_i_3 | LUT.others.LUT2     |
    | c[0]_INST_0     | CARRY.others.CARRY4 |
    | c[4]_INST_0     | CARRY.others.CARRY4 |
    | c[0]_INST_0_i_3 | LUT.others.LUT2     |
    | c[0]_INST_0     | CARRY.others.CARRY4 |
    | c[4]_INST_0     | CARRY.others.CARRY4 |
    | c[0]_INST_0_i_3 | LUT.others.LUT2     |
    | c[0]_INST_0     | CARRY.others.CARRY4 |
    +-----------------+---------------------+


================================================================
== RTL Synthesis Vivado Reports
================================================================
+--------------------------+--------------------------------------------------------------+
| Report Type              | Report Location                                              |
+--------------------------+--------------------------------------------------------------+
| design_analysis          | impl/verilog/report/adder_design_analysis_synth.rpt          |
| failfast                 | impl/verilog/report/adder_failfast_synth.rpt                 |
| power                    | impl/verilog/report/adder_power_synth.rpt                    |
| timing                   | impl/verilog/report/adder_timing_synth.rpt                   |
| timing_paths             | impl/verilog/report/adder_timing_paths_synth.rpt             |
| utilization              | impl/verilog/report/adder_utilization_synth.rpt              |
| utilization_hierarchical | impl/verilog/report/adder_utilization_hierarchical_synth.rpt |
+--------------------------+--------------------------------------------------------------+


